ARM GAS  C:\Users\mrgas\AppData\Local\Temp\cczwkx5c.s 			page 1


   1              		.syntax unified
   2              		.cpu cortex-m3
   3              		.fpu softvfp
   4              		.eabi_attribute 20, 1
   5              		.eabi_attribute 21, 1
   6              		.eabi_attribute 23, 3
   7              		.eabi_attribute 24, 1
   8              		.eabi_attribute 25, 1
   9              		.eabi_attribute 26, 1
  10              		.eabi_attribute 30, 1
  11              		.eabi_attribute 34, 1
  12              		.eabi_attribute 18, 4
  13              		.thumb
  14              		.syntax unified
  15              		.file	"cymetadata.c"
  16              		.text
  17              	.Ltext0:
  18              		.cfi_sections	.debug_frame
  19              		.global	cy_metadata
  20              		.global	cy_meta_flashprotect
  21              		.global	cy_meta_wonvl
  22              		.global	cy_meta_custnvl
  23              		.global	cy_meta_configecc
  24              		.section	.cyconfigecc,"a",%progbits
  25              		.align	2
  26              		.type	cy_meta_configecc, %object
  27              		.size	cy_meta_configecc, 920
  28              	cy_meta_configecc:
  29 0000 03       		.byte	3
  30 0001 65       		.byte	101
  31 0002 00       		.byte	0
  32 0003 40       		.byte	64
  33 0004 04       		.byte	4
  34 0005 15       		.byte	21
  35 0006 01       		.byte	1
  36 0007 40       		.byte	64
  37 0008 02       		.byte	2
  38 0009 17       		.byte	23
  39 000a 01       		.byte	1
  40 000b 40       		.byte	64
  41 000c 14       		.byte	20
  42 000d 18       		.byte	24
  43 000e 01       		.byte	1
  44 000f 40       		.byte	64
  45 0010 41       		.byte	65
  46 0011 19       		.byte	25
  47 0012 01       		.byte	1
  48 0013 40       		.byte	64
  49 0014 70       		.byte	112
  50 0015 1A       		.byte	26
  51 0016 01       		.byte	1
  52 0017 40       		.byte	64
  53 0018 57       		.byte	87
  54 0019 1B       		.byte	27
  55 001a 01       		.byte	1
  56 001b 40       		.byte	64
  57 001c 02       		.byte	2
ARM GAS  C:\Users\mrgas\AppData\Local\Temp\cczwkx5c.s 			page 2


  58 001d 40       		.byte	64
  59 001e 01       		.byte	1
  60 001f 40       		.byte	64
  61 0020 01       		.byte	1
  62 0021 41       		.byte	65
  63 0022 01       		.byte	1
  64 0023 40       		.byte	64
  65 0024 03       		.byte	3
  66 0025 42       		.byte	66
  67 0026 01       		.byte	1
  68 0027 40       		.byte	64
  69 0028 01       		.byte	1
  70 0029 43       		.byte	67
  71 002a 01       		.byte	1
  72 002b 40       		.byte	64
  73 002c 04       		.byte	4
  74 002d 48       		.byte	72
  75 002e 01       		.byte	1
  76 002f 40       		.byte	64
  77 0030 10       		.byte	16
  78 0031 49       		.byte	73
  79 0032 01       		.byte	1
  80 0033 40       		.byte	64
  81 0034 09       		.byte	9
  82 0035 4C       		.byte	76
  83 0036 01       		.byte	1
  84 0037 40       		.byte	64
  85 0038 0E       		.byte	14
  86 0039 4D       		.byte	77
  87 003a 01       		.byte	1
  88 003b 40       		.byte	64
  89 003c 02       		.byte	2
  90 003d 50       		.byte	80
  91 003e 01       		.byte	1
  92 003f 40       		.byte	64
  93 0040 02       		.byte	2
  94 0041 51       		.byte	81
  95 0042 01       		.byte	1
  96 0043 40       		.byte	64
  97 0044 88       		.byte	-120
  98 0045 72       		.byte	114
  99 0046 89       		.byte	-119
 100 0047 38       		.byte	56
 101 0048 8B       		.byte	-117
 102 0049 0F       		.byte	15
 103 004a E0       		.byte	-32
 104 004b 08       		.byte	8
 105 004c E4       		.byte	-28
 106 004d 01       		.byte	1
 107 004e EA       		.byte	-22
 108 004f 01       		.byte	1
 109 0050 EE       		.byte	-18
 110 0051 10       		.byte	16
 111 0052 E2       		.byte	-30
 112 0053 04       		.byte	4
 113 0054 E6       		.byte	-26
 114 0055 01       		.byte	1
ARM GAS  C:\Users\mrgas\AppData\Local\Temp\cczwkx5c.s 			page 3


 115 0056 84       		.byte	-124
 116 0057 08       		.byte	8
 117 0058 94       		.byte	-108
 118 0059 04       		.byte	4
 119 005a 9A       		.byte	-102
 120 005b 02       		.byte	2
 121 005c 9C       		.byte	-100
 122 005d 01       		.byte	1
 123 005e A2       		.byte	-94
 124 005f 02       		.byte	2
 125 0060 A3       		.byte	-93
 126 0061 01       		.byte	1
 127 0062 A4       		.byte	-92
 128 0063 01       		.byte	1
 129 0064 A8       		.byte	-88
 130 0065 01       		.byte	1
 131 0066 B0       		.byte	-80
 132 0067 02       		.byte	2
 133 0068 B1       		.byte	-79
 134 0069 01       		.byte	1
 135 006a B2       		.byte	-78
 136 006b 04       		.byte	4
 137 006c B4       		.byte	-76
 138 006d 01       		.byte	1
 139 006e B6       		.byte	-74
 140 006f 08       		.byte	8
 141 0070 BE       		.byte	-66
 142 0071 45       		.byte	69
 143 0072 D4       		.byte	-44
 144 0073 18       		.byte	24
 145 0074 D6       		.byte	-42
 146 0075 04       		.byte	4
 147 0076 D8       		.byte	-40
 148 0077 04       		.byte	4
 149 0078 D9       		.byte	-39
 150 0079 04       		.byte	4
 151 007a DB       		.byte	-37
 152 007b 04       		.byte	4
 153 007c DF       		.byte	-33
 154 007d 01       		.byte	1
 155 007e 03       		.byte	3
 156 007f 20       		.byte	32
 157 0080 04       		.byte	4
 158 0081 10       		.byte	16
 159 0082 05       		.byte	5
 160 0083 41       		.byte	65
 161 0084 07       		.byte	7
 162 0085 10       		.byte	16
 163 0086 09       		.byte	9
 164 0087 54       		.byte	84
 165 0088 0C       		.byte	12
 166 0089 10       		.byte	16
 167 008a 0E       		.byte	14
 168 008b 0A       		.byte	10
 169 008c 0F       		.byte	15
 170 008d 20       		.byte	32
 171 008e 10       		.byte	16
ARM GAS  C:\Users\mrgas\AppData\Local\Temp\cczwkx5c.s 			page 4


 172 008f A0       		.byte	-96
 173 0090 11       		.byte	17
 174 0091 10       		.byte	16
 175 0092 14       		.byte	20
 176 0093 40       		.byte	64
 177 0094 16       		.byte	22
 178 0095 01       		.byte	1
 179 0096 17       		.byte	23
 180 0097 28       		.byte	40
 181 0098 19       		.byte	25
 182 0099 08       		.byte	8
 183 009a 1A       		.byte	26
 184 009b 01       		.byte	1
 185 009c 1B       		.byte	27
 186 009d 11       		.byte	17
 187 009e 1D       		.byte	29
 188 009f 01       		.byte	1
 189 00a0 1E       		.byte	30
 190 00a1 2A       		.byte	42
 191 00a2 1F       		.byte	31
 192 00a3 02       		.byte	2
 193 00a4 23       		.byte	35
 194 00a5 40       		.byte	64
 195 00a6 25       		.byte	37
 196 00a7 10       		.byte	16
 197 00a8 26       		.byte	38
 198 00a9 08       		.byte	8
 199 00aa 27       		.byte	39
 200 00ab 12       		.byte	18
 201 00ac 2B       		.byte	43
 202 00ad 80       		.byte	-128
 203 00ae 2C       		.byte	44
 204 00af 10       		.byte	16
 205 00b0 2D       		.byte	45
 206 00b1 40       		.byte	64
 207 00b2 2F       		.byte	47
 208 00b3 84       		.byte	-124
 209 00b4 34       		.byte	52
 210 00b5 40       		.byte	64
 211 00b6 35       		.byte	53
 212 00b7 01       		.byte	1
 213 00b8 36       		.byte	54
 214 00b9 88       		.byte	-120
 215 00ba 37       		.byte	55
 216 00bb 20       		.byte	32
 217 00bc 3E       		.byte	62
 218 00bd 0A       		.byte	10
 219 00be 3F       		.byte	63
 220 00bf 60       		.byte	96
 221 00c0 44       		.byte	68
 222 00c1 10       		.byte	16
 223 00c2 45       		.byte	69
 224 00c3 10       		.byte	16
 225 00c4 47       		.byte	71
 226 00c5 40       		.byte	64
 227 00c6 4A       		.byte	74
 228 00c7 03       		.byte	3
ARM GAS  C:\Users\mrgas\AppData\Local\Temp\cczwkx5c.s 			page 5


 229 00c8 4C       		.byte	76
 230 00c9 80       		.byte	-128
 231 00ca 4D       		.byte	77
 232 00cb 40       		.byte	64
 233 00cc 4E       		.byte	78
 234 00cd 02       		.byte	2
 235 00ce 4F       		.byte	79
 236 00cf 20       		.byte	32
 237 00d0 57       		.byte	87
 238 00d1 40       		.byte	64
 239 00d2 5B       		.byte	91
 240 00d3 02       		.byte	2
 241 00d4 5E       		.byte	94
 242 00d5 20       		.byte	32
 243 00d6 60       		.byte	96
 244 00d7 84       		.byte	-124
 245 00d8 63       		.byte	99
 246 00d9 02       		.byte	2
 247 00da 6C       		.byte	108
 248 00db 20       		.byte	32
 249 00dc 6D       		.byte	109
 250 00dd 90       		.byte	-112
 251 00de 6E       		.byte	110
 252 00df 04       		.byte	4
 253 00e0 76       		.byte	118
 254 00e1 0B       		.byte	11
 255 00e2 77       		.byte	119
 256 00e3 28       		.byte	40
 257 00e4 80       		.byte	-128
 258 00e5 80       		.byte	-128
 259 00e6 86       		.byte	-122
 260 00e7 01       		.byte	1
 261 00e8 C0       		.byte	-64
 262 00e9 F4       		.byte	-12
 263 00ea C2       		.byte	-62
 264 00eb E7       		.byte	-25
 265 00ec C4       		.byte	-60
 266 00ed FE       		.byte	-2
 267 00ee CA       		.byte	-54
 268 00ef F1       		.byte	-15
 269 00f0 CC       		.byte	-52
 270 00f1 F0       		.byte	-16
 271 00f2 CE       		.byte	-50
 272 00f3 F0       		.byte	-16
 273 00f4 D0       		.byte	-48
 274 00f5 70       		.byte	112
 275 00f6 D2       		.byte	-46
 276 00f7 30       		.byte	48
 277 00f8 D6       		.byte	-42
 278 00f9 21       		.byte	33
 279 00fa D8       		.byte	-40
 280 00fb 0D       		.byte	13
 281 00fc E0       		.byte	-32
 282 00fd 08       		.byte	8
 283 00fe E2       		.byte	-30
 284 00ff 04       		.byte	4
 285 0100 00       		.byte	0
ARM GAS  C:\Users\mrgas\AppData\Local\Temp\cczwkx5c.s 			page 6


 286 0101 0C       		.byte	12
 287 0102 02       		.byte	2
 288 0103 71       		.byte	113
 289 0104 04       		.byte	4
 290 0105 10       		.byte	16
 291 0106 05       		.byte	5
 292 0107 80       		.byte	-128
 293 0108 06       		.byte	6
 294 0109 AC       		.byte	-84
 295 010a 07       		.byte	7
 296 010b 13       		.byte	19
 297 010c 0F       		.byte	15
 298 010d 0C       		.byte	12
 299 010e 10       		.byte	16
 300 010f 09       		.byte	9
 301 0110 12       		.byte	18
 302 0111 D0       		.byte	-48
 303 0112 14       		.byte	20
 304 0113 14       		.byte	20
 305 0114 15       		.byte	21
 306 0115 2C       		.byte	44
 307 0116 17       		.byte	23
 308 0117 43       		.byte	67
 309 0118 19       		.byte	25
 310 0119 71       		.byte	113
 311 011a 1A       		.byte	26
 312 011b 03       		.byte	3
 313 011c 1B       		.byte	27
 314 011d 06       		.byte	6
 315 011e 1F       		.byte	31
 316 011f 08       		.byte	8
 317 0120 20       		.byte	32
 318 0121 10       		.byte	16
 319 0122 21       		.byte	33
 320 0123 71       		.byte	113
 321 0124 22       		.byte	34
 322 0125 40       		.byte	64
 323 0126 23       		.byte	35
 324 0127 0E       		.byte	14
 325 0128 26       		.byte	38
 326 0129 20       		.byte	32
 327 012a 28       		.byte	40
 328 012b DC       		.byte	-36
 329 012c 2A       		.byte	42
 330 012d 22       		.byte	34
 331 012e 30       		.byte	48
 332 012f E0       		.byte	-32
 333 0130 31       		.byte	49
 334 0131 C0       		.byte	-64
 335 0132 33       		.byte	51
 336 0133 0F       		.byte	15
 337 0134 34       		.byte	52
 338 0135 1F       		.byte	31
 339 0136 35       		.byte	53
 340 0137 30       		.byte	48
 341 0138 39       		.byte	57
 342 0139 22       		.byte	34
ARM GAS  C:\Users\mrgas\AppData\Local\Temp\cczwkx5c.s 			page 7


 343 013a 3A       		.byte	58
 344 013b 02       		.byte	2
 345 013c 3B       		.byte	59
 346 013d 08       		.byte	8
 347 013e 3F       		.byte	63
 348 013f 10       		.byte	16
 349 0140 40       		.byte	64
 350 0141 02       		.byte	2
 351 0142 45       		.byte	69
 352 0143 40       		.byte	64
 353 0144 49       		.byte	73
 354 0145 FF       		.byte	-1
 355 0146 4A       		.byte	74
 356 0147 07       		.byte	7
 357 0148 4B       		.byte	75
 358 0149 FF       		.byte	-1
 359 014a 4C       		.byte	76
 360 014b 40       		.byte	64
 361 014c 4D       		.byte	77
 362 014d 20       		.byte	32
 363 014e 4E       		.byte	78
 364 014f F0       		.byte	-16
 365 0150 4F       		.byte	79
 366 0151 05       		.byte	5
 367 0152 50       		.byte	80
 368 0153 08       		.byte	8
 369 0154 58       		.byte	88
 370 0155 04       		.byte	4
 371 0156 59       		.byte	89
 372 0157 04       		.byte	4
 373 0158 5A       		.byte	90
 374 0159 04       		.byte	4
 375 015a 5F       		.byte	95
 376 015b 01       		.byte	1
 377 015c 60       		.byte	96
 378 015d 40       		.byte	64
 379 015e 61       		.byte	97
 380 015f A8       		.byte	-88
 381 0160 62       		.byte	98
 382 0161 40       		.byte	64
 383 0162 63       		.byte	99
 384 0163 20       		.byte	32
 385 0164 80       		.byte	-128
 386 0165 13       		.byte	19
 387 0166 81       		.byte	-127
 388 0167 08       		.byte	8
 389 0168 82       		.byte	-126
 390 0169 04       		.byte	4
 391 016a 83       		.byte	-125
 392 016b 14       		.byte	20
 393 016c 84       		.byte	-124
 394 016d 0A       		.byte	10
 395 016e 85       		.byte	-123
 396 016f 18       		.byte	24
 397 0170 86       		.byte	-122
 398 0171 14       		.byte	20
 399 0172 88       		.byte	-120
ARM GAS  C:\Users\mrgas\AppData\Local\Temp\cczwkx5c.s 			page 8


 400 0173 20       		.byte	32
 401 0174 89       		.byte	-119
 402 0175 18       		.byte	24
 403 0176 8A       		.byte	-118
 404 0177 C0       		.byte	-64
 405 0178 8C       		.byte	-116
 406 0179 80       		.byte	-128
 407 017a 8E       		.byte	-114
 408 017b 20       		.byte	32
 409 017c 8F       		.byte	-113
 410 017d 20       		.byte	32
 411 017e 91       		.byte	-111
 412 017f 01       		.byte	1
 413 0180 92       		.byte	-110
 414 0181 08       		.byte	8
 415 0182 94       		.byte	-108
 416 0183 13       		.byte	19
 417 0184 96       		.byte	-106
 418 0185 0C       		.byte	12
 419 0186 97       		.byte	-105
 420 0187 20       		.byte	32
 421 0188 98       		.byte	-104
 422 0189 E0       		.byte	-32
 423 018a 9B       		.byte	-101
 424 018b 01       		.byte	1
 425 018c 9C       		.byte	-100
 426 018d 03       		.byte	3
 427 018e 9D       		.byte	-99
 428 018f 10       		.byte	16
 429 0190 9E       		.byte	-98
 430 0191 14       		.byte	20
 431 0192 9F       		.byte	-97
 432 0193 0C       		.byte	12
 433 0194 A5       		.byte	-91
 434 0195 01       		.byte	1
 435 0196 A6       		.byte	-90
 436 0197 15       		.byte	21
 437 0198 A8       		.byte	-88
 438 0199 E0       		.byte	-32
 439 019a AB       		.byte	-85
 440 019b 02       		.byte	2
 441 019c AC       		.byte	-84
 442 019d 40       		.byte	64
 443 019e AE       		.byte	-82
 444 019f 20       		.byte	32
 445 01a0 AF       		.byte	-81
 446 01a1 01       		.byte	1
 447 01a2 B0       		.byte	-80
 448 01a3 10       		.byte	16
 449 01a4 B1       		.byte	-79
 450 01a5 06       		.byte	6
 451 01a6 B2       		.byte	-78
 452 01a7 E0       		.byte	-32
 453 01a8 B3       		.byte	-77
 454 01a9 01       		.byte	1
 455 01aa B4       		.byte	-76
 456 01ab 0F       		.byte	15
ARM GAS  C:\Users\mrgas\AppData\Local\Temp\cczwkx5c.s 			page 9


 457 01ac B5       		.byte	-75
 458 01ad 20       		.byte	32
 459 01ae B7       		.byte	-73
 460 01af 18       		.byte	24
 461 01b0 B9       		.byte	-71
 462 01b1 08       		.byte	8
 463 01b2 BA       		.byte	-70
 464 01b3 20       		.byte	32
 465 01b4 BE       		.byte	-66
 466 01b5 01       		.byte	1
 467 01b6 BF       		.byte	-65
 468 01b7 11       		.byte	17
 469 01b8 C0       		.byte	-64
 470 01b9 26       		.byte	38
 471 01ba C1       		.byte	-63
 472 01bb 04       		.byte	4
 473 01bc C5       		.byte	-59
 474 01bd 0B       		.byte	11
 475 01be C7       		.byte	-57
 476 01bf CE       		.byte	-50
 477 01c0 C8       		.byte	-56
 478 01c1 31       		.byte	49
 479 01c2 C9       		.byte	-55
 480 01c3 FF       		.byte	-1
 481 01c4 CA       		.byte	-54
 482 01c5 FF       		.byte	-1
 483 01c6 CB       		.byte	-53
 484 01c7 FF       		.byte	-1
 485 01c8 CE       		.byte	-50
 486 01c9 F0       		.byte	-16
 487 01ca CF       		.byte	-49
 488 01cb 44       		.byte	68
 489 01cc D0       		.byte	-48
 490 01cd 0C       		.byte	12
 491 01ce D4       		.byte	-44
 492 01cf 01       		.byte	1
 493 01d0 D8       		.byte	-40
 494 01d1 04       		.byte	4
 495 01d2 D9       		.byte	-39
 496 01d3 04       		.byte	4
 497 01d4 DA       		.byte	-38
 498 01d5 04       		.byte	4
 499 01d6 DB       		.byte	-37
 500 01d7 04       		.byte	4
 501 01d8 DF       		.byte	-33
 502 01d9 01       		.byte	1
 503 01da E6       		.byte	-26
 504 01db C0       		.byte	-64
 505 01dc EA       		.byte	-22
 506 01dd 40       		.byte	64
 507 01de EB       		.byte	-21
 508 01df 02       		.byte	2
 509 01e0 00       		.byte	0
 510 01e1 08       		.byte	8
 511 01e2 01       		.byte	1
 512 01e3 02       		.byte	2
 513 01e4 04       		.byte	4
ARM GAS  C:\Users\mrgas\AppData\Local\Temp\cczwkx5c.s 			page 10


 514 01e5 10       		.byte	16
 515 01e6 05       		.byte	5
 516 01e7 02       		.byte	2
 517 01e8 07       		.byte	7
 518 01e9 21       		.byte	33
 519 01ea 0A       		.byte	10
 520 01eb 28       		.byte	40
 521 01ec 0B       		.byte	11
 522 01ed 40       		.byte	64
 523 01ee 0C       		.byte	12
 524 01ef 04       		.byte	4
 525 01f0 0E       		.byte	14
 526 01f1 04       		.byte	4
 527 01f2 0F       		.byte	15
 528 01f3 42       		.byte	66
 529 01f4 10       		.byte	16
 530 01f5 80       		.byte	-128
 531 01f6 11       		.byte	17
 532 01f7 04       		.byte	4
 533 01f8 13       		.byte	19
 534 01f9 20       		.byte	32
 535 01fa 15       		.byte	21
 536 01fb 14       		.byte	20
 537 01fc 16       		.byte	22
 538 01fd 02       		.byte	2
 539 01fe 19       		.byte	25
 540 01ff 02       		.byte	2
 541 0200 1A       		.byte	26
 542 0201 08       		.byte	8
 543 0202 1B       		.byte	27
 544 0203 20       		.byte	32
 545 0204 1C       		.byte	28
 546 0205 18       		.byte	24
 547 0206 1D       		.byte	29
 548 0207 30       		.byte	48
 549 0208 1E       		.byte	30
 550 0209 40       		.byte	64
 551 020a 1F       		.byte	31
 552 020b 04       		.byte	4
 553 020c 21       		.byte	33
 554 020d 18       		.byte	24
 555 020e 23       		.byte	35
 556 020f 60       		.byte	96
 557 0210 24       		.byte	36
 558 0211 04       		.byte	4
 559 0212 26       		.byte	38
 560 0213 84       		.byte	-124
 561 0214 27       		.byte	39
 562 0215 41       		.byte	65
 563 0216 28       		.byte	40
 564 0217 80       		.byte	-128
 565 0218 29       		.byte	41
 566 0219 02       		.byte	2
 567 021a 2C       		.byte	44
 568 021b 10       		.byte	16
 569 021c 2F       		.byte	47
 570 021d 06       		.byte	6
ARM GAS  C:\Users\mrgas\AppData\Local\Temp\cczwkx5c.s 			page 11


 571 021e 30       		.byte	48
 572 021f 80       		.byte	-128
 573 0220 31       		.byte	49
 574 0221 18       		.byte	24
 575 0222 36       		.byte	54
 576 0223 85       		.byte	-123
 577 0224 37       		.byte	55
 578 0225 10       		.byte	16
 579 0226 38       		.byte	56
 580 0227 08       		.byte	8
 581 0228 39       		.byte	57
 582 0229 04       		.byte	4
 583 022a 3B       		.byte	59
 584 022b 40       		.byte	64
 585 022c 3D       		.byte	61
 586 022d 10       		.byte	16
 587 022e 3E       		.byte	62
 588 022f 06       		.byte	6
 589 0230 3F       		.byte	63
 590 0231 80       		.byte	-128
 591 0232 41       		.byte	65
 592 0233 10       		.byte	16
 593 0234 44       		.byte	68
 594 0235 84       		.byte	-124
 595 0236 45       		.byte	69
 596 0237 20       		.byte	32
 597 0238 48       		.byte	72
 598 0239 80       		.byte	-128
 599 023a 4C       		.byte	76
 600 023b 04       		.byte	4
 601 023c 4E       		.byte	78
 602 023d 10       		.byte	16
 603 023e 50       		.byte	80
 604 023f 04       		.byte	4
 605 0240 54       		.byte	84
 606 0241 08       		.byte	8
 607 0242 55       		.byte	85
 608 0243 05       		.byte	5
 609 0244 57       		.byte	87
 610 0245 01       		.byte	1
 611 0246 5D       		.byte	93
 612 0247 28       		.byte	40
 613 0248 5E       		.byte	94
 614 0249 40       		.byte	64
 615 024a 5F       		.byte	95
 616 024b 01       		.byte	1
 617 024c 89       		.byte	-119
 618 024d 40       		.byte	64
 619 024e 8A       		.byte	-118
 620 024f 02       		.byte	2
 621 0250 8B       		.byte	-117
 622 0251 80       		.byte	-128
 623 0252 8C       		.byte	-116
 624 0253 08       		.byte	8
 625 0254 8D       		.byte	-115
 626 0255 21       		.byte	33
 627 0256 8F       		.byte	-113
ARM GAS  C:\Users\mrgas\AppData\Local\Temp\cczwkx5c.s 			page 12


 628 0257 01       		.byte	1
 629 0258 91       		.byte	-111
 630 0259 10       		.byte	16
 631 025a 92       		.byte	-110
 632 025b 04       		.byte	4
 633 025c 94       		.byte	-108
 634 025d 14       		.byte	20
 635 025e 97       		.byte	-105
 636 025f 08       		.byte	8
 637 0260 98       		.byte	-104
 638 0261 10       		.byte	16
 639 0262 99       		.byte	-103
 640 0263 08       		.byte	8
 641 0264 9B       		.byte	-101
 642 0265 10       		.byte	16
 643 0266 9D       		.byte	-99
 644 0267 40       		.byte	64
 645 0268 9F       		.byte	-97
 646 0269 40       		.byte	64
 647 026a A2       		.byte	-94
 648 026b 01       		.byte	1
 649 026c A3       		.byte	-93
 650 026d 42       		.byte	66
 651 026e A5       		.byte	-91
 652 026f 04       		.byte	4
 653 0270 A6       		.byte	-90
 654 0271 80       		.byte	-128
 655 0272 A7       		.byte	-89
 656 0273 A0       		.byte	-96
 657 0274 C0       		.byte	-64
 658 0275 FC       		.byte	-4
 659 0276 C2       		.byte	-62
 660 0277 FE       		.byte	-2
 661 0278 C4       		.byte	-60
 662 0279 EE       		.byte	-18
 663 027a CA       		.byte	-54
 664 027b 71       		.byte	113
 665 027c CC       		.byte	-52
 666 027d FE       		.byte	-2
 667 027e CE       		.byte	-50
 668 027f FA       		.byte	-6
 669 0280 D0       		.byte	-48
 670 0281 A4       		.byte	-92
 671 0282 D2       		.byte	-46
 672 0283 20       		.byte	32
 673 0284 D6       		.byte	-42
 674 0285 F0       		.byte	-16
 675 0286 E0       		.byte	-32
 676 0287 08       		.byte	8
 677 0288 E4       		.byte	-28
 678 0289 01       		.byte	1
 679 028a EA       		.byte	-22
 680 028b 01       		.byte	1
 681 028c EE       		.byte	-18
 682 028d 10       		.byte	16
 683 028e 32       		.byte	50
 684 028f 40       		.byte	64
ARM GAS  C:\Users\mrgas\AppData\Local\Temp\cczwkx5c.s 			page 13


 685 0290 CC       		.byte	-52
 686 0291 10       		.byte	16
 687 0292 96       		.byte	-106
 688 0293 80       		.byte	-128
 689 0294 3E       		.byte	62
 690 0295 10       		.byte	16
 691 0296 96       		.byte	-106
 692 0297 80       		.byte	-128
 693 0298 CE       		.byte	-50
 694 0299 20       		.byte	32
 695 029a 96       		.byte	-106
 696 029b 90       		.byte	-112
 697 029c 82       		.byte	-126
 698 029d 60       		.byte	96
 699 029e 96       		.byte	-106
 700 029f 90       		.byte	-112
 701 02a0 E2       		.byte	-30
 702 02a1 20       		.byte	32
 703 02a2 E6       		.byte	-26
 704 02a3 80       		.byte	-128
 705 02a4 12       		.byte	18
 706 02a5 20       		.byte	32
 707 02a6 16       		.byte	22
 708 02a7 40       		.byte	64
 709 02a8 72       		.byte	114
 710 02a9 20       		.byte	32
 711 02aa 77       		.byte	119
 712 02ab 20       		.byte	32
 713 02ac 82       		.byte	-126
 714 02ad 20       		.byte	32
 715 02ae 86       		.byte	-122
 716 02af 40       		.byte	64
 717 02b0 9A       		.byte	-102
 718 02b1 20       		.byte	32
 719 02b2 9B       		.byte	-101
 720 02b3 20       		.byte	32
 721 02b4 AA       		.byte	-86
 722 02b5 10       		.byte	16
 723 02b6 B7       		.byte	-73
 724 02b7 20       		.byte	32
 725 02b8 C4       		.byte	-60
 726 02b9 30       		.byte	48
 727 02ba DC       		.byte	-36
 728 02bb 80       		.byte	-128
 729 02bc DE       		.byte	-34
 730 02bd 20       		.byte	32
 731 02be E0       		.byte	-32
 732 02bf 10       		.byte	16
 733 02c0 E4       		.byte	-28
 734 02c1 80       		.byte	-128
 735 02c2 EA       		.byte	-22
 736 02c3 80       		.byte	-128
 737 02c4 10       		.byte	16
 738 02c5 80       		.byte	-128
 739 02c6 13       		.byte	19
 740 02c7 20       		.byte	32
 741 02c8 17       		.byte	23
ARM GAS  C:\Users\mrgas\AppData\Local\Temp\cczwkx5c.s 			page 14


 742 02c9 04       		.byte	4
 743 02ca 7B       		.byte	123
 744 02cb 10       		.byte	16
 745 02cc 7F       		.byte	127
 746 02cd 40       		.byte	64
 747 02ce 80       		.byte	-128
 748 02cf 80       		.byte	-128
 749 02d0 87       		.byte	-121
 750 02d1 10       		.byte	16
 751 02d2 C4       		.byte	-60
 752 02d3 0E       		.byte	14
 753 02d4 DE       		.byte	-34
 754 02d5 03       		.byte	3
 755 02d6 10       		.byte	16
 756 02d7 40       		.byte	64
 757 02d8 73       		.byte	115
 758 02d9 10       		.byte	16
 759 02da 83       		.byte	-125
 760 02db 10       		.byte	16
 761 02dc 87       		.byte	-121
 762 02dd 40       		.byte	64
 763 02de 88       		.byte	-120
 764 02df 40       		.byte	64
 765 02e0 93       		.byte	-109
 766 02e1 10       		.byte	16
 767 02e2 97       		.byte	-105
 768 02e3 80       		.byte	-128
 769 02e4 A7       		.byte	-89
 770 02e5 10       		.byte	16
 771 02e6 AB       		.byte	-85
 772 02e7 20       		.byte	32
 773 02e8 B7       		.byte	-73
 774 02e9 04       		.byte	4
 775 02ea C4       		.byte	-60
 776 02eb 08       		.byte	8
 777 02ec DC       		.byte	-36
 778 02ed 01       		.byte	1
 779 02ee E2       		.byte	-30
 780 02ef 01       		.byte	1
 781 02f0 EE       		.byte	-18
 782 02f1 08       		.byte	8
 783 02f2 10       		.byte	16
 784 02f3 01       		.byte	1
 785 02f4 1C       		.byte	28
 786 02f5 01       		.byte	1
 787 02f6 00       		.byte	0
 788 02f7 03       		.byte	3
 789 02f8 03       		.byte	3
 790 02f9 C0       		.byte	-64
 791 02fa 00       		.byte	0
 792 02fb 00       		.byte	0
 793 02fc 02       		.byte	2
 794 02fd 80       		.byte	-128
 795 02fe 00       		.byte	0
 796 02ff 00       		.byte	0
 797 0300 43       		.byte	67
 798 0301 00       		.byte	0
ARM GAS  C:\Users\mrgas\AppData\Local\Temp\cczwkx5c.s 			page 15


 799 0302 00       		.byte	0
 800 0303 00       		.byte	0
 801 0304 1F       		.byte	31
 802 0305 10       		.byte	16
 803 0306 20       		.byte	32
 804 0307 00       		.byte	0
 805 0308 1C       		.byte	28
 806 0309 08       		.byte	8
 807 030a 23       		.byte	35
 808 030b 00       		.byte	0
 809 030c 03       		.byte	3
 810 030d 00       		.byte	0
 811 030e 00       		.byte	0
 812 030f E3       		.byte	-29
 813 0310 01       		.byte	1
 814 0311 00       		.byte	0
 815 0312 00       		.byte	0
 816 0313 04       		.byte	4
 817 0314 00       		.byte	0
 818 0315 1C       		.byte	28
 819 0316 00       		.byte	0
 820 0317 E1       		.byte	-31
 821 0318 00       		.byte	0
 822 0319 3C       		.byte	60
 823 031a 23       		.byte	35
 824 031b C2       		.byte	-62
 825 031c 33       		.byte	51
 826 031d 18       		.byte	24
 827 031e 0C       		.byte	12
 828 031f 00       		.byte	0
 829 0320 3F       		.byte	63
 830 0321 80       		.byte	-128
 831 0322 00       		.byte	0
 832 0323 00       		.byte	0
 833 0324 02       		.byte	2
 834 0325 44       		.byte	68
 835 0326 00       		.byte	0
 836 0327 00       		.byte	0
 837 0328 04       		.byte	4
 838 0329 E7       		.byte	-25
 839 032a 00       		.byte	0
 840 032b 18       		.byte	24
 841 032c 0C       		.byte	12
 842 032d C0       		.byte	-64
 843 032e 00       		.byte	0
 844 032f 00       		.byte	0
 845 0330 08       		.byte	8
 846 0331 FF       		.byte	-1
 847 0332 00       		.byte	0
 848 0333 00       		.byte	0
 849 0334 2C       		.byte	44
 850 0335 00       		.byte	0
 851 0336 10       		.byte	16
 852 0337 1F       		.byte	31
 853 0338 0F       		.byte	15
 854 0339 38       		.byte	56
 855 033a 00       		.byte	0
ARM GAS  C:\Users\mrgas\AppData\Local\Temp\cczwkx5c.s 			page 16


 856 033b C0       		.byte	-64
 857 033c 00       		.byte	0
 858 033d 00       		.byte	0
 859 033e A2       		.byte	-94
 860 033f 08       		.byte	8
 861 0340 00       		.byte	0
 862 0341 00       		.byte	0
 863 0342 04       		.byte	4
 864 0343 00       		.byte	0
 865 0344 36       		.byte	54
 866 0345 05       		.byte	5
 867 0346 02       		.byte	2
 868 0347 00       		.byte	0
 869 0348 01       		.byte	1
 870 0349 C0       		.byte	-64
 871 034a 0E       		.byte	14
 872 034b 00       		.byte	0
 873 034c 06       		.byte	6
 874 034d FF       		.byte	-1
 875 034e FF       		.byte	-1
 876 034f FF       		.byte	-1
 877 0350 62       		.byte	98
 878 0351 A0       		.byte	-96
 879 0352 F0       		.byte	-16
 880 0353 41       		.byte	65
 881 0354 0C       		.byte	12
 882 0355 00       		.byte	0
 883 0356 00       		.byte	0
 884 0357 00       		.byte	0
 885 0358 00       		.byte	0
 886 0359 00       		.byte	0
 887 035a 02       		.byte	2
 888 035b 11       		.byte	17
 889 035c 04       		.byte	4
 890 035d 04       		.byte	4
 891 035e 04       		.byte	4
 892 035f 04       		.byte	4
 893 0360 00       		.byte	0
 894 0361 00       		.byte	0
 895 0362 00       		.byte	0
 896 0363 01       		.byte	1
 897 0364 00       		.byte	0
 898 0365 00       		.byte	0
 899 0366 00       		.byte	0
 900 0367 00       		.byte	0
 901 0368 00       		.byte	0
 902 0369 00       		.byte	0
 903 036a 40       		.byte	64
 904 036b 02       		.byte	2
 905 036c 00       		.byte	0
 906 036d 10       		.byte	16
 907 036e 30       		.byte	48
 908 036f 10       		.byte	16
 909 0370 00       		.byte	0
 910 0371 10       		.byte	16
 911 0372 10       		.byte	16
 912 0373 12       		.byte	18
ARM GAS  C:\Users\mrgas\AppData\Local\Temp\cczwkx5c.s 			page 17


 913 0374 00       		.byte	0
 914 0375 00       		.byte	0
 915 0376 00       		.byte	0
 916 0377 00       		.byte	0
 917 0378 00       		.byte	0
 918 0379 00       		.byte	0
 919 037a 00       		.byte	0
 920 037b 00       		.byte	0
 921 037c 00       		.byte	0
 922 037d 00       		.byte	0
 923 037e 00       		.byte	0
 924 037f 00       		.byte	0
 925 0380 00       		.byte	0
 926 0381 00       		.byte	0
 927 0382 00       		.byte	0
 928 0383 00       		.byte	0
 929 0384 83       		.byte	-125
 930 0385 00       		.byte	0
 931 0386 40       		.byte	64
 932 0387 80       		.byte	-128
 933 0388 83       		.byte	-125
 934 0389 00       		.byte	0
 935 038a 83       		.byte	-125
 936 038b 00       		.byte	0
 937 038c 00       		.byte	0
 938 038d 00       		.byte	0
 939 038e 00       		.byte	0
 940 038f 00       		.byte	0
 941 0390 00       		.byte	0
 942 0391 0B       		.byte	11
 943 0392 0B       		.byte	11
 944 0393 00       		.byte	0
 945 0394 00       		.byte	0
 946 0395 00       		.byte	0
 947 0396 00       		.byte	0
 948 0397 00       		.byte	0
 949              		.section	.cywolatch,"a",%progbits
 950              		.align	2
 951              		.type	cy_meta_wonvl, %object
 952              		.size	cy_meta_wonvl, 4
 953              	cy_meta_wonvl:
 954 0000 BC       		.byte	-68
 955 0001 90       		.byte	-112
 956 0002 AC       		.byte	-84
 957 0003 AF       		.byte	-81
 958              		.section	.cycustnvl,"a",%progbits
 959              		.align	2
 960              		.type	cy_meta_custnvl, %object
 961              		.size	cy_meta_custnvl, 4
 962              	cy_meta_custnvl:
 963 0000 00       		.byte	0
 964 0001 00       		.byte	0
 965 0002 40       		.byte	64
 966 0003 05       		.byte	5
 967              		.section	.cymeta,"a",%progbits
 968              		.align	2
 969              		.type	cy_metadata, %object
ARM GAS  C:\Users\mrgas\AppData\Local\Temp\cczwkx5c.s 			page 18


 970              		.size	cy_metadata, 12
 971              	cy_metadata:
 972 0000 00       		.byte	0
 973 0001 01       		.byte	1
 974 0002 2E       		.byte	46
 975 0003 16       		.byte	22
 976 0004 10       		.byte	16
 977 0005 69       		.byte	105
 978 0006 00       		.byte	0
 979 0007 01       		.byte	1
 980 0008 00       		.byte	0
 981 0009 00       		.byte	0
 982 000a 00       		.byte	0
 983 000b 00       		.byte	0
 984              		.section	.cyflashprotect,"a",%progbits
 985              		.align	2
 986              		.type	cy_meta_flashprotect, %object
 987              		.size	cy_meta_flashprotect, 256
 988              	cy_meta_flashprotect:
 989 0000 00000000 		.space	256
 989      00000000 
 989      00000000 
 989      00000000 
 989      00000000 
 990              		.text
 991              	.Letext0:
 992              		.file 1 "c:\\program files (x86)\\cypress\\psoc creator\\4.2\\psoc creator\\import\\gnu\\arm\\5.4.
 993              		.file 2 "c:\\program files (x86)\\cypress\\psoc creator\\4.2\\psoc creator\\import\\gnu\\arm\\5.4.
 994              		.file 3 "Generated_Source\\PSoC5\\cymetadata.c"
 995              		.section	.debug_info,"",%progbits
 996              	.Ldebug_info0:
 997 0000 31010000 		.4byte	0x131
 998 0004 0400     		.2byte	0x4
 999 0006 00000000 		.4byte	.Ldebug_abbrev0
 1000 000a 04       		.byte	0x4
 1001 000b 01       		.uleb128 0x1
 1002 000c 71000000 		.4byte	.LASF17
 1003 0010 0C       		.byte	0xc
 1004 0011 CB010000 		.4byte	.LASF18
 1005 0015 0A000000 		.4byte	.LASF19
 1006 0019 00000000 		.4byte	.Ldebug_line0
 1007 001d 02       		.uleb128 0x2
 1008 001e 01       		.byte	0x1
 1009 001f 06       		.byte	0x6
 1010 0020 BF010000 		.4byte	.LASF0
 1011 0024 03       		.uleb128 0x3
 1012 0025 00000000 		.4byte	.LASF9
 1013 0029 01       		.byte	0x1
 1014 002a 1D       		.byte	0x1d
 1015 002b 2F000000 		.4byte	0x2f
 1016 002f 02       		.uleb128 0x2
 1017 0030 01       		.byte	0x1
 1018 0031 08       		.byte	0x8
 1019 0032 63000000 		.4byte	.LASF1
 1020 0036 02       		.uleb128 0x2
 1021 0037 02       		.byte	0x2
 1022 0038 05       		.byte	0x5
ARM GAS  C:\Users\mrgas\AppData\Local\Temp\cczwkx5c.s 			page 19


 1023 0039 AC010000 		.4byte	.LASF2
 1024 003d 02       		.uleb128 0x2
 1025 003e 02       		.byte	0x2
 1026 003f 07       		.byte	0x7
 1027 0040 11010000 		.4byte	.LASF3
 1028 0044 02       		.uleb128 0x2
 1029 0045 04       		.byte	0x4
 1030 0046 05       		.byte	0x5
 1031 0047 B6010000 		.4byte	.LASF4
 1032 004b 02       		.uleb128 0x2
 1033 004c 04       		.byte	0x4
 1034 004d 07       		.byte	0x7
 1035 004e FF000000 		.4byte	.LASF5
 1036 0052 02       		.uleb128 0x2
 1037 0053 08       		.byte	0x8
 1038 0054 05       		.byte	0x5
 1039 0055 9E010000 		.4byte	.LASF6
 1040 0059 02       		.uleb128 0x2
 1041 005a 08       		.byte	0x8
 1042 005b 07       		.byte	0x7
 1043 005c 53010000 		.4byte	.LASF7
 1044 0060 04       		.uleb128 0x4
 1045 0061 04       		.byte	0x4
 1046 0062 05       		.byte	0x5
 1047 0063 696E7400 		.ascii	"int\000"
 1048 0067 02       		.uleb128 0x2
 1049 0068 04       		.byte	0x4
 1050 0069 07       		.byte	0x7
 1051 006a 46010000 		.4byte	.LASF8
 1052 006e 03       		.uleb128 0x3
 1053 006f 6A010000 		.4byte	.LASF10
 1054 0073 02       		.byte	0x2
 1055 0074 18       		.byte	0x18
 1056 0075 24000000 		.4byte	0x24
 1057 0079 05       		.uleb128 0x5
 1058 007a 91000000 		.4byte	0x91
 1059 007e 8A000000 		.4byte	0x8a
 1060 0082 06       		.uleb128 0x6
 1061 0083 8A000000 		.4byte	0x8a
 1062 0087 9703     		.2byte	0x397
 1063 0089 00       		.byte	0
 1064 008a 02       		.uleb128 0x2
 1065 008b 04       		.byte	0x4
 1066 008c 07       		.byte	0x7
 1067 008d 95010000 		.4byte	.LASF11
 1068 0091 07       		.uleb128 0x7
 1069 0092 6E000000 		.4byte	0x6e
 1070 0096 08       		.uleb128 0x8
 1071 0097 34010000 		.4byte	.LASF12
 1072 009b 03       		.byte	0x3
 1073 009c 1F       		.byte	0x1f
 1074 009d A7000000 		.4byte	0xa7
 1075 00a1 05       		.uleb128 0x5
 1076 00a2 03       		.byte	0x3
 1077 00a3 00000000 		.4byte	cy_meta_configecc
 1078 00a7 07       		.uleb128 0x7
 1079 00a8 79000000 		.4byte	0x79
ARM GAS  C:\Users\mrgas\AppData\Local\Temp\cczwkx5c.s 			page 20


 1080 00ac 05       		.uleb128 0x5
 1081 00ad 91000000 		.4byte	0x91
 1082 00b1 BC000000 		.4byte	0xbc
 1083 00b5 09       		.uleb128 0x9
 1084 00b6 8A000000 		.4byte	0x8a
 1085 00ba 03       		.byte	0x3
 1086 00bb 00       		.byte	0
 1087 00bc 08       		.uleb128 0x8
 1088 00bd 24010000 		.4byte	.LASF13
 1089 00c1 03       		.byte	0x3
 1090 00c2 9F       		.byte	0x9f
 1091 00c3 CD000000 		.4byte	0xcd
 1092 00c7 05       		.uleb128 0x5
 1093 00c8 03       		.byte	0x3
 1094 00c9 00000000 		.4byte	cy_meta_custnvl
 1095 00cd 07       		.uleb128 0x7
 1096 00ce AC000000 		.4byte	0xac
 1097 00d2 08       		.uleb128 0x8
 1098 00d3 87010000 		.4byte	.LASF14
 1099 00d7 03       		.byte	0x3
 1100 00d8 AD       		.byte	0xad
 1101 00d9 E3000000 		.4byte	0xe3
 1102 00dd 05       		.uleb128 0x5
 1103 00de 03       		.byte	0x3
 1104 00df 00000000 		.4byte	cy_meta_wonvl
 1105 00e3 07       		.uleb128 0x7
 1106 00e4 AC000000 		.4byte	0xac
 1107 00e8 05       		.uleb128 0x5
 1108 00e9 91000000 		.4byte	0x91
 1109 00ed F8000000 		.4byte	0xf8
 1110 00f1 09       		.uleb128 0x9
 1111 00f2 8A000000 		.4byte	0x8a
 1112 00f6 FF       		.byte	0xff
 1113 00f7 00       		.byte	0
 1114 00f8 08       		.uleb128 0x8
 1115 00f9 72010000 		.4byte	.LASF15
 1116 00fd 03       		.byte	0x3
 1117 00fe BB       		.byte	0xbb
 1118 00ff 09010000 		.4byte	0x109
 1119 0103 05       		.uleb128 0x5
 1120 0104 03       		.byte	0x3
 1121 0105 00000000 		.4byte	cy_meta_flashprotect
 1122 0109 07       		.uleb128 0x7
 1123 010a E8000000 		.4byte	0xe8
 1124 010e 05       		.uleb128 0x5
 1125 010f 91000000 		.4byte	0x91
 1126 0113 1E010000 		.4byte	0x11e
 1127 0117 09       		.uleb128 0x9
 1128 0118 8A000000 		.4byte	0x8a
 1129 011c 0B       		.byte	0xb
 1130 011d 00       		.byte	0
 1131 011e 08       		.uleb128 0x8
 1132 011f 57000000 		.4byte	.LASF16
 1133 0123 03       		.byte	0x3
 1134 0124 E8       		.byte	0xe8
 1135 0125 2F010000 		.4byte	0x12f
 1136 0129 05       		.uleb128 0x5
ARM GAS  C:\Users\mrgas\AppData\Local\Temp\cczwkx5c.s 			page 21


 1137 012a 03       		.byte	0x3
 1138 012b 00000000 		.4byte	cy_metadata
 1139 012f 07       		.uleb128 0x7
 1140 0130 0E010000 		.4byte	0x10e
 1141 0134 00       		.byte	0
 1142              		.section	.debug_abbrev,"",%progbits
 1143              	.Ldebug_abbrev0:
 1144 0000 01       		.uleb128 0x1
 1145 0001 11       		.uleb128 0x11
 1146 0002 01       		.byte	0x1
 1147 0003 25       		.uleb128 0x25
 1148 0004 0E       		.uleb128 0xe
 1149 0005 13       		.uleb128 0x13
 1150 0006 0B       		.uleb128 0xb
 1151 0007 03       		.uleb128 0x3
 1152 0008 0E       		.uleb128 0xe
 1153 0009 1B       		.uleb128 0x1b
 1154 000a 0E       		.uleb128 0xe
 1155 000b 10       		.uleb128 0x10
 1156 000c 17       		.uleb128 0x17
 1157 000d 00       		.byte	0
 1158 000e 00       		.byte	0
 1159 000f 02       		.uleb128 0x2
 1160 0010 24       		.uleb128 0x24
 1161 0011 00       		.byte	0
 1162 0012 0B       		.uleb128 0xb
 1163 0013 0B       		.uleb128 0xb
 1164 0014 3E       		.uleb128 0x3e
 1165 0015 0B       		.uleb128 0xb
 1166 0016 03       		.uleb128 0x3
 1167 0017 0E       		.uleb128 0xe
 1168 0018 00       		.byte	0
 1169 0019 00       		.byte	0
 1170 001a 03       		.uleb128 0x3
 1171 001b 16       		.uleb128 0x16
 1172 001c 00       		.byte	0
 1173 001d 03       		.uleb128 0x3
 1174 001e 0E       		.uleb128 0xe
 1175 001f 3A       		.uleb128 0x3a
 1176 0020 0B       		.uleb128 0xb
 1177 0021 3B       		.uleb128 0x3b
 1178 0022 0B       		.uleb128 0xb
 1179 0023 49       		.uleb128 0x49
 1180 0024 13       		.uleb128 0x13
 1181 0025 00       		.byte	0
 1182 0026 00       		.byte	0
 1183 0027 04       		.uleb128 0x4
 1184 0028 24       		.uleb128 0x24
 1185 0029 00       		.byte	0
 1186 002a 0B       		.uleb128 0xb
 1187 002b 0B       		.uleb128 0xb
 1188 002c 3E       		.uleb128 0x3e
 1189 002d 0B       		.uleb128 0xb
 1190 002e 03       		.uleb128 0x3
 1191 002f 08       		.uleb128 0x8
 1192 0030 00       		.byte	0
 1193 0031 00       		.byte	0
ARM GAS  C:\Users\mrgas\AppData\Local\Temp\cczwkx5c.s 			page 22


 1194 0032 05       		.uleb128 0x5
 1195 0033 01       		.uleb128 0x1
 1196 0034 01       		.byte	0x1
 1197 0035 49       		.uleb128 0x49
 1198 0036 13       		.uleb128 0x13
 1199 0037 01       		.uleb128 0x1
 1200 0038 13       		.uleb128 0x13
 1201 0039 00       		.byte	0
 1202 003a 00       		.byte	0
 1203 003b 06       		.uleb128 0x6
 1204 003c 21       		.uleb128 0x21
 1205 003d 00       		.byte	0
 1206 003e 49       		.uleb128 0x49
 1207 003f 13       		.uleb128 0x13
 1208 0040 2F       		.uleb128 0x2f
 1209 0041 05       		.uleb128 0x5
 1210 0042 00       		.byte	0
 1211 0043 00       		.byte	0
 1212 0044 07       		.uleb128 0x7
 1213 0045 26       		.uleb128 0x26
 1214 0046 00       		.byte	0
 1215 0047 49       		.uleb128 0x49
 1216 0048 13       		.uleb128 0x13
 1217 0049 00       		.byte	0
 1218 004a 00       		.byte	0
 1219 004b 08       		.uleb128 0x8
 1220 004c 34       		.uleb128 0x34
 1221 004d 00       		.byte	0
 1222 004e 03       		.uleb128 0x3
 1223 004f 0E       		.uleb128 0xe
 1224 0050 3A       		.uleb128 0x3a
 1225 0051 0B       		.uleb128 0xb
 1226 0052 3B       		.uleb128 0x3b
 1227 0053 0B       		.uleb128 0xb
 1228 0054 49       		.uleb128 0x49
 1229 0055 13       		.uleb128 0x13
 1230 0056 3F       		.uleb128 0x3f
 1231 0057 19       		.uleb128 0x19
 1232 0058 02       		.uleb128 0x2
 1233 0059 18       		.uleb128 0x18
 1234 005a 00       		.byte	0
 1235 005b 00       		.byte	0
 1236 005c 09       		.uleb128 0x9
 1237 005d 21       		.uleb128 0x21
 1238 005e 00       		.byte	0
 1239 005f 49       		.uleb128 0x49
 1240 0060 13       		.uleb128 0x13
 1241 0061 2F       		.uleb128 0x2f
 1242 0062 0B       		.uleb128 0xb
 1243 0063 00       		.byte	0
 1244 0064 00       		.byte	0
 1245 0065 00       		.byte	0
 1246              		.section	.debug_aranges,"",%progbits
 1247 0000 14000000 		.4byte	0x14
 1248 0004 0200     		.2byte	0x2
 1249 0006 00000000 		.4byte	.Ldebug_info0
 1250 000a 04       		.byte	0x4
ARM GAS  C:\Users\mrgas\AppData\Local\Temp\cczwkx5c.s 			page 23


 1251 000b 00       		.byte	0
 1252 000c 0000     		.2byte	0
 1253 000e 0000     		.2byte	0
 1254 0010 00000000 		.4byte	0
 1255 0014 00000000 		.4byte	0
 1256              		.section	.debug_line,"",%progbits
 1257              	.Ldebug_line0:
 1258 0000 3D010000 		.section	.debug_str,"MS",%progbits,1
 1258      02003701 
 1258      00000201 
 1258      FB0E0D00 
 1258      01010101 
 1259              	.LASF9:
 1260 0000 5F5F7569 		.ascii	"__uint8_t\000"
 1260      6E74385F 
 1260      7400
 1261              	.LASF19:
 1262 000a 433A5C55 		.ascii	"C:\\Users\\mrgas\\Documents\\PSoC Creator\\Projects"
 1262      73657273 
 1262      5C6D7267 
 1262      61735C44 
 1262      6F63756D 
 1263 0038 5C436F6D 		.ascii	"\\Communication_Buses\\I2C.cydsn\000"
 1263      6D756E69 
 1263      63617469 
 1263      6F6E5F42 
 1263      75736573 
 1264              	.LASF16:
 1265 0057 63795F6D 		.ascii	"cy_metadata\000"
 1265      65746164 
 1265      61746100 
 1266              	.LASF1:
 1267 0063 756E7369 		.ascii	"unsigned char\000"
 1267      676E6564 
 1267      20636861 
 1267      7200
 1268              	.LASF17:
 1269 0071 474E5520 		.ascii	"GNU C11 5.4.1 20160609 (release) [ARM/embedded-5-br"
 1269      43313120 
 1269      352E342E 
 1269      31203230 
 1269      31363036 
 1270 00a4 616E6368 		.ascii	"anch revision 237715] -mcpu=cortex-m3 -mthumb -g -O"
 1270      20726576 
 1270      6973696F 
 1270      6E203233 
 1270      37373135 
 1271 00d7 67202D66 		.ascii	"g -ffunction-sections -ffat-lto-objects\000"
 1271      66756E63 
 1271      74696F6E 
 1271      2D736563 
 1271      74696F6E 
 1272              	.LASF5:
 1273 00ff 6C6F6E67 		.ascii	"long unsigned int\000"
 1273      20756E73 
 1273      69676E65 
 1273      6420696E 
ARM GAS  C:\Users\mrgas\AppData\Local\Temp\cczwkx5c.s 			page 24


 1273      7400
 1274              	.LASF3:
 1275 0111 73686F72 		.ascii	"short unsigned int\000"
 1275      7420756E 
 1275      7369676E 
 1275      65642069 
 1275      6E7400
 1276              	.LASF13:
 1277 0124 63795F6D 		.ascii	"cy_meta_custnvl\000"
 1277      6574615F 
 1277      63757374 
 1277      6E766C00 
 1278              	.LASF12:
 1279 0134 63795F6D 		.ascii	"cy_meta_configecc\000"
 1279      6574615F 
 1279      636F6E66 
 1279      69676563 
 1279      6300
 1280              	.LASF8:
 1281 0146 756E7369 		.ascii	"unsigned int\000"
 1281      676E6564 
 1281      20696E74 
 1281      00
 1282              	.LASF7:
 1283 0153 6C6F6E67 		.ascii	"long long unsigned int\000"
 1283      206C6F6E 
 1283      6720756E 
 1283      7369676E 
 1283      65642069 
 1284              	.LASF10:
 1285 016a 75696E74 		.ascii	"uint8_t\000"
 1285      385F7400 
 1286              	.LASF15:
 1287 0172 63795F6D 		.ascii	"cy_meta_flashprotect\000"
 1287      6574615F 
 1287      666C6173 
 1287      6870726F 
 1287      74656374 
 1288              	.LASF14:
 1289 0187 63795F6D 		.ascii	"cy_meta_wonvl\000"
 1289      6574615F 
 1289      776F6E76 
 1289      6C00
 1290              	.LASF11:
 1291 0195 73697A65 		.ascii	"sizetype\000"
 1291      74797065 
 1291      00
 1292              	.LASF6:
 1293 019e 6C6F6E67 		.ascii	"long long int\000"
 1293      206C6F6E 
 1293      6720696E 
 1293      7400
 1294              	.LASF2:
 1295 01ac 73686F72 		.ascii	"short int\000"
 1295      7420696E 
 1295      7400
 1296              	.LASF4:
ARM GAS  C:\Users\mrgas\AppData\Local\Temp\cczwkx5c.s 			page 25


 1297 01b6 6C6F6E67 		.ascii	"long int\000"
 1297      20696E74 
 1297      00
 1298              	.LASF0:
 1299 01bf 7369676E 		.ascii	"signed char\000"
 1299      65642063 
 1299      68617200 
 1300              	.LASF18:
 1301 01cb 47656E65 		.ascii	"Generated_Source\\PSoC5\\cymetadata.c\000"
 1301      72617465 
 1301      645F536F 
 1301      75726365 
 1301      5C50536F 
 1302              		.ident	"GCC: (GNU Tools for ARM Embedded Processors) 5.4.1 20160609 (release) [ARM/embedded-5-bran
