ARM GAS  C:\Users\mrgas\AppData\Local\Temp\cckznRN1.s 			page 1


   1              		.syntax unified
   2              		.cpu cortex-m3
   3              		.fpu softvfp
   4              		.eabi_attribute 20, 1
   5              		.eabi_attribute 21, 1
   6              		.eabi_attribute 23, 3
   7              		.eabi_attribute 24, 1
   8              		.eabi_attribute 25, 1
   9              		.eabi_attribute 26, 1
  10              		.eabi_attribute 30, 1
  11              		.eabi_attribute 34, 1
  12              		.eabi_attribute 18, 4
  13              		.thumb
  14              		.syntax unified
  15              		.file	"main.c"
  16              		.text
  17              	.Ltext0:
  18              		.cfi_sections	.debug_frame
  19              		.section	.text.main,"ax",%progbits
  20              		.align	2
  21              		.global	main
  22              		.thumb
  23              		.thumb_func
  24              		.type	main, %function
  25              	main:
  26              	.LFB64:
  27              		.file 1 "main.c"
   1:main.c        **** /* ========================================
   2:main.c        ****  *
   3:main.c        ****  * Copyright YOUR COMPANY, THE YEAR
   4:main.c        ****  * All Rights Reserved
   5:main.c        ****  * UNPUBLISHED, LICENSED SOFTWARE.
   6:main.c        ****  *
   7:main.c        ****  * CONFIDENTIAL AND PROPRIETARY INFORMATION
   8:main.c        ****  * WHICH IS THE PROPERTY OF your company.
   9:main.c        ****  *
  10:main.c        ****  * ========================================
  11:main.c        **** */
  12:main.c        **** #include "project.h"
  13:main.c        **** #include "I2C_Comm.h"
  14:main.c        **** 
  15:main.c        **** int main(void)
  16:main.c        **** {
  28              		.loc 1 16 0
  29              		.cfi_startproc
  30              		@ Volatile: function does not return.
  31              		@ args = 0, pretend = 0, frame = 0
  32              		@ frame_needed = 0, uses_anonymous_args = 0
  33 0000 08B5     		push	{r3, lr}
  34              		.cfi_def_cfa_offset 8
  35              		.cfi_offset 3, -8
  36              		.cfi_offset 14, -4
  17:main.c        ****     //Inits
  18:main.c        ****     I2C_Master_Start();
  37              		.loc 1 18 0
  38 0002 FFF7FEFF 		bl	I2C_Master_Start
  39              	.LVL0:
ARM GAS  C:\Users\mrgas\AppData\Local\Temp\cckznRN1.s 			page 2


  19:main.c        ****     I2C_Master_MasterClearStatus();
  40              		.loc 1 19 0
  41 0006 FFF7FEFF 		bl	I2C_Master_MasterClearStatus
  42              	.LVL1:
  20:main.c        ****     UART_1_Start();
  43              		.loc 1 20 0
  44 000a FFF7FEFF 		bl	UART_1_Start
  45              	.LVL2:
  21:main.c        ****     UART_1_PutString("Program started...\r\n");
  46              		.loc 1 21 0
  47 000e 0548     		ldr	r0, .L4
  48 0010 FFF7FEFF 		bl	UART_1_PutString
  49              	.LVL3:
  50              	.L2:
  22:main.c        **** 
  23:main.c        ****     for(;;) 
  24:main.c        ****     {
  25:main.c        ****         getTemp(0x48); //First slave
  51              		.loc 1 25 0 discriminator 1
  52 0014 4820     		movs	r0, #72
  53 0016 FFF7FEFF 		bl	getTemp
  54              	.LVL4:
  26:main.c        ****         getTemp(0x49); //Second slave
  55              		.loc 1 26 0 discriminator 1
  56 001a 4920     		movs	r0, #73
  57 001c FFF7FEFF 		bl	getTemp
  58              	.LVL5:
  59 0020 F8E7     		b	.L2
  60              	.L5:
  61 0022 00BF     		.align	2
  62              	.L4:
  63 0024 00000000 		.word	.LC0
  64              		.cfi_endproc
  65              	.LFE64:
  66              		.size	main, .-main
  67              		.section	.rodata.str1.4,"aMS",%progbits,1
  68              		.align	2
  69              	.LC0:
  70 0000 50726F67 		.ascii	"Program started...\015\012\000"
  70      72616D20 
  70      73746172 
  70      7465642E 
  70      2E2E0D0A 
  71              		.text
  72              	.Letext0:
  73              		.file 2 "c:\\program files (x86)\\cypress\\psoc creator\\4.2\\psoc creator\\import\\gnu\\arm\\5.4.
  74              		.file 3 "c:\\program files (x86)\\cypress\\psoc creator\\4.2\\psoc creator\\import\\gnu\\arm\\5.4.
  75              		.file 4 "Generated_Source\\PSoC5/I2C_Master.h"
  76              		.file 5 "Generated_Source\\PSoC5/UART_1.h"
  77              		.file 6 "I2C_Comm.h"
  78              		.file 7 "Generated_Source\\PSoC5/core_cm3.h"
  79              		.section	.debug_info,"",%progbits
  80              	.Ldebug_info0:
  81 0000 59010000 		.4byte	0x159
  82 0004 0400     		.2byte	0x4
  83 0006 00000000 		.4byte	.Ldebug_abbrev0
  84 000a 04       		.byte	0x4
ARM GAS  C:\Users\mrgas\AppData\Local\Temp\cckznRN1.s 			page 3


  85 000b 01       		.uleb128 0x1
  86 000c 3A000000 		.4byte	.LASF21
  87 0010 0C       		.byte	0xc
  88 0011 2E000000 		.4byte	.LASF22
  89 0015 21010000 		.4byte	.LASF23
  90 0019 00000000 		.4byte	.Ldebug_ranges0+0
  91 001d 00000000 		.4byte	0
  92 0021 00000000 		.4byte	.Ldebug_line0
  93 0025 02       		.uleb128 0x2
  94 0026 01       		.byte	0x1
  95 0027 06       		.byte	0x6
  96 0028 C2010000 		.4byte	.LASF0
  97 002c 02       		.uleb128 0x2
  98 002d 01       		.byte	0x1
  99 002e 08       		.byte	0x8
 100 002f 05010000 		.4byte	.LASF1
 101 0033 02       		.uleb128 0x2
 102 0034 02       		.byte	0x2
 103 0035 05       		.byte	0x5
 104 0036 EA010000 		.4byte	.LASF2
 105 003a 02       		.uleb128 0x2
 106 003b 02       		.byte	0x2
 107 003c 07       		.byte	0x7
 108 003d 0E000000 		.4byte	.LASF3
 109 0041 03       		.uleb128 0x3
 110 0042 DA010000 		.4byte	.LASF9
 111 0046 02       		.byte	0x2
 112 0047 3F       		.byte	0x3f
 113 0048 4C000000 		.4byte	0x4c
 114 004c 02       		.uleb128 0x2
 115 004d 04       		.byte	0x4
 116 004e 05       		.byte	0x5
 117 004f 18010000 		.4byte	.LASF4
 118 0053 02       		.uleb128 0x2
 119 0054 04       		.byte	0x4
 120 0055 07       		.byte	0x7
 121 0056 86010000 		.4byte	.LASF5
 122 005a 02       		.uleb128 0x2
 123 005b 08       		.byte	0x8
 124 005c 05       		.byte	0x5
 125 005d 00000000 		.4byte	.LASF6
 126 0061 02       		.uleb128 0x2
 127 0062 08       		.byte	0x8
 128 0063 07       		.byte	0x7
 129 0064 D0000000 		.4byte	.LASF7
 130 0068 04       		.uleb128 0x4
 131 0069 04       		.byte	0x4
 132 006a 05       		.byte	0x5
 133 006b 696E7400 		.ascii	"int\000"
 134 006f 02       		.uleb128 0x2
 135 0070 04       		.byte	0x4
 136 0071 07       		.byte	0x7
 137 0072 21000000 		.4byte	.LASF8
 138 0076 03       		.uleb128 0x3
 139 0077 F4010000 		.4byte	.LASF10
 140 007b 03       		.byte	0x3
 141 007c 2C       		.byte	0x2c
ARM GAS  C:\Users\mrgas\AppData\Local\Temp\cckznRN1.s 			page 4


 142 007d 41000000 		.4byte	0x41
 143 0081 02       		.uleb128 0x2
 144 0082 04       		.byte	0x4
 145 0083 04       		.byte	0x4
 146 0084 E4010000 		.4byte	.LASF11
 147 0088 02       		.uleb128 0x2
 148 0089 08       		.byte	0x8
 149 008a 04       		.byte	0x4
 150 008b 7F010000 		.4byte	.LASF12
 151 008f 02       		.uleb128 0x2
 152 0090 01       		.byte	0x1
 153 0091 08       		.byte	0x8
 154 0092 13010000 		.4byte	.LASF13
 155 0096 02       		.uleb128 0x2
 156 0097 08       		.byte	0x8
 157 0098 04       		.byte	0x4
 158 0099 CE010000 		.4byte	.LASF14
 159 009d 02       		.uleb128 0x2
 160 009e 04       		.byte	0x4
 161 009f 07       		.byte	0x7
 162 00a0 FC010000 		.4byte	.LASF15
 163 00a4 05       		.uleb128 0x5
 164 00a5 35000000 		.4byte	.LASF24
 165 00a9 01       		.byte	0x1
 166 00aa 0F       		.byte	0xf
 167 00ab 68000000 		.4byte	0x68
 168 00af 00000000 		.4byte	.LFB64
 169 00b3 28000000 		.4byte	.LFE64-.LFB64
 170 00b7 01       		.uleb128 0x1
 171 00b8 9C       		.byte	0x9c
 172 00b9 14010000 		.4byte	0x114
 173 00bd 06       		.uleb128 0x6
 174 00be 06000000 		.4byte	.LVL0
 175 00c2 25010000 		.4byte	0x125
 176 00c6 06       		.uleb128 0x6
 177 00c7 0A000000 		.4byte	.LVL1
 178 00cb 30010000 		.4byte	0x130
 179 00cf 06       		.uleb128 0x6
 180 00d0 0E000000 		.4byte	.LVL2
 181 00d4 3B010000 		.4byte	0x13b
 182 00d8 07       		.uleb128 0x7
 183 00d9 14000000 		.4byte	.LVL3
 184 00dd 46010000 		.4byte	0x146
 185 00e1 EF000000 		.4byte	0xef
 186 00e5 08       		.uleb128 0x8
 187 00e6 01       		.uleb128 0x1
 188 00e7 50       		.byte	0x50
 189 00e8 05       		.uleb128 0x5
 190 00e9 03       		.byte	0x3
 191 00ea 00000000 		.4byte	.LC0
 192 00ee 00       		.byte	0
 193 00ef 07       		.uleb128 0x7
 194 00f0 1A000000 		.4byte	.LVL4
 195 00f4 51010000 		.4byte	0x151
 196 00f8 03010000 		.4byte	0x103
 197 00fc 08       		.uleb128 0x8
 198 00fd 01       		.uleb128 0x1
ARM GAS  C:\Users\mrgas\AppData\Local\Temp\cckznRN1.s 			page 5


 199 00fe 50       		.byte	0x50
 200 00ff 02       		.uleb128 0x2
 201 0100 08       		.byte	0x8
 202 0101 48       		.byte	0x48
 203 0102 00       		.byte	0
 204 0103 09       		.uleb128 0x9
 205 0104 20000000 		.4byte	.LVL5
 206 0108 51010000 		.4byte	0x151
 207 010c 08       		.uleb128 0x8
 208 010d 01       		.uleb128 0x1
 209 010e 50       		.byte	0x50
 210 010f 02       		.uleb128 0x2
 211 0110 08       		.byte	0x8
 212 0111 49       		.byte	0x49
 213 0112 00       		.byte	0
 214 0113 00       		.byte	0
 215 0114 0A       		.uleb128 0xa
 216 0115 B5010000 		.4byte	.LASF25
 217 0119 07       		.byte	0x7
 218 011a 1207     		.2byte	0x712
 219 011c 20010000 		.4byte	0x120
 220 0120 0B       		.uleb128 0xb
 221 0121 76000000 		.4byte	0x76
 222 0125 0C       		.uleb128 0xc
 223 0126 6E010000 		.4byte	.LASF16
 224 012a 6E010000 		.4byte	.LASF16
 225 012e 04       		.byte	0x4
 226 012f 93       		.byte	0x93
 227 0130 0C       		.uleb128 0xc
 228 0131 98010000 		.4byte	.LASF17
 229 0135 98010000 		.4byte	.LASF17
 230 0139 04       		.byte	0x4
 231 013a A4       		.byte	0xa4
 232 013b 0C       		.uleb128 0xc
 233 013c F8000000 		.4byte	.LASF18
 234 0140 F8000000 		.4byte	.LASF18
 235 0144 05       		.byte	0x5
 236 0145 54       		.byte	0x54
 237 0146 0C       		.uleb128 0xc
 238 0147 E7000000 		.4byte	.LASF19
 239 014b E7000000 		.4byte	.LASF19
 240 014f 05       		.byte	0x5
 241 0150 8B       		.byte	0x8b
 242 0151 0C       		.uleb128 0xc
 243 0152 C8000000 		.4byte	.LASF20
 244 0156 C8000000 		.4byte	.LASF20
 245 015a 06       		.byte	0x6
 246 015b 11       		.byte	0x11
 247 015c 00       		.byte	0
 248              		.section	.debug_abbrev,"",%progbits
 249              	.Ldebug_abbrev0:
 250 0000 01       		.uleb128 0x1
 251 0001 11       		.uleb128 0x11
 252 0002 01       		.byte	0x1
 253 0003 25       		.uleb128 0x25
 254 0004 0E       		.uleb128 0xe
 255 0005 13       		.uleb128 0x13
ARM GAS  C:\Users\mrgas\AppData\Local\Temp\cckznRN1.s 			page 6


 256 0006 0B       		.uleb128 0xb
 257 0007 03       		.uleb128 0x3
 258 0008 0E       		.uleb128 0xe
 259 0009 1B       		.uleb128 0x1b
 260 000a 0E       		.uleb128 0xe
 261 000b 55       		.uleb128 0x55
 262 000c 17       		.uleb128 0x17
 263 000d 11       		.uleb128 0x11
 264 000e 01       		.uleb128 0x1
 265 000f 10       		.uleb128 0x10
 266 0010 17       		.uleb128 0x17
 267 0011 00       		.byte	0
 268 0012 00       		.byte	0
 269 0013 02       		.uleb128 0x2
 270 0014 24       		.uleb128 0x24
 271 0015 00       		.byte	0
 272 0016 0B       		.uleb128 0xb
 273 0017 0B       		.uleb128 0xb
 274 0018 3E       		.uleb128 0x3e
 275 0019 0B       		.uleb128 0xb
 276 001a 03       		.uleb128 0x3
 277 001b 0E       		.uleb128 0xe
 278 001c 00       		.byte	0
 279 001d 00       		.byte	0
 280 001e 03       		.uleb128 0x3
 281 001f 16       		.uleb128 0x16
 282 0020 00       		.byte	0
 283 0021 03       		.uleb128 0x3
 284 0022 0E       		.uleb128 0xe
 285 0023 3A       		.uleb128 0x3a
 286 0024 0B       		.uleb128 0xb
 287 0025 3B       		.uleb128 0x3b
 288 0026 0B       		.uleb128 0xb
 289 0027 49       		.uleb128 0x49
 290 0028 13       		.uleb128 0x13
 291 0029 00       		.byte	0
 292 002a 00       		.byte	0
 293 002b 04       		.uleb128 0x4
 294 002c 24       		.uleb128 0x24
 295 002d 00       		.byte	0
 296 002e 0B       		.uleb128 0xb
 297 002f 0B       		.uleb128 0xb
 298 0030 3E       		.uleb128 0x3e
 299 0031 0B       		.uleb128 0xb
 300 0032 03       		.uleb128 0x3
 301 0033 08       		.uleb128 0x8
 302 0034 00       		.byte	0
 303 0035 00       		.byte	0
 304 0036 05       		.uleb128 0x5
 305 0037 2E       		.uleb128 0x2e
 306 0038 01       		.byte	0x1
 307 0039 3F       		.uleb128 0x3f
 308 003a 19       		.uleb128 0x19
 309 003b 03       		.uleb128 0x3
 310 003c 0E       		.uleb128 0xe
 311 003d 3A       		.uleb128 0x3a
 312 003e 0B       		.uleb128 0xb
ARM GAS  C:\Users\mrgas\AppData\Local\Temp\cckznRN1.s 			page 7


 313 003f 3B       		.uleb128 0x3b
 314 0040 0B       		.uleb128 0xb
 315 0041 27       		.uleb128 0x27
 316 0042 19       		.uleb128 0x19
 317 0043 49       		.uleb128 0x49
 318 0044 13       		.uleb128 0x13
 319 0045 8701     		.uleb128 0x87
 320 0047 19       		.uleb128 0x19
 321 0048 11       		.uleb128 0x11
 322 0049 01       		.uleb128 0x1
 323 004a 12       		.uleb128 0x12
 324 004b 06       		.uleb128 0x6
 325 004c 40       		.uleb128 0x40
 326 004d 18       		.uleb128 0x18
 327 004e 9742     		.uleb128 0x2117
 328 0050 19       		.uleb128 0x19
 329 0051 01       		.uleb128 0x1
 330 0052 13       		.uleb128 0x13
 331 0053 00       		.byte	0
 332 0054 00       		.byte	0
 333 0055 06       		.uleb128 0x6
 334 0056 898201   		.uleb128 0x4109
 335 0059 00       		.byte	0
 336 005a 11       		.uleb128 0x11
 337 005b 01       		.uleb128 0x1
 338 005c 31       		.uleb128 0x31
 339 005d 13       		.uleb128 0x13
 340 005e 00       		.byte	0
 341 005f 00       		.byte	0
 342 0060 07       		.uleb128 0x7
 343 0061 898201   		.uleb128 0x4109
 344 0064 01       		.byte	0x1
 345 0065 11       		.uleb128 0x11
 346 0066 01       		.uleb128 0x1
 347 0067 31       		.uleb128 0x31
 348 0068 13       		.uleb128 0x13
 349 0069 01       		.uleb128 0x1
 350 006a 13       		.uleb128 0x13
 351 006b 00       		.byte	0
 352 006c 00       		.byte	0
 353 006d 08       		.uleb128 0x8
 354 006e 8A8201   		.uleb128 0x410a
 355 0071 00       		.byte	0
 356 0072 02       		.uleb128 0x2
 357 0073 18       		.uleb128 0x18
 358 0074 9142     		.uleb128 0x2111
 359 0076 18       		.uleb128 0x18
 360 0077 00       		.byte	0
 361 0078 00       		.byte	0
 362 0079 09       		.uleb128 0x9
 363 007a 898201   		.uleb128 0x4109
 364 007d 01       		.byte	0x1
 365 007e 11       		.uleb128 0x11
 366 007f 01       		.uleb128 0x1
 367 0080 31       		.uleb128 0x31
 368 0081 13       		.uleb128 0x13
 369 0082 00       		.byte	0
ARM GAS  C:\Users\mrgas\AppData\Local\Temp\cckznRN1.s 			page 8


 370 0083 00       		.byte	0
 371 0084 0A       		.uleb128 0xa
 372 0085 34       		.uleb128 0x34
 373 0086 00       		.byte	0
 374 0087 03       		.uleb128 0x3
 375 0088 0E       		.uleb128 0xe
 376 0089 3A       		.uleb128 0x3a
 377 008a 0B       		.uleb128 0xb
 378 008b 3B       		.uleb128 0x3b
 379 008c 05       		.uleb128 0x5
 380 008d 49       		.uleb128 0x49
 381 008e 13       		.uleb128 0x13
 382 008f 3F       		.uleb128 0x3f
 383 0090 19       		.uleb128 0x19
 384 0091 3C       		.uleb128 0x3c
 385 0092 19       		.uleb128 0x19
 386 0093 00       		.byte	0
 387 0094 00       		.byte	0
 388 0095 0B       		.uleb128 0xb
 389 0096 35       		.uleb128 0x35
 390 0097 00       		.byte	0
 391 0098 49       		.uleb128 0x49
 392 0099 13       		.uleb128 0x13
 393 009a 00       		.byte	0
 394 009b 00       		.byte	0
 395 009c 0C       		.uleb128 0xc
 396 009d 2E       		.uleb128 0x2e
 397 009e 00       		.byte	0
 398 009f 3F       		.uleb128 0x3f
 399 00a0 19       		.uleb128 0x19
 400 00a1 3C       		.uleb128 0x3c
 401 00a2 19       		.uleb128 0x19
 402 00a3 6E       		.uleb128 0x6e
 403 00a4 0E       		.uleb128 0xe
 404 00a5 03       		.uleb128 0x3
 405 00a6 0E       		.uleb128 0xe
 406 00a7 3A       		.uleb128 0x3a
 407 00a8 0B       		.uleb128 0xb
 408 00a9 3B       		.uleb128 0x3b
 409 00aa 0B       		.uleb128 0xb
 410 00ab 00       		.byte	0
 411 00ac 00       		.byte	0
 412 00ad 00       		.byte	0
 413              		.section	.debug_aranges,"",%progbits
 414 0000 1C000000 		.4byte	0x1c
 415 0004 0200     		.2byte	0x2
 416 0006 00000000 		.4byte	.Ldebug_info0
 417 000a 04       		.byte	0x4
 418 000b 00       		.byte	0
 419 000c 0000     		.2byte	0
 420 000e 0000     		.2byte	0
 421 0010 00000000 		.4byte	.LFB64
 422 0014 28000000 		.4byte	.LFE64-.LFB64
 423 0018 00000000 		.4byte	0
 424 001c 00000000 		.4byte	0
 425              		.section	.debug_ranges,"",%progbits
 426              	.Ldebug_ranges0:
ARM GAS  C:\Users\mrgas\AppData\Local\Temp\cckznRN1.s 			page 9


 427 0000 00000000 		.4byte	.LFB64
 428 0004 28000000 		.4byte	.LFE64
 429 0008 00000000 		.4byte	0
 430 000c 00000000 		.4byte	0
 431              		.section	.debug_line,"",%progbits
 432              	.Ldebug_line0:
 433 0000 8C010000 		.section	.debug_str,"MS",%progbits,1
 433      02006901 
 433      00000201 
 433      FB0E0D00 
 433      01010101 
 434              	.LASF6:
 435 0000 6C6F6E67 		.ascii	"long long int\000"
 435      206C6F6E 
 435      6720696E 
 435      7400
 436              	.LASF3:
 437 000e 73686F72 		.ascii	"short unsigned int\000"
 437      7420756E 
 437      7369676E 
 437      65642069 
 437      6E7400
 438              	.LASF8:
 439 0021 756E7369 		.ascii	"unsigned int\000"
 439      676E6564 
 439      20696E74 
 439      00
 440              	.LASF22:
 441 002e 6D61696E 		.ascii	"main.c\000"
 441      2E6300
 442              	.LASF24:
 443 0035 6D61696E 		.ascii	"main\000"
 443      00
 444              	.LASF21:
 445 003a 474E5520 		.ascii	"GNU C11 5.4.1 20160609 (release) [ARM/embedded-5-br"
 445      43313120 
 445      352E342E 
 445      31203230 
 445      31363036 
 446 006d 616E6368 		.ascii	"anch revision 237715] -mcpu=cortex-m3 -mthumb -g -O"
 446      20726576 
 446      6973696F 
 446      6E203233 
 446      37373135 
 447 00a0 67202D66 		.ascii	"g -ffunction-sections -ffat-lto-objects\000"
 447      66756E63 
 447      74696F6E 
 447      2D736563 
 447      74696F6E 
 448              	.LASF20:
 449 00c8 67657454 		.ascii	"getTemp\000"
 449      656D7000 
 450              	.LASF7:
 451 00d0 6C6F6E67 		.ascii	"long long unsigned int\000"
 451      206C6F6E 
 451      6720756E 
 451      7369676E 
ARM GAS  C:\Users\mrgas\AppData\Local\Temp\cckznRN1.s 			page 10


 451      65642069 
 452              	.LASF19:
 453 00e7 55415254 		.ascii	"UART_1_PutString\000"
 453      5F315F50 
 453      75745374 
 453      72696E67 
 453      00
 454              	.LASF18:
 455 00f8 55415254 		.ascii	"UART_1_Start\000"
 455      5F315F53 
 455      74617274 
 455      00
 456              	.LASF1:
 457 0105 756E7369 		.ascii	"unsigned char\000"
 457      676E6564 
 457      20636861 
 457      7200
 458              	.LASF13:
 459 0113 63686172 		.ascii	"char\000"
 459      00
 460              	.LASF4:
 461 0118 6C6F6E67 		.ascii	"long int\000"
 461      20696E74 
 461      00
 462              	.LASF23:
 463 0121 433A5C55 		.ascii	"C:\\Users\\mrgas\\Documents\\PSoC Creator\\Projects"
 463      73657273 
 463      5C6D7267 
 463      61735C44 
 463      6F63756D 
 464 014f 5C436F6D 		.ascii	"\\Communication_Buses\\I2C.cydsn\000"
 464      6D756E69 
 464      63617469 
 464      6F6E5F42 
 464      75736573 
 465              	.LASF16:
 466 016e 4932435F 		.ascii	"I2C_Master_Start\000"
 466      4D617374 
 466      65725F53 
 466      74617274 
 466      00
 467              	.LASF12:
 468 017f 646F7562 		.ascii	"double\000"
 468      6C6500
 469              	.LASF5:
 470 0186 6C6F6E67 		.ascii	"long unsigned int\000"
 470      20756E73 
 470      69676E65 
 470      6420696E 
 470      7400
 471              	.LASF17:
 472 0198 4932435F 		.ascii	"I2C_Master_MasterClearStatus\000"
 472      4D617374 
 472      65725F4D 
 472      61737465 
 472      72436C65 
 473              	.LASF25:
ARM GAS  C:\Users\mrgas\AppData\Local\Temp\cckznRN1.s 			page 11


 474 01b5 49544D5F 		.ascii	"ITM_RxBuffer\000"
 474      52784275 
 474      66666572 
 474      00
 475              	.LASF0:
 476 01c2 7369676E 		.ascii	"signed char\000"
 476      65642063 
 476      68617200 
 477              	.LASF14:
 478 01ce 6C6F6E67 		.ascii	"long double\000"
 478      20646F75 
 478      626C6500 
 479              	.LASF9:
 480 01da 5F5F696E 		.ascii	"__int32_t\000"
 480      7433325F 
 480      7400
 481              	.LASF11:
 482 01e4 666C6F61 		.ascii	"float\000"
 482      7400
 483              	.LASF2:
 484 01ea 73686F72 		.ascii	"short int\000"
 484      7420696E 
 484      7400
 485              	.LASF10:
 486 01f4 696E7433 		.ascii	"int32_t\000"
 486      325F7400 
 487              	.LASF15:
 488 01fc 73697A65 		.ascii	"sizetype\000"
 488      74797065 
 488      00
 489              		.ident	"GCC: (GNU Tools for ARM Embedded Processors) 5.4.1 20160609 (release) [ARM/embedded-5-bran
