ARM GAS  C:\Users\marti\AppData\Local\Temp\cctqfXwW.s 			page 1


   1              		.syntax unified
   2              		.cpu cortex-m3
   3              		.fpu softvfp
   4              		.eabi_attribute 20, 1
   5              		.eabi_attribute 21, 1
   6              		.eabi_attribute 23, 3
   7              		.eabi_attribute 24, 1
   8              		.eabi_attribute 25, 1
   9              		.eabi_attribute 26, 1
  10              		.eabi_attribute 30, 1
  11              		.eabi_attribute 34, 1
  12              		.eabi_attribute 18, 4
  13              		.thumb
  14              		.syntax unified
  15              		.file	"cymetadata.c"
  16              		.text
  17              	.Ltext0:
  18              		.cfi_sections	.debug_frame
  19              		.global	cy_metadata
  20              		.global	cy_meta_flashprotect
  21              		.global	cy_meta_wonvl
  22              		.global	cy_meta_custnvl
  23              		.global	cy_meta_configecc
  24              		.section	.cyconfigecc,"a",%progbits
  25              		.align	2
  26              		.type	cy_meta_configecc, %object
  27              		.size	cy_meta_configecc, 1388
  28              	cy_meta_configecc:
  29 0000 04       		.byte	4
  30 0001 52       		.byte	82
  31 0002 00       		.byte	0
  32 0003 40       		.byte	64
  33 0004 03       		.byte	3
  34 0005 64       		.byte	100
  35 0006 00       		.byte	0
  36 0007 40       		.byte	64
  37 0008 03       		.byte	3
  38 0009 65       		.byte	101
  39 000a 00       		.byte	0
  40 000b 40       		.byte	64
  41 000c 01       		.byte	1
  42 000d 07       		.byte	7
  43 000e 01       		.byte	1
  44 000f 40       		.byte	64
  45 0010 52       		.byte	82
  46 0011 08       		.byte	8
  47 0012 01       		.byte	1
  48 0013 40       		.byte	64
  49 0014 44       		.byte	68
  50 0015 09       		.byte	9
  51 0016 01       		.byte	1
  52 0017 40       		.byte	64
  53 0018 46       		.byte	70
  54 0019 0A       		.byte	10
  55 001a 01       		.byte	1
  56 001b 40       		.byte	64
  57 001c 2E       		.byte	46
ARM GAS  C:\Users\marti\AppData\Local\Temp\cctqfXwW.s 			page 2


  58 001d 0B       		.byte	11
  59 001e 01       		.byte	1
  60 001f 40       		.byte	64
  61 0020 50       		.byte	80
  62 0021 18       		.byte	24
  63 0022 01       		.byte	1
  64 0023 40       		.byte	64
  65 0024 56       		.byte	86
  66 0025 19       		.byte	25
  67 0026 01       		.byte	1
  68 0027 40       		.byte	64
  69 0028 4A       		.byte	74
  70 0029 1A       		.byte	26
  71 002a 01       		.byte	1
  72 002b 40       		.byte	64
  73 002c 51       		.byte	81
  74 002d 1B       		.byte	27
  75 002e 01       		.byte	1
  76 002f 40       		.byte	64
  77 0030 02       		.byte	2
  78 0031 40       		.byte	64
  79 0032 01       		.byte	1
  80 0033 40       		.byte	64
  81 0034 01       		.byte	1
  82 0035 41       		.byte	65
  83 0036 01       		.byte	1
  84 0037 40       		.byte	64
  85 0038 01       		.byte	1
  86 0039 42       		.byte	66
  87 003a 01       		.byte	1
  88 003b 40       		.byte	64
  89 003c 03       		.byte	3
  90 003d 43       		.byte	67
  91 003e 01       		.byte	1
  92 003f 40       		.byte	64
  93 0040 02       		.byte	2
  94 0041 45       		.byte	69
  95 0042 01       		.byte	1
  96 0043 40       		.byte	64
  97 0044 01       		.byte	1
  98 0045 46       		.byte	70
  99 0046 01       		.byte	1
 100 0047 40       		.byte	64
 101 0048 02       		.byte	2
 102 0049 47       		.byte	71
 103 004a 01       		.byte	1
 104 004b 40       		.byte	64
 105 004c 08       		.byte	8
 106 004d 4C       		.byte	76
 107 004e 01       		.byte	1
 108 004f 40       		.byte	64
 109 0050 0B       		.byte	11
 110 0051 4D       		.byte	77
 111 0052 01       		.byte	1
 112 0053 40       		.byte	64
 113 0054 04       		.byte	4
 114 0055 50       		.byte	80
ARM GAS  C:\Users\marti\AppData\Local\Temp\cctqfXwW.s 			page 3


 115 0056 01       		.byte	1
 116 0057 40       		.byte	64
 117 0058 01       		.byte	1
 118 0059 51       		.byte	81
 119 005a 01       		.byte	1
 120 005b 40       		.byte	64
 121 005c 08       		.byte	8
 122 005d 40       		.byte	64
 123 005e 09       		.byte	9
 124 005f 40       		.byte	64
 125 0060 61       		.byte	97
 126 0061 80       		.byte	-128
 127 0062 64       		.byte	100
 128 0063 40       		.byte	64
 129 0064 88       		.byte	-120
 130 0065 78       		.byte	120
 131 0066 89       		.byte	-119
 132 0067 07       		.byte	7
 133 0068 8A       		.byte	-118
 134 0069 72       		.byte	114
 135 006a 89       		.byte	-119
 136 006b 0F       		.byte	15
 137 006c 8A       		.byte	-118
 138 006d 38       		.byte	56
 139 006e 8B       		.byte	-117
 140 006f 47       		.byte	71
 141 0070 E6       		.byte	-26
 142 0071 02       		.byte	2
 143 0072 09       		.byte	9
 144 0073 20       		.byte	32
 145 0074 0B       		.byte	11
 146 0075 05       		.byte	5
 147 0076 11       		.byte	17
 148 0077 0A       		.byte	10
 149 0078 13       		.byte	19
 150 0079 14       		.byte	20
 151 007a 15       		.byte	21
 152 007b 13       		.byte	19
 153 007c 17       		.byte	23
 154 007d 0C       		.byte	12
 155 007e 1B       		.byte	27
 156 007f 08       		.byte	8
 157 0080 21       		.byte	33
 158 0081 13       		.byte	19
 159 0082 23       		.byte	35
 160 0083 04       		.byte	4
 161 0084 29       		.byte	41
 162 0085 03       		.byte	3
 163 0086 2B       		.byte	43
 164 0087 04       		.byte	4
 165 0088 2C       		.byte	44
 166 0089 01       		.byte	1
 167 008a 30       		.byte	48
 168 008b 01       		.byte	1
 169 008c 33       		.byte	51
 170 008d 30       		.byte	48
 171 008e 35       		.byte	53
ARM GAS  C:\Users\marti\AppData\Local\Temp\cctqfXwW.s 			page 4


 172 008f 0F       		.byte	15
 173 0090 39       		.byte	57
 174 0091 08       		.byte	8
 175 0092 3B       		.byte	59
 176 0093 20       		.byte	32
 177 0094 3E       		.byte	62
 178 0095 01       		.byte	1
 179 0096 54       		.byte	84
 180 0097 20       		.byte	32
 181 0098 56       		.byte	86
 182 0099 04       		.byte	4
 183 009a 58       		.byte	88
 184 009b 04       		.byte	4
 185 009c 59       		.byte	89
 186 009d 04       		.byte	4
 187 009e 5B       		.byte	91
 188 009f 04       		.byte	4
 189 00a0 5C       		.byte	92
 190 00a1 10       		.byte	16
 191 00a2 5F       		.byte	95
 192 00a3 01       		.byte	1
 193 00a4 81       		.byte	-127
 194 00a5 01       		.byte	1
 195 00a6 83       		.byte	-125
 196 00a7 02       		.byte	2
 197 00a8 85       		.byte	-123
 198 00a9 80       		.byte	-128
 199 00aa 89       		.byte	-119
 200 00ab 01       		.byte	1
 201 00ac 8B       		.byte	-117
 202 00ad 08       		.byte	8
 203 00ae 8D       		.byte	-115
 204 00af 10       		.byte	16
 205 00b0 8E       		.byte	-114
 206 00b1 01       		.byte	1
 207 00b2 8F       		.byte	-113
 208 00b3 01       		.byte	1
 209 00b4 91       		.byte	-111
 210 00b5 80       		.byte	-128
 211 00b6 97       		.byte	-105
 212 00b7 20       		.byte	32
 213 00b8 99       		.byte	-103
 214 00b9 01       		.byte	1
 215 00ba 9A       		.byte	-102
 216 00bb 02       		.byte	2
 217 00bc 9B       		.byte	-101
 218 00bd 04       		.byte	4
 219 00be 9F       		.byte	-97
 220 00bf 40       		.byte	64
 221 00c0 A3       		.byte	-93
 222 00c1 1E       		.byte	30
 223 00c2 A7       		.byte	-89
 224 00c3 01       		.byte	1
 225 00c4 A9       		.byte	-87
 226 00c5 80       		.byte	-128
 227 00c6 AF       		.byte	-81
 228 00c7 40       		.byte	64
ARM GAS  C:\Users\marti\AppData\Local\Temp\cctqfXwW.s 			page 5


 229 00c8 B1       		.byte	-79
 230 00c9 80       		.byte	-128
 231 00ca B2       		.byte	-78
 232 00cb 01       		.byte	1
 233 00cc B3       		.byte	-77
 234 00cd 60       		.byte	96
 235 00ce B6       		.byte	-74
 236 00cf 02       		.byte	2
 237 00d0 B7       		.byte	-73
 238 00d1 1F       		.byte	31
 239 00d2 BF       		.byte	-65
 240 00d3 44       		.byte	68
 241 00d4 C0       		.byte	-64
 242 00d5 65       		.byte	101
 243 00d6 C1       		.byte	-63
 244 00d7 04       		.byte	4
 245 00d8 C2       		.byte	-62
 246 00d9 02       		.byte	2
 247 00da C4       		.byte	-60
 248 00db 03       		.byte	3
 249 00dc C5       		.byte	-59
 250 00dd C0       		.byte	-64
 251 00de C7       		.byte	-57
 252 00df 0E       		.byte	14
 253 00e0 C8       		.byte	-56
 254 00e1 12       		.byte	18
 255 00e2 C9       		.byte	-55
 256 00e3 FF       		.byte	-1
 257 00e4 CA       		.byte	-54
 258 00e5 FF       		.byte	-1
 259 00e6 CB       		.byte	-53
 260 00e7 FF       		.byte	-1
 261 00e8 CC       		.byte	-52
 262 00e9 62       		.byte	98
 263 00ea CD       		.byte	-51
 264 00eb A0       		.byte	-96
 265 00ec CE       		.byte	-50
 266 00ed F0       		.byte	-16
 267 00ee CF       		.byte	-49
 268 00ef 41       		.byte	65
 269 00f0 D0       		.byte	-48
 270 00f1 0C       		.byte	12
 271 00f2 D6       		.byte	-42
 272 00f3 02       		.byte	2
 273 00f4 D7       		.byte	-41
 274 00f5 2C       		.byte	44
 275 00f6 D8       		.byte	-40
 276 00f7 04       		.byte	4
 277 00f8 D9       		.byte	-39
 278 00f9 04       		.byte	4
 279 00fa DA       		.byte	-38
 280 00fb 04       		.byte	4
 281 00fc DB       		.byte	-37
 282 00fd 24       		.byte	36
 283 00fe DC       		.byte	-36
 284 00ff 10       		.byte	16
 285 0100 DD       		.byte	-35
ARM GAS  C:\Users\marti\AppData\Local\Temp\cctqfXwW.s 			page 6


 286 0101 81       		.byte	-127
 287 0102 DE       		.byte	-34
 288 0103 08       		.byte	8
 289 0104 DF       		.byte	-33
 290 0105 11       		.byte	17
 291 0106 E6       		.byte	-26
 292 0107 40       		.byte	64
 293 0108 E7       		.byte	-25
 294 0109 02       		.byte	2
 295 010a E9       		.byte	-23
 296 010b 10       		.byte	16
 297 010c EA       		.byte	-22
 298 010d 30       		.byte	48
 299 010e EB       		.byte	-21
 300 010f 10       		.byte	16
 301 0110 ED       		.byte	-19
 302 0111 10       		.byte	16
 303 0112 EE       		.byte	-18
 304 0113 10       		.byte	16
 305 0114 EF       		.byte	-17
 306 0115 12       		.byte	18
 307 0116 01       		.byte	1
 308 0117 80       		.byte	-128
 309 0118 0B       		.byte	11
 310 0119 08       		.byte	8
 311 011a 13       		.byte	19
 312 011b 0C       		.byte	12
 313 011c 14       		.byte	20
 314 011d 02       		.byte	2
 315 011e 16       		.byte	22
 316 011f 02       		.byte	2
 317 0120 19       		.byte	25
 318 0121 08       		.byte	8
 319 0122 1A       		.byte	26
 320 0123 11       		.byte	17
 321 0124 1F       		.byte	31
 322 0125 01       		.byte	1
 323 0126 20       		.byte	32
 324 0127 10       		.byte	16
 325 0128 22       		.byte	34
 326 0129 02       		.byte	2
 327 012a 23       		.byte	35
 328 012b 02       		.byte	2
 329 012c 24       		.byte	36
 330 012d 20       		.byte	32
 331 012e 27       		.byte	39
 332 012f 24       		.byte	36
 333 0130 29       		.byte	41
 334 0131 01       		.byte	1
 335 0132 2A       		.byte	42
 336 0133 08       		.byte	8
 337 0134 2B       		.byte	43
 338 0135 09       		.byte	9
 339 0136 2C       		.byte	44
 340 0137 40       		.byte	64
 341 0138 2E       		.byte	46
 342 0139 20       		.byte	32
ARM GAS  C:\Users\marti\AppData\Local\Temp\cctqfXwW.s 			page 7


 343 013a 30       		.byte	48
 344 013b 26       		.byte	38
 345 013c 32       		.byte	50
 346 013d 44       		.byte	68
 347 013e 37       		.byte	55
 348 013f 25       		.byte	37
 349 0140 39       		.byte	57
 350 0141 A2       		.byte	-94
 351 0142 3B       		.byte	59
 352 0143 04       		.byte	4
 353 0144 3F       		.byte	63
 354 0145 20       		.byte	32
 355 0146 40       		.byte	64
 356 0147 50       		.byte	80
 357 0148 41       		.byte	65
 358 0149 20       		.byte	32
 359 014a 43       		.byte	67
 360 014b 02       		.byte	2
 361 014c 48       		.byte	72
 362 014d 44       		.byte	68
 363 014e 4A       		.byte	74
 364 014f 0A       		.byte	10
 365 0150 50       		.byte	80
 366 0151 04       		.byte	4
 367 0152 5C       		.byte	92
 368 0153 02       		.byte	2
 369 0154 63       		.byte	99
 370 0155 80       		.byte	-128
 371 0156 65       		.byte	101
 372 0157 10       		.byte	16
 373 0158 67       		.byte	103
 374 0159 52       		.byte	82
 375 015a 68       		.byte	104
 376 015b 20       		.byte	32
 377 015c 69       		.byte	105
 378 015d AA       		.byte	-86
 379 015e 79       		.byte	121
 380 015f 10       		.byte	16
 381 0160 7A       		.byte	122
 382 0161 24       		.byte	36
 383 0162 87       		.byte	-121
 384 0163 40       		.byte	64
 385 0164 90       		.byte	-112
 386 0165 40       		.byte	64
 387 0166 92       		.byte	-110
 388 0167 02       		.byte	2
 389 0168 93       		.byte	-109
 390 0169 20       		.byte	32
 391 016a 96       		.byte	-106
 392 016b 90       		.byte	-112
 393 016c 98       		.byte	-104
 394 016d 10       		.byte	16
 395 016e 99       		.byte	-103
 396 016f 80       		.byte	-128
 397 0170 9A       		.byte	-102
 398 0171 24       		.byte	36
 399 0172 9B       		.byte	-101
ARM GAS  C:\Users\marti\AppData\Local\Temp\cctqfXwW.s 			page 8


 400 0173 08       		.byte	8
 401 0174 9C       		.byte	-100
 402 0175 C4       		.byte	-60
 403 0176 9F       		.byte	-97
 404 0177 04       		.byte	4
 405 0178 A0       		.byte	-96
 406 0179 16       		.byte	22
 407 017a A1       		.byte	-95
 408 017b 60       		.byte	96
 409 017c A2       		.byte	-94
 410 017d 04       		.byte	4
 411 017e A3       		.byte	-93
 412 017f 80       		.byte	-128
 413 0180 A6       		.byte	-90
 414 0181 02       		.byte	2
 415 0182 A7       		.byte	-89
 416 0183 31       		.byte	49
 417 0184 AA       		.byte	-86
 418 0185 04       		.byte	4
 419 0186 C0       		.byte	-64
 420 0187 01       		.byte	1
 421 0188 C2       		.byte	-62
 422 0189 02       		.byte	2
 423 018a C4       		.byte	-60
 424 018b 80       		.byte	-128
 425 018c CA       		.byte	-54
 426 018d AF       		.byte	-81
 427 018e CC       		.byte	-52
 428 018f EF       		.byte	-17
 429 0190 CE       		.byte	-50
 430 0191 2F       		.byte	47
 431 0192 D0       		.byte	-48
 432 0193 07       		.byte	7
 433 0194 D2       		.byte	-46
 434 0195 0C       		.byte	12
 435 0196 D6       		.byte	-42
 436 0197 80       		.byte	-128
 437 0198 D8       		.byte	-40
 438 0199 F1       		.byte	-15
 439 019a DE       		.byte	-34
 440 019b 06       		.byte	6
 441 019c EE       		.byte	-18
 442 019d 04       		.byte	4
 443 019e 01       		.byte	1
 444 019f 10       		.byte	16
 445 01a0 04       		.byte	4
 446 01a1 33       		.byte	51
 447 01a2 05       		.byte	5
 448 01a3 18       		.byte	24
 449 01a4 06       		.byte	6
 450 01a5 0C       		.byte	12
 451 01a6 08       		.byte	8
 452 01a7 02       		.byte	2
 453 01a8 09       		.byte	9
 454 01a9 08       		.byte	8
 455 01aa 0C       		.byte	12
 456 01ab 3F       		.byte	63
ARM GAS  C:\Users\marti\AppData\Local\Temp\cctqfXwW.s 			page 9


 457 01ac 0D       		.byte	13
 458 01ad FF       		.byte	-1
 459 01ae 10       		.byte	16
 460 01af 01       		.byte	1
 461 01b0 13       		.byte	19
 462 01b1 E3       		.byte	-29
 463 01b2 14       		.byte	20
 464 01b3 03       		.byte	3
 465 01b4 15       		.byte	21
 466 01b5 C0       		.byte	-64
 467 01b6 18       		.byte	24
 468 01b7 1C       		.byte	28
 469 01b8 19       		.byte	25
 470 01b9 3C       		.byte	60
 471 01ba 1A       		.byte	26
 472 01bb 23       		.byte	35
 473 01bc 1B       		.byte	27
 474 01bd C2       		.byte	-62
 475 01be 1C       		.byte	28
 476 01bf 1F       		.byte	31
 477 01c0 1D       		.byte	29
 478 01c1 44       		.byte	68
 479 01c2 1E       		.byte	30
 480 01c3 20       		.byte	32
 481 01c4 20       		.byte	32
 482 01c5 08       		.byte	8
 483 01c6 21       		.byte	33
 484 01c7 1C       		.byte	28
 485 01c8 23       		.byte	35
 486 01c9 E1       		.byte	-31
 487 01ca 24       		.byte	36
 488 01cb 04       		.byte	4
 489 01cc 27       		.byte	39
 490 01cd 04       		.byte	4
 491 01ce 28       		.byte	40
 492 01cf 0C       		.byte	12
 493 01d0 29       		.byte	41
 494 01d1 E7       		.byte	-25
 495 01d2 2B       		.byte	43
 496 01d3 18       		.byte	24
 497 01d4 2D       		.byte	45
 498 01d5 80       		.byte	-128
 499 01d6 2E       		.byte	46
 500 01d7 23       		.byte	35
 501 01d8 31       		.byte	49
 502 01d9 C0       		.byte	-64
 503 01da 32       		.byte	50
 504 01db 10       		.byte	16
 505 01dc 33       		.byte	51
 506 01dd 1F       		.byte	31
 507 01de 34       		.byte	52
 508 01df 0F       		.byte	15
 509 01e0 35       		.byte	53
 510 01e1 38       		.byte	56
 511 01e2 36       		.byte	54
 512 01e3 2C       		.byte	44
 513 01e4 3A       		.byte	58
ARM GAS  C:\Users\marti\AppData\Local\Temp\cctqfXwW.s 			page 10


 514 01e5 A2       		.byte	-94
 515 01e6 3B       		.byte	59
 516 01e7 08       		.byte	8
 517 01e8 3E       		.byte	62
 518 01e9 04       		.byte	4
 519 01ea 56       		.byte	86
 520 01eb 02       		.byte	2
 521 01ec 57       		.byte	87
 522 01ed 12       		.byte	18
 523 01ee 58       		.byte	88
 524 01ef 04       		.byte	4
 525 01f0 59       		.byte	89
 526 01f1 04       		.byte	4
 527 01f2 5B       		.byte	91
 528 01f3 04       		.byte	4
 529 01f4 5C       		.byte	92
 530 01f5 11       		.byte	17
 531 01f6 5D       		.byte	93
 532 01f7 10       		.byte	16
 533 01f8 5F       		.byte	95
 534 01f9 01       		.byte	1
 535 01fa 8E       		.byte	-114
 536 01fb 01       		.byte	1
 537 01fc 94       		.byte	-108
 538 01fd 01       		.byte	1
 539 01fe B4       		.byte	-76
 540 01ff 01       		.byte	1
 541 0200 BE       		.byte	-66
 542 0201 10       		.byte	16
 543 0202 C0       		.byte	-64
 544 0203 36       		.byte	54
 545 0204 C1       		.byte	-63
 546 0205 04       		.byte	4
 547 0206 C6       		.byte	-58
 548 0207 CE       		.byte	-50
 549 0208 C7       		.byte	-57
 550 0209 0B       		.byte	11
 551 020a C8       		.byte	-56
 552 020b 1C       		.byte	28
 553 020c C9       		.byte	-55
 554 020d FF       		.byte	-1
 555 020e CA       		.byte	-54
 556 020f FF       		.byte	-1
 557 0210 CB       		.byte	-53
 558 0211 FF       		.byte	-1
 559 0212 CE       		.byte	-50
 560 0213 F0       		.byte	-16
 561 0214 CF       		.byte	-49
 562 0215 44       		.byte	68
 563 0216 D0       		.byte	-48
 564 0217 0C       		.byte	12
 565 0218 D6       		.byte	-42
 566 0219 08       		.byte	8
 567 021a D8       		.byte	-40
 568 021b 04       		.byte	4
 569 021c DA       		.byte	-38
 570 021d 04       		.byte	4
ARM GAS  C:\Users\marti\AppData\Local\Temp\cctqfXwW.s 			page 11


 571 021e DB       		.byte	-37
 572 021f 04       		.byte	4
 573 0220 DD       		.byte	-35
 574 0221 01       		.byte	1
 575 0222 DF       		.byte	-33
 576 0223 01       		.byte	1
 577 0224 E6       		.byte	-26
 578 0225 C0       		.byte	-64
 579 0226 EA       		.byte	-22
 580 0227 40       		.byte	64
 581 0228 EB       		.byte	-21
 582 0229 02       		.byte	2
 583 022a 00       		.byte	0
 584 022b 4C       		.byte	76
 585 022c 01       		.byte	1
 586 022d 10       		.byte	16
 587 022e 05       		.byte	5
 588 022f 80       		.byte	-128
 589 0230 08       		.byte	8
 590 0231 14       		.byte	20
 591 0232 0A       		.byte	10
 592 0233 89       		.byte	-119
 593 0234 0E       		.byte	14
 594 0235 10       		.byte	16
 595 0236 12       		.byte	18
 596 0237 02       		.byte	2
 597 0238 13       		.byte	19
 598 0239 26       		.byte	38
 599 023a 18       		.byte	24
 600 023b 44       		.byte	68
 601 023c 19       		.byte	25
 602 023d 24       		.byte	36
 603 023e 1A       		.byte	26
 604 023f 01       		.byte	1
 605 0240 1B       		.byte	27
 606 0241 80       		.byte	-128
 607 0242 1F       		.byte	31
 608 0243 10       		.byte	16
 609 0244 21       		.byte	33
 610 0245 20       		.byte	32
 611 0246 22       		.byte	34
 612 0247 05       		.byte	5
 613 0248 29       		.byte	41
 614 0249 20       		.byte	32
 615 024a 2B       		.byte	43
 616 024b A1       		.byte	-95
 617 024c 30       		.byte	48
 618 024d 14       		.byte	20
 619 024e 32       		.byte	50
 620 024f 42       		.byte	66
 621 0250 38       		.byte	56
 622 0251 68       		.byte	104
 623 0252 3A       		.byte	58
 624 0253 02       		.byte	2
 625 0254 44       		.byte	68
 626 0255 40       		.byte	64
 627 0256 47       		.byte	71
ARM GAS  C:\Users\marti\AppData\Local\Temp\cctqfXwW.s 			page 12


 628 0257 04       		.byte	4
 629 0258 4F       		.byte	79
 630 0259 20       		.byte	32
 631 025a 55       		.byte	85
 632 025b 40       		.byte	64
 633 025c 56       		.byte	86
 634 025d 24       		.byte	36
 635 025e 59       		.byte	89
 636 025f 04       		.byte	4
 637 0260 5C       		.byte	92
 638 0261 80       		.byte	-128
 639 0262 65       		.byte	101
 640 0263 80       		.byte	-128
 641 0264 68       		.byte	104
 642 0265 12       		.byte	18
 643 0266 6B       		.byte	107
 644 0267 08       		.byte	8
 645 0268 70       		.byte	112
 646 0269 14       		.byte	20
 647 026a 72       		.byte	114
 648 026b 02       		.byte	2
 649 026c 73       		.byte	115
 650 026d 26       		.byte	38
 651 026e 89       		.byte	-119
 652 026f 10       		.byte	16
 653 0270 8B       		.byte	-117
 654 0271 01       		.byte	1
 655 0272 C0       		.byte	-64
 656 0273 87       		.byte	-121
 657 0274 C2       		.byte	-62
 658 0275 2F       		.byte	47
 659 0276 C4       		.byte	-60
 660 0277 0F       		.byte	15
 661 0278 CA       		.byte	-54
 662 0279 0F       		.byte	15
 663 027a CC       		.byte	-52
 664 027b 0F       		.byte	15
 665 027c CE       		.byte	-50
 666 027d 0F       		.byte	15
 667 027e D0       		.byte	-48
 668 027f C0       		.byte	-64
 669 0280 D2       		.byte	-46
 670 0281 20       		.byte	32
 671 0282 D6       		.byte	-42
 672 0283 12       		.byte	18
 673 0284 D8       		.byte	-40
 674 0285 10       		.byte	16
 675 0286 03       		.byte	3
 676 0287 08       		.byte	8
 677 0288 06       		.byte	6
 678 0289 20       		.byte	32
 679 028a 08       		.byte	8
 680 028b 09       		.byte	9
 681 028c 0A       		.byte	10
 682 028d D0       		.byte	-48
 683 028e 0B       		.byte	11
 684 028f 33       		.byte	51
ARM GAS  C:\Users\marti\AppData\Local\Temp\cctqfXwW.s 			page 13


 685 0290 0C       		.byte	12
 686 0291 DC       		.byte	-36
 687 0292 0E       		.byte	14
 688 0293 22       		.byte	34
 689 0294 15       		.byte	21
 690 0295 71       		.byte	113
 691 0296 16       		.byte	22
 692 0297 03       		.byte	3
 693 0298 17       		.byte	23
 694 0299 06       		.byte	6
 695 029a 1B       		.byte	27
 696 029b 0C       		.byte	12
 697 029c 1C       		.byte	28
 698 029d 0C       		.byte	12
 699 029e 1D       		.byte	29
 700 029f 4C       		.byte	76
 701 02a0 1E       		.byte	30
 702 02a1 71       		.byte	113
 703 02a2 1F       		.byte	31
 704 02a3 13       		.byte	19
 705 02a4 20       		.byte	32
 706 02a5 10       		.byte	16
 707 02a6 21       		.byte	33
 708 02a7 71       		.byte	113
 709 02a8 22       		.byte	34
 710 02a9 40       		.byte	64
 711 02aa 23       		.byte	35
 712 02ab 0E       		.byte	14
 713 02ac 24       		.byte	36
 714 02ad 10       		.byte	16
 715 02ae 26       		.byte	38
 716 02af AC       		.byte	-84
 717 02b0 28       		.byte	40
 718 02b1 14       		.byte	20
 719 02b2 2B       		.byte	43
 720 02b3 10       		.byte	16
 721 02b4 31       		.byte	49
 722 02b5 10       		.byte	16
 723 02b6 32       		.byte	50
 724 02b7 1F       		.byte	31
 725 02b8 33       		.byte	51
 726 02b9 60       		.byte	96
 727 02ba 36       		.byte	54
 728 02bb E0       		.byte	-32
 729 02bc 37       		.byte	55
 730 02bd 0F       		.byte	15
 731 02be 39       		.byte	57
 732 02bf 08       		.byte	8
 733 02c0 3A       		.byte	58
 734 02c1 80       		.byte	-128
 735 02c2 3B       		.byte	59
 736 02c3 80       		.byte	-128
 737 02c4 3F       		.byte	63
 738 02c5 05       		.byte	5
 739 02c6 40       		.byte	64
 740 02c7 02       		.byte	2
 741 02c8 45       		.byte	69
ARM GAS  C:\Users\marti\AppData\Local\Temp\cctqfXwW.s 			page 14


 742 02c9 40       		.byte	64
 743 02ca 49       		.byte	73
 744 02cb FF       		.byte	-1
 745 02cc 4A       		.byte	74
 746 02cd 07       		.byte	7
 747 02ce 4B       		.byte	75
 748 02cf FF       		.byte	-1
 749 02d0 4C       		.byte	76
 750 02d1 40       		.byte	64
 751 02d2 4D       		.byte	77
 752 02d3 20       		.byte	32
 753 02d4 4E       		.byte	78
 754 02d5 F0       		.byte	-16
 755 02d6 4F       		.byte	79
 756 02d7 05       		.byte	5
 757 02d8 50       		.byte	80
 758 02d9 08       		.byte	8
 759 02da 56       		.byte	86
 760 02db 08       		.byte	8
 761 02dc 58       		.byte	88
 762 02dd 04       		.byte	4
 763 02de 59       		.byte	89
 764 02df 04       		.byte	4
 765 02e0 5A       		.byte	90
 766 02e1 04       		.byte	4
 767 02e2 5B       		.byte	91
 768 02e3 04       		.byte	4
 769 02e4 5C       		.byte	92
 770 02e5 11       		.byte	17
 771 02e6 5D       		.byte	93
 772 02e7 01       		.byte	1
 773 02e8 5F       		.byte	95
 774 02e9 01       		.byte	1
 775 02ea 60       		.byte	96
 776 02eb 40       		.byte	64
 777 02ec 61       		.byte	97
 778 02ed A8       		.byte	-88
 779 02ee 62       		.byte	98
 780 02ef 40       		.byte	64
 781 02f0 63       		.byte	99
 782 02f1 20       		.byte	32
 783 02f2 84       		.byte	-124
 784 02f3 02       		.byte	2
 785 02f4 92       		.byte	-110
 786 02f5 04       		.byte	4
 787 02f6 95       		.byte	-107
 788 02f7 01       		.byte	1
 789 02f8 97       		.byte	-105
 790 02f9 06       		.byte	6
 791 02fa 99       		.byte	-103
 792 02fb 07       		.byte	7
 793 02fc 9A       		.byte	-102
 794 02fd 01       		.byte	1
 795 02fe 9C       		.byte	-100
 796 02ff 01       		.byte	1
 797 0300 9D       		.byte	-99
 798 0301 02       		.byte	2
ARM GAS  C:\Users\marti\AppData\Local\Temp\cctqfXwW.s 			page 15


 799 0302 9F       		.byte	-97
 800 0303 01       		.byte	1
 801 0304 A9       		.byte	-87
 802 0305 07       		.byte	7
 803 0306 AC       		.byte	-84
 804 0307 08       		.byte	8
 805 0308 AD       		.byte	-83
 806 0309 04       		.byte	4
 807 030a AF       		.byte	-81
 808 030b 01       		.byte	1
 809 030c B0       		.byte	-80
 810 030d 04       		.byte	4
 811 030e B2       		.byte	-78
 812 030f 08       		.byte	8
 813 0310 B3       		.byte	-77
 814 0311 07       		.byte	7
 815 0312 B4       		.byte	-76
 816 0313 01       		.byte	1
 817 0314 B6       		.byte	-74
 818 0315 02       		.byte	2
 819 0316 BE       		.byte	-66
 820 0317 54       		.byte	84
 821 0318 D4       		.byte	-44
 822 0319 01       		.byte	1
 823 031a D8       		.byte	-40
 824 031b 04       		.byte	4
 825 031c D9       		.byte	-39
 826 031d 04       		.byte	4
 827 031e DB       		.byte	-37
 828 031f 04       		.byte	4
 829 0320 DC       		.byte	-36
 830 0321 18       		.byte	24
 831 0322 DD       		.byte	-35
 832 0323 10       		.byte	16
 833 0324 DF       		.byte	-33
 834 0325 11       		.byte	17
 835 0326 00       		.byte	0
 836 0327 28       		.byte	40
 837 0328 02       		.byte	2
 838 0329 20       		.byte	32
 839 032a 03       		.byte	3
 840 032b 08       		.byte	8
 841 032c 04       		.byte	4
 842 032d 20       		.byte	32
 843 032e 05       		.byte	5
 844 032f 20       		.byte	32
 845 0330 06       		.byte	6
 846 0331 10       		.byte	16
 847 0332 07       		.byte	7
 848 0333 01       		.byte	1
 849 0334 09       		.byte	9
 850 0335 01       		.byte	1
 851 0336 0A       		.byte	10
 852 0337 01       		.byte	1
 853 0338 0B       		.byte	11
 854 0339 08       		.byte	8
 855 033a 0C       		.byte	12
ARM GAS  C:\Users\marti\AppData\Local\Temp\cctqfXwW.s 			page 16


 856 033b 40       		.byte	64
 857 033c 0D       		.byte	13
 858 033d 08       		.byte	8
 859 033e 10       		.byte	16
 860 033f 21       		.byte	33
 861 0340 11       		.byte	17
 862 0341 80       		.byte	-128
 863 0342 13       		.byte	19
 864 0343 08       		.byte	8
 865 0344 15       		.byte	21
 866 0345 01       		.byte	1
 867 0346 16       		.byte	22
 868 0347 04       		.byte	4
 869 0348 17       		.byte	23
 870 0349 04       		.byte	4
 871 034a 19       		.byte	25
 872 034b 15       		.byte	21
 873 034c 1B       		.byte	27
 874 034d 40       		.byte	64
 875 034e 1D       		.byte	29
 876 034f 08       		.byte	8
 877 0350 1F       		.byte	31
 878 0351 40       		.byte	64
 879 0352 22       		.byte	34
 880 0353 04       		.byte	4
 881 0354 26       		.byte	38
 882 0355 80       		.byte	-128
 883 0356 27       		.byte	39
 884 0357 61       		.byte	97
 885 0358 2B       		.byte	43
 886 0359 09       		.byte	9
 887 035a 2C       		.byte	44
 888 035b 40       		.byte	64
 889 035c 2E       		.byte	46
 890 035d 30       		.byte	48
 891 035e 2F       		.byte	47
 892 035f 40       		.byte	64
 893 0360 30       		.byte	48
 894 0361 20       		.byte	32
 895 0362 32       		.byte	50
 896 0363 44       		.byte	68
 897 0364 35       		.byte	53
 898 0365 20       		.byte	32
 899 0366 36       		.byte	54
 900 0367 80       		.byte	-128
 901 0368 37       		.byte	55
 902 0369 04       		.byte	4
 903 036a 3D       		.byte	61
 904 036b 01       		.byte	1
 905 036c 3F       		.byte	63
 906 036d 20       		.byte	32
 907 036e 47       		.byte	71
 908 036f 20       		.byte	32
 909 0370 4D       		.byte	77
 910 0371 01       		.byte	1
 911 0372 56       		.byte	86
 912 0373 10       		.byte	16
ARM GAS  C:\Users\marti\AppData\Local\Temp\cctqfXwW.s 			page 17


 913 0374 57       		.byte	87
 914 0375 10       		.byte	16
 915 0376 58       		.byte	88
 916 0377 01       		.byte	1
 917 0378 59       		.byte	89
 918 0379 04       		.byte	4
 919 037a 5A       		.byte	90
 920 037b 10       		.byte	16
 921 037c 5B       		.byte	91
 922 037d 40       		.byte	64
 923 037e 5D       		.byte	93
 924 037f 40       		.byte	64
 925 0380 5E       		.byte	94
 926 0381 20       		.byte	32
 927 0382 5F       		.byte	95
 928 0383 04       		.byte	4
 929 0384 66       		.byte	102
 930 0385 48       		.byte	72
 931 0386 67       		.byte	103
 932 0387 08       		.byte	8
 933 0388 79       		.byte	121
 934 0389 10       		.byte	16
 935 038a 84       		.byte	-124
 936 038b 04       		.byte	4
 937 038c 90       		.byte	-112
 938 038d 28       		.byte	40
 939 038e 91       		.byte	-111
 940 038f BA       		.byte	-70
 941 0390 92       		.byte	-110
 942 0391 03       		.byte	3
 943 0392 93       		.byte	-109
 944 0393 20       		.byte	32
 945 0394 96       		.byte	-106
 946 0395 88       		.byte	-120
 947 0396 97       		.byte	-105
 948 0397 08       		.byte	8
 949 0398 98       		.byte	-104
 950 0399 10       		.byte	16
 951 039a 99       		.byte	-103
 952 039b 88       		.byte	-120
 953 039c 9A       		.byte	-102
 954 039d 24       		.byte	36
 955 039e 9B       		.byte	-101
 956 039f 0E       		.byte	14
 957 03a0 9C       		.byte	-100
 958 03a1 C0       		.byte	-64
 959 03a2 9D       		.byte	-99
 960 03a3 11       		.byte	17
 961 03a4 9E       		.byte	-98
 962 03a5 42       		.byte	66
 963 03a6 9F       		.byte	-97
 964 03a7 01       		.byte	1
 965 03a8 A0       		.byte	-96
 966 03a9 50       		.byte	80
 967 03aa A1       		.byte	-95
 968 03ab 60       		.byte	96
 969 03ac A2       		.byte	-94
ARM GAS  C:\Users\marti\AppData\Local\Temp\cctqfXwW.s 			page 18


 970 03ad 08       		.byte	8
 971 03ae A3       		.byte	-93
 972 03af 82       		.byte	-126
 973 03b0 A6       		.byte	-90
 974 03b1 20       		.byte	32
 975 03b2 A7       		.byte	-89
 976 03b3 79       		.byte	121
 977 03b4 AE       		.byte	-82
 978 03b5 08       		.byte	8
 979 03b6 B2       		.byte	-78
 980 03b7 40       		.byte	64
 981 03b8 B3       		.byte	-77
 982 03b9 10       		.byte	16
 983 03ba C0       		.byte	-64
 984 03bb E4       		.byte	-28
 985 03bc C2       		.byte	-62
 986 03bd AB       		.byte	-85
 987 03be C4       		.byte	-60
 988 03bf 71       		.byte	113
 989 03c0 CA       		.byte	-54
 990 03c1 AC       		.byte	-84
 991 03c2 CC       		.byte	-52
 992 03c3 7E       		.byte	126
 993 03c4 CE       		.byte	-50
 994 03c5 A0       		.byte	-96
 995 03c6 D0       		.byte	-48
 996 03c7 20       		.byte	32
 997 03c8 D6       		.byte	-42
 998 03c9 7F       		.byte	127
 999 03ca D8       		.byte	-40
 1000 03cb 70       		.byte	112
 1001 03cc DE       		.byte	-34
 1002 03cd 04       		.byte	4
 1003 03ce E6       		.byte	-26
 1004 03cf 02       		.byte	2
 1005 03d0 EE       		.byte	-18
 1006 03d1 02       		.byte	2
 1007 03d2 00       		.byte	0
 1008 03d3 02       		.byte	2
 1009 03d4 02       		.byte	2
 1010 03d5 01       		.byte	1
 1011 03d6 07       		.byte	7
 1012 03d7 01       		.byte	1
 1013 03d8 08       		.byte	8
 1014 03d9 03       		.byte	3
 1015 03da 0E       		.byte	14
 1016 03db 08       		.byte	8
 1017 03dc 0F       		.byte	15
 1018 03dd 02       		.byte	2
 1019 03de 10       		.byte	16
 1020 03df 01       		.byte	1
 1021 03e0 12       		.byte	18
 1022 03e1 06       		.byte	6
 1023 03e2 13       		.byte	19
 1024 03e3 01       		.byte	1
 1025 03e4 15       		.byte	21
 1026 03e5 04       		.byte	4
ARM GAS  C:\Users\marti\AppData\Local\Temp\cctqfXwW.s 			page 19


 1027 03e6 19       		.byte	25
 1028 03e7 02       		.byte	2
 1029 03e8 1A       		.byte	26
 1030 03e9 08       		.byte	8
 1031 03ea 23       		.byte	35
 1032 03eb 04       		.byte	4
 1033 03ec 24       		.byte	36
 1034 03ed 03       		.byte	3
 1035 03ee 27       		.byte	39
 1036 03ef 04       		.byte	4
 1037 03f0 2D       		.byte	45
 1038 03f1 04       		.byte	4
 1039 03f2 30       		.byte	48
 1040 03f3 03       		.byte	3
 1041 03f4 31       		.byte	49
 1042 03f5 04       		.byte	4
 1043 03f6 32       		.byte	50
 1044 03f7 08       		.byte	8
 1045 03f8 34       		.byte	52
 1046 03f9 04       		.byte	4
 1047 03fa 35       		.byte	53
 1048 03fb 01       		.byte	1
 1049 03fc 37       		.byte	55
 1050 03fd 02       		.byte	2
 1051 03fe 39       		.byte	57
 1052 03ff 02       		.byte	2
 1053 0400 3E       		.byte	62
 1054 0401 04       		.byte	4
 1055 0402 3F       		.byte	63
 1056 0403 50       		.byte	80
 1057 0404 54       		.byte	84
 1058 0405 18       		.byte	24
 1059 0406 58       		.byte	88
 1060 0407 04       		.byte	4
 1061 0408 59       		.byte	89
 1062 0409 04       		.byte	4
 1063 040a 5B       		.byte	91
 1064 040b 04       		.byte	4
 1065 040c 5C       		.byte	92
 1066 040d 11       		.byte	17
 1067 040e 5D       		.byte	93
 1068 040f 10       		.byte	16
 1069 0410 5F       		.byte	95
 1070 0411 01       		.byte	1
 1071 0412 87       		.byte	-121
 1072 0413 01       		.byte	1
 1073 0414 94       		.byte	-108
 1074 0415 04       		.byte	4
 1075 0416 95       		.byte	-107
 1076 0417 01       		.byte	1
 1077 0418 9A       		.byte	-102
 1078 0419 01       		.byte	1
 1079 041a 9E       		.byte	-98
 1080 041b 03       		.byte	3
 1081 041c A0       		.byte	-96
 1082 041d 03       		.byte	3
 1083 041e A4       		.byte	-92
ARM GAS  C:\Users\marti\AppData\Local\Temp\cctqfXwW.s 			page 20


 1084 041f 03       		.byte	3
 1085 0420 A8       		.byte	-88
 1086 0421 03       		.byte	3
 1087 0422 AF       		.byte	-81
 1088 0423 01       		.byte	1
 1089 0424 B0       		.byte	-80
 1090 0425 04       		.byte	4
 1091 0426 B1       		.byte	-79
 1092 0427 01       		.byte	1
 1093 0428 B2       		.byte	-78
 1094 0429 01       		.byte	1
 1095 042a B6       		.byte	-74
 1096 042b 02       		.byte	2
 1097 042c BE       		.byte	-66
 1098 042d 45       		.byte	69
 1099 042e BF       		.byte	-65
 1100 042f 01       		.byte	1
 1101 0430 C0       		.byte	-64
 1102 0431 01       		.byte	1
 1103 0432 C1       		.byte	-63
 1104 0433 05       		.byte	5
 1105 0434 C2       		.byte	-62
 1106 0435 10       		.byte	16
 1107 0436 C4       		.byte	-60
 1108 0437 04       		.byte	4
 1109 0438 C5       		.byte	-59
 1110 0439 BC       		.byte	-68
 1111 043a C6       		.byte	-58
 1112 043b 0E       		.byte	14
 1113 043c C7       		.byte	-57
 1114 043d FD       		.byte	-3
 1115 043e C8       		.byte	-56
 1116 043f 37       		.byte	55
 1117 0440 C9       		.byte	-55
 1118 0441 FF       		.byte	-1
 1119 0442 CA       		.byte	-54
 1120 0443 FF       		.byte	-1
 1121 0444 CB       		.byte	-53
 1122 0445 FF       		.byte	-1
 1123 0446 CC       		.byte	-52
 1124 0447 22       		.byte	34
 1125 0448 CE       		.byte	-50
 1126 0449 F0       		.byte	-16
 1127 044a CF       		.byte	-49
 1128 044b 0C       		.byte	12
 1129 044c D0       		.byte	-48
 1130 044d 8C       		.byte	-116
 1131 044e D1       		.byte	-47
 1132 044f 10       		.byte	16
 1133 0450 D4       		.byte	-44
 1134 0451 41       		.byte	65
 1135 0452 D8       		.byte	-40
 1136 0453 04       		.byte	4
 1137 0454 D9       		.byte	-39
 1138 0455 04       		.byte	4
 1139 0456 DA       		.byte	-38
 1140 0457 24       		.byte	36
ARM GAS  C:\Users\marti\AppData\Local\Temp\cctqfXwW.s 			page 21


 1141 0458 DB       		.byte	-37
 1142 0459 04       		.byte	4
 1143 045a DD       		.byte	-35
 1144 045b 08       		.byte	8
 1145 045c DF       		.byte	-33
 1146 045d 11       		.byte	17
 1147 045e E8       		.byte	-24
 1148 045f 40       		.byte	64
 1149 0460 E9       		.byte	-23
 1150 0461 01       		.byte	1
 1151 0462 EA       		.byte	-22
 1152 0463 C0       		.byte	-64
 1153 0464 EB       		.byte	-21
 1154 0465 01       		.byte	1
 1155 0466 00       		.byte	0
 1156 0467 A0       		.byte	-96
 1157 0468 01       		.byte	1
 1158 0469 02       		.byte	2
 1159 046a 08       		.byte	8
 1160 046b 80       		.byte	-128
 1161 046c 09       		.byte	9
 1162 046d A0       		.byte	-96
 1163 046e 0A       		.byte	10
 1164 046f 80       		.byte	-128
 1165 0470 0D       		.byte	13
 1166 0471 48       		.byte	72
 1167 0472 0F       		.byte	15
 1168 0473 08       		.byte	8
 1169 0474 13       		.byte	19
 1170 0475 08       		.byte	8
 1171 0476 15       		.byte	21
 1172 0477 2A       		.byte	42
 1173 0478 18       		.byte	24
 1174 0479 10       		.byte	16
 1175 047a 19       		.byte	25
 1176 047b 02       		.byte	2
 1177 047c 1B       		.byte	27
 1178 047d 21       		.byte	33
 1179 047e 1D       		.byte	29
 1180 047f 80       		.byte	-128
 1181 0480 1E       		.byte	30
 1182 0481 20       		.byte	32
 1183 0482 1F       		.byte	31
 1184 0483 01       		.byte	1
 1185 0484 20       		.byte	32
 1186 0485 04       		.byte	4
 1187 0486 21       		.byte	33
 1188 0487 02       		.byte	2
 1189 0488 22       		.byte	34
 1190 0489 80       		.byte	-128
 1191 048a 24       		.byte	36
 1192 048b 40       		.byte	64
 1193 048c 28       		.byte	40
 1194 048d 10       		.byte	16
 1195 048e 2B       		.byte	43
 1196 048f 82       		.byte	-126
 1197 0490 2D       		.byte	45
ARM GAS  C:\Users\marti\AppData\Local\Temp\cctqfXwW.s 			page 22


 1198 0491 80       		.byte	-128
 1199 0492 31       		.byte	49
 1200 0493 02       		.byte	2
 1201 0494 32       		.byte	50
 1202 0495 28       		.byte	40
 1203 0496 35       		.byte	53
 1204 0497 08       		.byte	8
 1205 0498 38       		.byte	56
 1206 0499 88       		.byte	-120
 1207 049a 3D       		.byte	61
 1208 049b 04       		.byte	4
 1209 049c 3E       		.byte	62
 1210 049d 08       		.byte	8
 1211 049e 45       		.byte	69
 1212 049f 80       		.byte	-128
 1213 04a0 47       		.byte	71
 1214 04a1 02       		.byte	2
 1215 04a2 4C       		.byte	76
 1216 04a3 40       		.byte	64
 1217 04a4 4F       		.byte	79
 1218 04a5 84       		.byte	-124
 1219 04a6 56       		.byte	86
 1220 04a7 82       		.byte	-126
 1221 04a8 57       		.byte	87
 1222 04a9 04       		.byte	4
 1223 04aa 5A       		.byte	90
 1224 04ab 02       		.byte	2
 1225 04ac 5C       		.byte	92
 1226 04ad 40       		.byte	64
 1227 04ae 5D       		.byte	93
 1228 04af 04       		.byte	4
 1229 04b0 5F       		.byte	95
 1230 04b1 20       		.byte	32
 1231 04b2 60       		.byte	96
 1232 04b3 06       		.byte	6
 1233 04b4 67       		.byte	103
 1234 04b5 20       		.byte	32
 1235 04b6 7D       		.byte	125
 1236 04b7 10       		.byte	16
 1237 04b8 80       		.byte	-128
 1238 04b9 12       		.byte	18
 1239 04ba 83       		.byte	-125
 1240 04bb 01       		.byte	1
 1241 04bc 86       		.byte	-122
 1242 04bd 80       		.byte	-128
 1243 04be 8A       		.byte	-118
 1244 04bf 80       		.byte	-128
 1245 04c0 8B       		.byte	-117
 1246 04c1 20       		.byte	32
 1247 04c2 8D       		.byte	-115
 1248 04c3 40       		.byte	64
 1249 04c4 8E       		.byte	-114
 1250 04c5 40       		.byte	64
 1251 04c6 8F       		.byte	-113
 1252 04c7 04       		.byte	4
 1253 04c8 90       		.byte	-112
 1254 04c9 08       		.byte	8
ARM GAS  C:\Users\marti\AppData\Local\Temp\cctqfXwW.s 			page 23


 1255 04ca 91       		.byte	-111
 1256 04cb BA       		.byte	-70
 1257 04cc 92       		.byte	-110
 1258 04cd 02       		.byte	2
 1259 04ce 93       		.byte	-109
 1260 04cf 20       		.byte	32
 1261 04d0 95       		.byte	-107
 1262 04d1 40       		.byte	64
 1263 04d2 96       		.byte	-106
 1264 04d3 80       		.byte	-128
 1265 04d4 97       		.byte	-105
 1266 04d5 04       		.byte	4
 1267 04d6 98       		.byte	-104
 1268 04d7 10       		.byte	16
 1269 04d8 99       		.byte	-103
 1270 04d9 88       		.byte	-120
 1271 04da 9A       		.byte	-102
 1272 04db 08       		.byte	8
 1273 04dc 9B       		.byte	-101
 1274 04dd 0A       		.byte	10
 1275 04de 9C       		.byte	-100
 1276 04df 80       		.byte	-128
 1277 04e0 9E       		.byte	-98
 1278 04e1 02       		.byte	2
 1279 04e2 A0       		.byte	-96
 1280 04e3 50       		.byte	80
 1281 04e4 A1       		.byte	-95
 1282 04e5 28       		.byte	40
 1283 04e6 A2       		.byte	-94
 1284 04e7 28       		.byte	40
 1285 04e8 A3       		.byte	-93
 1286 04e9 C2       		.byte	-62
 1287 04ea A6       		.byte	-90
 1288 04eb 10       		.byte	16
 1289 04ec A7       		.byte	-89
 1290 04ed 21       		.byte	33
 1291 04ee B5       		.byte	-75
 1292 04ef 01       		.byte	1
 1293 04f0 C0       		.byte	-64
 1294 04f1 0B       		.byte	11
 1295 04f2 C2       		.byte	-62
 1296 04f3 EA       		.byte	-22
 1297 04f4 C4       		.byte	-60
 1298 04f5 74       		.byte	116
 1299 04f6 CA       		.byte	-54
 1300 04f7 1B       		.byte	27
 1301 04f8 CC       		.byte	-52
 1302 04f9 47       		.byte	71
 1303 04fa CE       		.byte	-50
 1304 04fb 4A       		.byte	74
 1305 04fc D0       		.byte	-48
 1306 04fd 90       		.byte	-112
 1307 04fe D2       		.byte	-46
 1308 04ff 10       		.byte	16
 1309 0500 D6       		.byte	-42
 1310 0501 71       		.byte	113
 1311 0502 D8       		.byte	-40
ARM GAS  C:\Users\marti\AppData\Local\Temp\cctqfXwW.s 			page 24


 1312 0503 4C       		.byte	76
 1313 0504 DE       		.byte	-34
 1314 0505 20       		.byte	32
 1315 0506 E4       		.byte	-28
 1316 0507 0C       		.byte	12
 1317 0508 32       		.byte	50
 1318 0509 20       		.byte	32
 1319 050a CC       		.byte	-52
 1320 050b 10       		.byte	16
 1321 050c A6       		.byte	-90
 1322 050d 20       		.byte	32
 1323 050e A6       		.byte	-90
 1324 050f 20       		.byte	32
 1325 0510 86       		.byte	-122
 1326 0511 20       		.byte	32
 1327 0512 A6       		.byte	-90
 1328 0513 20       		.byte	32
 1329 0514 E6       		.byte	-26
 1330 0515 40       		.byte	64
 1331 0516 03       		.byte	3
 1332 0517 88       		.byte	-120
 1333 0518 C0       		.byte	-64
 1334 0519 0A       		.byte	10
 1335 051a A3       		.byte	-93
 1336 051b 88       		.byte	-120
 1337 051c A3       		.byte	-93
 1338 051d 08       		.byte	8
 1339 051e AB       		.byte	-85
 1340 051f 80       		.byte	-128
 1341 0520 0D       		.byte	13
 1342 0521 80       		.byte	-128
 1343 0522 67       		.byte	103
 1344 0523 08       		.byte	8
 1345 0524 87       		.byte	-121
 1346 0525 08       		.byte	8
 1347 0526 A3       		.byte	-93
 1348 0527 08       		.byte	8
 1349 0528 A5       		.byte	-91
 1350 0529 80       		.byte	-128
 1351 052a AD       		.byte	-83
 1352 052b 80       		.byte	-128
 1353 052c C2       		.byte	-62
 1354 052d 01       		.byte	1
 1355 052e D8       		.byte	-40
 1356 052f 01       		.byte	1
 1357 0530 12       		.byte	18
 1358 0531 20       		.byte	32
 1359 0532 70       		.byte	112
 1360 0533 01       		.byte	1
 1361 0534 80       		.byte	-128
 1362 0535 01       		.byte	1
 1363 0536 87       		.byte	-121
 1364 0537 04       		.byte	4
 1365 0538 8E       		.byte	-114
 1366 0539 20       		.byte	32
 1367 053a 97       		.byte	-105
 1368 053b 08       		.byte	8
ARM GAS  C:\Users\marti\AppData\Local\Temp\cctqfXwW.s 			page 25


 1369 053c B5       		.byte	-75
 1370 053d 80       		.byte	-128
 1371 053e C4       		.byte	-60
 1372 053f 08       		.byte	8
 1373 0540 DC       		.byte	-36
 1374 0541 01       		.byte	1
 1375 0542 E2       		.byte	-30
 1376 0543 08       		.byte	8
 1377 0544 EA       		.byte	-22
 1378 0545 08       		.byte	8
 1379 0546 00       		.byte	0
 1380 0547 03       		.byte	3
 1381 0548 0C       		.byte	12
 1382 0549 03       		.byte	3
 1383 054a 10       		.byte	16
 1384 054b 03       		.byte	3
 1385 054c 1C       		.byte	28
 1386 054d 03       		.byte	3
 1387 054e 00       		.byte	0
 1388 054f 03       		.byte	3
 1389 0550 80       		.byte	-128
 1390 0551 00       		.byte	0
 1391 0552 40       		.byte	64
 1392 0553 80       		.byte	-128
 1393 0554 80       		.byte	-128
 1394 0555 00       		.byte	0
 1395 0556 80       		.byte	-128
 1396 0557 00       		.byte	0
 1397 0558 00       		.byte	0
 1398 0559 00       		.byte	0
 1399 055a 00       		.byte	0
 1400 055b 00       		.byte	0
 1401 055c 80       		.byte	-128
 1402 055d 4B       		.byte	75
 1403 055e 4B       		.byte	75
 1404 055f 00       		.byte	0
 1405 0560 40       		.byte	64
 1406 0561 00       		.byte	0
 1407 0562 00       		.byte	0
 1408 0563 00       		.byte	0
 1409 0564 05       		.byte	5
 1410 0565 02       		.byte	2
 1411 0566 02       		.byte	2
 1412 0567 00       		.byte	0
 1413 0568 00       		.byte	0
 1414 0569 00       		.byte	0
 1415 056a 00       		.byte	0
 1416 056b 00       		.byte	0
 1417              		.section	.cywolatch,"a",%progbits
 1418              		.align	2
 1419              		.type	cy_meta_wonvl, %object
 1420              		.size	cy_meta_wonvl, 4
 1421              	cy_meta_wonvl:
 1422 0000 BC       		.byte	-68
 1423 0001 90       		.byte	-112
 1424 0002 AC       		.byte	-84
 1425 0003 AF       		.byte	-81
ARM GAS  C:\Users\marti\AppData\Local\Temp\cctqfXwW.s 			page 26


 1426              		.section	.cycustnvl,"a",%progbits
 1427              		.align	2
 1428              		.type	cy_meta_custnvl, %object
 1429              		.size	cy_meta_custnvl, 4
 1430              	cy_meta_custnvl:
 1431 0000 00       		.byte	0
 1432 0001 00       		.byte	0
 1433 0002 40       		.byte	64
 1434 0003 05       		.byte	5
 1435              		.section	.cymeta,"a",%progbits
 1436              		.align	2
 1437              		.type	cy_metadata, %object
 1438              		.size	cy_metadata, 12
 1439              	cy_metadata:
 1440 0000 00       		.byte	0
 1441 0001 01       		.byte	1
 1442 0002 2E       		.byte	46
 1443 0003 16       		.byte	22
 1444 0004 10       		.byte	16
 1445 0005 69       		.byte	105
 1446 0006 00       		.byte	0
 1447 0007 01       		.byte	1
 1448 0008 00       		.byte	0
 1449 0009 00       		.byte	0
 1450 000a 00       		.byte	0
 1451 000b 00       		.byte	0
 1452              		.section	.cyflashprotect,"a",%progbits
 1453              		.align	2
 1454              		.type	cy_meta_flashprotect, %object
 1455              		.size	cy_meta_flashprotect, 256
 1456              	cy_meta_flashprotect:
 1457 0000 00000000 		.space	256
 1457      00000000 
 1457      00000000 
 1457      00000000 
 1457      00000000 
 1458              		.text
 1459              	.Letext0:
 1460              		.file 1 "c:\\program files (x86)\\cypress\\psoc creator\\4.2\\psoc creator\\import\\gnu\\arm\\5.4.
 1461              		.file 2 "c:\\program files (x86)\\cypress\\psoc creator\\4.2\\psoc creator\\import\\gnu\\arm\\5.4.
 1462              		.file 3 "Generated_Source\\PSoC5\\cymetadata.c"
 1463              		.section	.debug_info,"",%progbits
 1464              	.Ldebug_info0:
 1465 0000 32010000 		.4byte	0x132
 1466 0004 0400     		.2byte	0x4
 1467 0006 00000000 		.4byte	.Ldebug_abbrev0
 1468 000a 04       		.byte	0x4
 1469 000b 01       		.uleb128 0x1
 1470 000c 24000000 		.4byte	.LASF17
 1471 0010 0C       		.byte	0xc
 1472 0011 C7010000 		.4byte	.LASF18
 1473 0015 7E010000 		.4byte	.LASF19
 1474 0019 00000000 		.4byte	.Ldebug_line0
 1475 001d 02       		.uleb128 0x2
 1476 001e 01       		.byte	0x1
 1477 001f 06       		.byte	0x6
 1478 0020 72010000 		.4byte	.LASF0
ARM GAS  C:\Users\marti\AppData\Local\Temp\cctqfXwW.s 			page 27


 1479 0024 03       		.uleb128 0x3
 1480 0025 00000000 		.4byte	.LASF9
 1481 0029 01       		.byte	0x1
 1482 002a 1D       		.byte	0x1d
 1483 002b 2F000000 		.4byte	0x2f
 1484 002f 02       		.uleb128 0x2
 1485 0030 01       		.byte	0x1
 1486 0031 08       		.byte	0x8
 1487 0032 16000000 		.4byte	.LASF1
 1488 0036 02       		.uleb128 0x2
 1489 0037 02       		.byte	0x2
 1490 0038 05       		.byte	0x5
 1491 0039 5F010000 		.4byte	.LASF2
 1492 003d 02       		.uleb128 0x2
 1493 003e 02       		.byte	0x2
 1494 003f 07       		.byte	0x7
 1495 0040 C4000000 		.4byte	.LASF3
 1496 0044 02       		.uleb128 0x2
 1497 0045 04       		.byte	0x4
 1498 0046 05       		.byte	0x5
 1499 0047 69010000 		.4byte	.LASF4
 1500 004b 02       		.uleb128 0x2
 1501 004c 04       		.byte	0x4
 1502 004d 07       		.byte	0x7
 1503 004e B2000000 		.4byte	.LASF5
 1504 0052 02       		.uleb128 0x2
 1505 0053 08       		.byte	0x8
 1506 0054 05       		.byte	0x5
 1507 0055 51010000 		.4byte	.LASF6
 1508 0059 02       		.uleb128 0x2
 1509 005a 08       		.byte	0x8
 1510 005b 07       		.byte	0x7
 1511 005c 06010000 		.4byte	.LASF7
 1512 0060 04       		.uleb128 0x4
 1513 0061 04       		.byte	0x4
 1514 0062 05       		.byte	0x5
 1515 0063 696E7400 		.ascii	"int\000"
 1516 0067 02       		.uleb128 0x2
 1517 0068 04       		.byte	0x4
 1518 0069 07       		.byte	0x7
 1519 006a F9000000 		.4byte	.LASF8
 1520 006e 03       		.uleb128 0x3
 1521 006f 1D010000 		.4byte	.LASF10
 1522 0073 02       		.byte	0x2
 1523 0074 18       		.byte	0x18
 1524 0075 24000000 		.4byte	0x24
 1525 0079 05       		.uleb128 0x5
 1526 007a 91000000 		.4byte	0x91
 1527 007e 8A000000 		.4byte	0x8a
 1528 0082 06       		.uleb128 0x6
 1529 0083 8A000000 		.4byte	0x8a
 1530 0087 6B05     		.2byte	0x56b
 1531 0089 00       		.byte	0
 1532 008a 02       		.uleb128 0x2
 1533 008b 04       		.byte	0x4
 1534 008c 07       		.byte	0x7
 1535 008d 48010000 		.4byte	.LASF11
ARM GAS  C:\Users\marti\AppData\Local\Temp\cctqfXwW.s 			page 28


 1536 0091 07       		.uleb128 0x7
 1537 0092 6E000000 		.4byte	0x6e
 1538 0096 08       		.uleb128 0x8
 1539 0097 E7000000 		.4byte	.LASF12
 1540 009b 03       		.byte	0x3
 1541 009c 1F       		.byte	0x1f
 1542 009d A7000000 		.4byte	0xa7
 1543 00a1 05       		.uleb128 0x5
 1544 00a2 03       		.byte	0x3
 1545 00a3 00000000 		.4byte	cy_meta_configecc
 1546 00a7 07       		.uleb128 0x7
 1547 00a8 79000000 		.4byte	0x79
 1548 00ac 05       		.uleb128 0x5
 1549 00ad 91000000 		.4byte	0x91
 1550 00b1 BC000000 		.4byte	0xbc
 1551 00b5 09       		.uleb128 0x9
 1552 00b6 8A000000 		.4byte	0x8a
 1553 00ba 03       		.byte	0x3
 1554 00bb 00       		.byte	0
 1555 00bc 08       		.uleb128 0x8
 1556 00bd D7000000 		.4byte	.LASF13
 1557 00c1 03       		.byte	0x3
 1558 00c2 DA       		.byte	0xda
 1559 00c3 CD000000 		.4byte	0xcd
 1560 00c7 05       		.uleb128 0x5
 1561 00c8 03       		.byte	0x3
 1562 00c9 00000000 		.4byte	cy_meta_custnvl
 1563 00cd 07       		.uleb128 0x7
 1564 00ce AC000000 		.4byte	0xac
 1565 00d2 08       		.uleb128 0x8
 1566 00d3 3A010000 		.4byte	.LASF14
 1567 00d7 03       		.byte	0x3
 1568 00d8 E8       		.byte	0xe8
 1569 00d9 E3000000 		.4byte	0xe3
 1570 00dd 05       		.uleb128 0x5
 1571 00de 03       		.byte	0x3
 1572 00df 00000000 		.4byte	cy_meta_wonvl
 1573 00e3 07       		.uleb128 0x7
 1574 00e4 AC000000 		.4byte	0xac
 1575 00e8 05       		.uleb128 0x5
 1576 00e9 91000000 		.4byte	0x91
 1577 00ed F8000000 		.4byte	0xf8
 1578 00f1 09       		.uleb128 0x9
 1579 00f2 8A000000 		.4byte	0x8a
 1580 00f6 FF       		.byte	0xff
 1581 00f7 00       		.byte	0
 1582 00f8 08       		.uleb128 0x8
 1583 00f9 25010000 		.4byte	.LASF15
 1584 00fd 03       		.byte	0x3
 1585 00fe F6       		.byte	0xf6
 1586 00ff 09010000 		.4byte	0x109
 1587 0103 05       		.uleb128 0x5
 1588 0104 03       		.byte	0x3
 1589 0105 00000000 		.4byte	cy_meta_flashprotect
 1590 0109 07       		.uleb128 0x7
 1591 010a E8000000 		.4byte	0xe8
 1592 010e 05       		.uleb128 0x5
ARM GAS  C:\Users\marti\AppData\Local\Temp\cctqfXwW.s 			page 29


 1593 010f 91000000 		.4byte	0x91
 1594 0113 1E010000 		.4byte	0x11e
 1595 0117 09       		.uleb128 0x9
 1596 0118 8A000000 		.4byte	0x8a
 1597 011c 0B       		.byte	0xb
 1598 011d 00       		.byte	0
 1599 011e 0A       		.uleb128 0xa
 1600 011f 0A000000 		.4byte	.LASF16
 1601 0123 03       		.byte	0x3
 1602 0124 2301     		.2byte	0x123
 1603 0126 30010000 		.4byte	0x130
 1604 012a 05       		.uleb128 0x5
 1605 012b 03       		.byte	0x3
 1606 012c 00000000 		.4byte	cy_metadata
 1607 0130 07       		.uleb128 0x7
 1608 0131 0E010000 		.4byte	0x10e
 1609 0135 00       		.byte	0
 1610              		.section	.debug_abbrev,"",%progbits
 1611              	.Ldebug_abbrev0:
 1612 0000 01       		.uleb128 0x1
 1613 0001 11       		.uleb128 0x11
 1614 0002 01       		.byte	0x1
 1615 0003 25       		.uleb128 0x25
 1616 0004 0E       		.uleb128 0xe
 1617 0005 13       		.uleb128 0x13
 1618 0006 0B       		.uleb128 0xb
 1619 0007 03       		.uleb128 0x3
 1620 0008 0E       		.uleb128 0xe
 1621 0009 1B       		.uleb128 0x1b
 1622 000a 0E       		.uleb128 0xe
 1623 000b 10       		.uleb128 0x10
 1624 000c 17       		.uleb128 0x17
 1625 000d 00       		.byte	0
 1626 000e 00       		.byte	0
 1627 000f 02       		.uleb128 0x2
 1628 0010 24       		.uleb128 0x24
 1629 0011 00       		.byte	0
 1630 0012 0B       		.uleb128 0xb
 1631 0013 0B       		.uleb128 0xb
 1632 0014 3E       		.uleb128 0x3e
 1633 0015 0B       		.uleb128 0xb
 1634 0016 03       		.uleb128 0x3
 1635 0017 0E       		.uleb128 0xe
 1636 0018 00       		.byte	0
 1637 0019 00       		.byte	0
 1638 001a 03       		.uleb128 0x3
 1639 001b 16       		.uleb128 0x16
 1640 001c 00       		.byte	0
 1641 001d 03       		.uleb128 0x3
 1642 001e 0E       		.uleb128 0xe
 1643 001f 3A       		.uleb128 0x3a
 1644 0020 0B       		.uleb128 0xb
 1645 0021 3B       		.uleb128 0x3b
 1646 0022 0B       		.uleb128 0xb
 1647 0023 49       		.uleb128 0x49
 1648 0024 13       		.uleb128 0x13
 1649 0025 00       		.byte	0
ARM GAS  C:\Users\marti\AppData\Local\Temp\cctqfXwW.s 			page 30


 1650 0026 00       		.byte	0
 1651 0027 04       		.uleb128 0x4
 1652 0028 24       		.uleb128 0x24
 1653 0029 00       		.byte	0
 1654 002a 0B       		.uleb128 0xb
 1655 002b 0B       		.uleb128 0xb
 1656 002c 3E       		.uleb128 0x3e
 1657 002d 0B       		.uleb128 0xb
 1658 002e 03       		.uleb128 0x3
 1659 002f 08       		.uleb128 0x8
 1660 0030 00       		.byte	0
 1661 0031 00       		.byte	0
 1662 0032 05       		.uleb128 0x5
 1663 0033 01       		.uleb128 0x1
 1664 0034 01       		.byte	0x1
 1665 0035 49       		.uleb128 0x49
 1666 0036 13       		.uleb128 0x13
 1667 0037 01       		.uleb128 0x1
 1668 0038 13       		.uleb128 0x13
 1669 0039 00       		.byte	0
 1670 003a 00       		.byte	0
 1671 003b 06       		.uleb128 0x6
 1672 003c 21       		.uleb128 0x21
 1673 003d 00       		.byte	0
 1674 003e 49       		.uleb128 0x49
 1675 003f 13       		.uleb128 0x13
 1676 0040 2F       		.uleb128 0x2f
 1677 0041 05       		.uleb128 0x5
 1678 0042 00       		.byte	0
 1679 0043 00       		.byte	0
 1680 0044 07       		.uleb128 0x7
 1681 0045 26       		.uleb128 0x26
 1682 0046 00       		.byte	0
 1683 0047 49       		.uleb128 0x49
 1684 0048 13       		.uleb128 0x13
 1685 0049 00       		.byte	0
 1686 004a 00       		.byte	0
 1687 004b 08       		.uleb128 0x8
 1688 004c 34       		.uleb128 0x34
 1689 004d 00       		.byte	0
 1690 004e 03       		.uleb128 0x3
 1691 004f 0E       		.uleb128 0xe
 1692 0050 3A       		.uleb128 0x3a
 1693 0051 0B       		.uleb128 0xb
 1694 0052 3B       		.uleb128 0x3b
 1695 0053 0B       		.uleb128 0xb
 1696 0054 49       		.uleb128 0x49
 1697 0055 13       		.uleb128 0x13
 1698 0056 3F       		.uleb128 0x3f
 1699 0057 19       		.uleb128 0x19
 1700 0058 02       		.uleb128 0x2
 1701 0059 18       		.uleb128 0x18
 1702 005a 00       		.byte	0
 1703 005b 00       		.byte	0
 1704 005c 09       		.uleb128 0x9
 1705 005d 21       		.uleb128 0x21
 1706 005e 00       		.byte	0
ARM GAS  C:\Users\marti\AppData\Local\Temp\cctqfXwW.s 			page 31


 1707 005f 49       		.uleb128 0x49
 1708 0060 13       		.uleb128 0x13
 1709 0061 2F       		.uleb128 0x2f
 1710 0062 0B       		.uleb128 0xb
 1711 0063 00       		.byte	0
 1712 0064 00       		.byte	0
 1713 0065 0A       		.uleb128 0xa
 1714 0066 34       		.uleb128 0x34
 1715 0067 00       		.byte	0
 1716 0068 03       		.uleb128 0x3
 1717 0069 0E       		.uleb128 0xe
 1718 006a 3A       		.uleb128 0x3a
 1719 006b 0B       		.uleb128 0xb
 1720 006c 3B       		.uleb128 0x3b
 1721 006d 05       		.uleb128 0x5
 1722 006e 49       		.uleb128 0x49
 1723 006f 13       		.uleb128 0x13
 1724 0070 3F       		.uleb128 0x3f
 1725 0071 19       		.uleb128 0x19
 1726 0072 02       		.uleb128 0x2
 1727 0073 18       		.uleb128 0x18
 1728 0074 00       		.byte	0
 1729 0075 00       		.byte	0
 1730 0076 00       		.byte	0
 1731              		.section	.debug_aranges,"",%progbits
 1732 0000 14000000 		.4byte	0x14
 1733 0004 0200     		.2byte	0x2
 1734 0006 00000000 		.4byte	.Ldebug_info0
 1735 000a 04       		.byte	0x4
 1736 000b 00       		.byte	0
 1737 000c 0000     		.2byte	0
 1738 000e 0000     		.2byte	0
 1739 0010 00000000 		.4byte	0
 1740 0014 00000000 		.4byte	0
 1741              		.section	.debug_line,"",%progbits
 1742              	.Ldebug_line0:
 1743 0000 3D010000 		.section	.debug_str,"MS",%progbits,1
 1743      02003701 
 1743      00000201 
 1743      FB0E0D00 
 1743      01010101 
 1744              	.LASF9:
 1745 0000 5F5F7569 		.ascii	"__uint8_t\000"
 1745      6E74385F 
 1745      7400
 1746              	.LASF16:
 1747 000a 63795F6D 		.ascii	"cy_metadata\000"
 1747      65746164 
 1747      61746100 
 1748              	.LASF1:
 1749 0016 756E7369 		.ascii	"unsigned char\000"
 1749      676E6564 
 1749      20636861 
 1749      7200
 1750              	.LASF17:
 1751 0024 474E5520 		.ascii	"GNU C11 5.4.1 20160609 (release) [ARM/embedded-5-br"
 1751      43313120 
ARM GAS  C:\Users\marti\AppData\Local\Temp\cctqfXwW.s 			page 32


 1751      352E342E 
 1751      31203230 
 1751      31363036 
 1752 0057 616E6368 		.ascii	"anch revision 237715] -mcpu=cortex-m3 -mthumb -g -O"
 1752      20726576 
 1752      6973696F 
 1752      6E203233 
 1752      37373135 
 1753 008a 67202D66 		.ascii	"g -ffunction-sections -ffat-lto-objects\000"
 1753      66756E63 
 1753      74696F6E 
 1753      2D736563 
 1753      74696F6E 
 1754              	.LASF5:
 1755 00b2 6C6F6E67 		.ascii	"long unsigned int\000"
 1755      20756E73 
 1755      69676E65 
 1755      6420696E 
 1755      7400
 1756              	.LASF3:
 1757 00c4 73686F72 		.ascii	"short unsigned int\000"
 1757      7420756E 
 1757      7369676E 
 1757      65642069 
 1757      6E7400
 1758              	.LASF13:
 1759 00d7 63795F6D 		.ascii	"cy_meta_custnvl\000"
 1759      6574615F 
 1759      63757374 
 1759      6E766C00 
 1760              	.LASF12:
 1761 00e7 63795F6D 		.ascii	"cy_meta_configecc\000"
 1761      6574615F 
 1761      636F6E66 
 1761      69676563 
 1761      6300
 1762              	.LASF8:
 1763 00f9 756E7369 		.ascii	"unsigned int\000"
 1763      676E6564 
 1763      20696E74 
 1763      00
 1764              	.LASF7:
 1765 0106 6C6F6E67 		.ascii	"long long unsigned int\000"
 1765      206C6F6E 
 1765      6720756E 
 1765      7369676E 
 1765      65642069 
 1766              	.LASF10:
 1767 011d 75696E74 		.ascii	"uint8_t\000"
 1767      385F7400 
 1768              	.LASF15:
 1769 0125 63795F6D 		.ascii	"cy_meta_flashprotect\000"
 1769      6574615F 
 1769      666C6173 
 1769      6870726F 
 1769      74656374 
 1770              	.LASF14:
ARM GAS  C:\Users\marti\AppData\Local\Temp\cctqfXwW.s 			page 33


 1771 013a 63795F6D 		.ascii	"cy_meta_wonvl\000"
 1771      6574615F 
 1771      776F6E76 
 1771      6C00
 1772              	.LASF11:
 1773 0148 73697A65 		.ascii	"sizetype\000"
 1773      74797065 
 1773      00
 1774              	.LASF6:
 1775 0151 6C6F6E67 		.ascii	"long long int\000"
 1775      206C6F6E 
 1775      6720696E 
 1775      7400
 1776              	.LASF2:
 1777 015f 73686F72 		.ascii	"short int\000"
 1777      7420696E 
 1777      7400
 1778              	.LASF4:
 1779 0169 6C6F6E67 		.ascii	"long int\000"
 1779      20696E74 
 1779      00
 1780              	.LASF0:
 1781 0172 7369676E 		.ascii	"signed char\000"
 1781      65642063 
 1781      68617200 
 1782              	.LASF19:
 1783 017e 433A5C55 		.ascii	"C:\\Users\\marti\\OneDrive\\Dokumenter\\PSoC Creato"
 1783      73657273 
 1783      5C6D6172 
 1783      74695C4F 
 1783      6E654472 
 1784 01ac 725C5350 		.ascii	"r\\SPI_slave\\Design01.cydsn\000"
 1784      495F736C 
 1784      6176655C 
 1784      44657369 
 1784      676E3031 
 1785              	.LASF18:
 1786 01c7 47656E65 		.ascii	"Generated_Source\\PSoC5\\cymetadata.c\000"
 1786      72617465 
 1786      645F536F 
 1786      75726365 
 1786      5C50536F 
 1787              		.ident	"GCC: (GNU Tools for ARM Embedded Processors) 5.4.1 20160609 (release) [ARM/embedded-5-bran
