ARM GAS  C:\Users\mrgas\AppData\Local\Temp\ccB0Xc1u.s 			page 1


   1              		.syntax unified
   2              		.cpu cortex-m3
   3              		.fpu softvfp
   4              		.eabi_attribute 20, 1
   5              		.eabi_attribute 21, 1
   6              		.eabi_attribute 23, 3
   7              		.eabi_attribute 24, 1
   8              		.eabi_attribute 25, 1
   9              		.eabi_attribute 26, 1
  10              		.eabi_attribute 30, 1
  11              		.eabi_attribute 34, 1
  12              		.eabi_attribute 18, 4
  13              		.thumb
  14              		.syntax unified
  15              		.file	"cymetadata.c"
  16              		.text
  17              	.Ltext0:
  18              		.cfi_sections	.debug_frame
  19              		.global	cy_metadata
  20              		.global	cy_meta_flashprotect
  21              		.global	cy_meta_wonvl
  22              		.global	cy_meta_custnvl
  23              		.global	cy_meta_configecc
  24              		.section	.cyconfigecc,"a",%progbits
  25              		.align	2
  26              		.type	cy_meta_configecc, %object
  27              		.size	cy_meta_configecc, 1396
  28              	cy_meta_configecc:
  29 0000 04       		.byte	4
  30 0001 52       		.byte	82
  31 0002 00       		.byte	0
  32 0003 40       		.byte	64
  33 0004 01       		.byte	1
  34 0005 64       		.byte	100
  35 0006 00       		.byte	0
  36 0007 40       		.byte	64
  37 0008 03       		.byte	3
  38 0009 65       		.byte	101
  39 000a 00       		.byte	0
  40 000b 40       		.byte	64
  41 000c 56       		.byte	86
  42 000d 08       		.byte	8
  43 000e 01       		.byte	1
  44 000f 40       		.byte	64
  45 0010 44       		.byte	68
  46 0011 09       		.byte	9
  47 0012 01       		.byte	1
  48 0013 40       		.byte	64
  49 0014 08       		.byte	8
  50 0015 0A       		.byte	10
  51 0016 01       		.byte	1
  52 0017 40       		.byte	64
  53 0018 3B       		.byte	59
  54 0019 0B       		.byte	11
  55 001a 01       		.byte	1
  56 001b 40       		.byte	64
  57 001c 02       		.byte	2
ARM GAS  C:\Users\mrgas\AppData\Local\Temp\ccB0Xc1u.s 			page 2


  58 001d 0D       		.byte	13
  59 001e 01       		.byte	1
  60 001f 40       		.byte	64
  61 0020 01       		.byte	1
  62 0021 15       		.byte	21
  63 0022 01       		.byte	1
  64 0023 40       		.byte	64
  65 0024 58       		.byte	88
  66 0025 18       		.byte	24
  67 0026 01       		.byte	1
  68 0027 40       		.byte	64
  69 0028 43       		.byte	67
  70 0029 19       		.byte	25
  71 002a 01       		.byte	1
  72 002b 40       		.byte	64
  73 002c 05       		.byte	5
  74 002d 1A       		.byte	26
  75 002e 01       		.byte	1
  76 002f 40       		.byte	64
  77 0030 49       		.byte	73
  78 0031 1B       		.byte	27
  79 0032 01       		.byte	1
  80 0033 40       		.byte	64
  81 0034 02       		.byte	2
  82 0035 40       		.byte	64
  83 0036 01       		.byte	1
  84 0037 40       		.byte	64
  85 0038 01       		.byte	1
  86 0039 41       		.byte	65
  87 003a 01       		.byte	1
  88 003b 40       		.byte	64
  89 003c 01       		.byte	1
  90 003d 42       		.byte	66
  91 003e 01       		.byte	1
  92 003f 40       		.byte	64
  93 0040 01       		.byte	1
  94 0041 43       		.byte	67
  95 0042 01       		.byte	1
  96 0043 40       		.byte	64
  97 0044 02       		.byte	2
  98 0045 44       		.byte	68
  99 0046 01       		.byte	1
 100 0047 40       		.byte	64
 101 0048 07       		.byte	7
 102 0049 45       		.byte	69
 103 004a 01       		.byte	1
 104 004b 40       		.byte	64
 105 004c 04       		.byte	4
 106 004d 46       		.byte	70
 107 004e 01       		.byte	1
 108 004f 40       		.byte	64
 109 0050 03       		.byte	3
 110 0051 47       		.byte	71
 111 0052 01       		.byte	1
 112 0053 40       		.byte	64
 113 0054 01       		.byte	1
 114 0055 48       		.byte	72
ARM GAS  C:\Users\mrgas\AppData\Local\Temp\ccB0Xc1u.s 			page 3


 115 0056 01       		.byte	1
 116 0057 40       		.byte	64
 117 0058 03       		.byte	3
 118 0059 49       		.byte	73
 119 005a 01       		.byte	1
 120 005b 40       		.byte	64
 121 005c 02       		.byte	2
 122 005d 4C       		.byte	76
 123 005e 01       		.byte	1
 124 005f 40       		.byte	64
 125 0060 05       		.byte	5
 126 0061 4D       		.byte	77
 127 0062 01       		.byte	1
 128 0063 40       		.byte	64
 129 0064 04       		.byte	4
 130 0065 50       		.byte	80
 131 0066 01       		.byte	1
 132 0067 40       		.byte	64
 133 0068 01       		.byte	1
 134 0069 51       		.byte	81
 135 006a 01       		.byte	1
 136 006b 40       		.byte	64
 137 006c 09       		.byte	9
 138 006d 80       		.byte	-128
 139 006e 10       		.byte	16
 140 006f 06       		.byte	6
 141 0070 11       		.byte	17
 142 0071 04       		.byte	4
 143 0072 64       		.byte	100
 144 0073 40       		.byte	64
 145 0074 8A       		.byte	-118
 146 0075 0F       		.byte	15
 147 0076 88       		.byte	-120
 148 0077 0F       		.byte	15
 149 0078 8A       		.byte	-118
 150 0079 72       		.byte	114
 151 007a 8B       		.byte	-117
 152 007b 38       		.byte	56
 153 007c 06       		.byte	6
 154 007d 10       		.byte	16
 155 007e 08       		.byte	8
 156 007f 02       		.byte	2
 157 0080 09       		.byte	9
 158 0081 01       		.byte	1
 159 0082 0A       		.byte	10
 160 0083 0D       		.byte	13
 161 0084 11       		.byte	17
 162 0085 01       		.byte	1
 163 0086 12       		.byte	18
 164 0087 20       		.byte	32
 165 0088 1A       		.byte	26
 166 0089 10       		.byte	16
 167 008a 1B       		.byte	27
 168 008b 01       		.byte	1
 169 008c 1C       		.byte	28
 170 008d 03       		.byte	3
 171 008e 1E       		.byte	30
ARM GAS  C:\Users\mrgas\AppData\Local\Temp\ccB0Xc1u.s 			page 4


 172 008f 0C       		.byte	12
 173 0090 22       		.byte	34
 174 0091 20       		.byte	32
 175 0092 24       		.byte	36
 176 0093 05       		.byte	5
 177 0094 26       		.byte	38
 178 0095 0A       		.byte	10
 179 0096 28       		.byte	40
 180 0097 09       		.byte	9
 181 0098 2A       		.byte	42
 182 0099 06       		.byte	6
 183 009a 2F       		.byte	47
 184 009b 01       		.byte	1
 185 009c 30       		.byte	48
 186 009d 10       		.byte	16
 187 009e 32       		.byte	50
 188 009f 20       		.byte	32
 189 00a0 34       		.byte	52
 190 00a1 0F       		.byte	15
 191 00a2 37       		.byte	55
 192 00a3 01       		.byte	1
 193 00a4 39       		.byte	57
 194 00a5 80       		.byte	-128
 195 00a6 3A       		.byte	58
 196 00a7 20       		.byte	32
 197 00a8 3E       		.byte	62
 198 00a9 05       		.byte	5
 199 00aa 58       		.byte	88
 200 00ab 04       		.byte	4
 201 00ac 59       		.byte	89
 202 00ad 04       		.byte	4
 203 00ae 5C       		.byte	92
 204 00af 10       		.byte	16
 205 00b0 5F       		.byte	95
 206 00b1 01       		.byte	1
 207 00b2 80       		.byte	-128
 208 00b3 4D       		.byte	77
 209 00b4 84       		.byte	-124
 210 00b5 02       		.byte	2
 211 00b6 86       		.byte	-122
 212 00b7 38       		.byte	56
 213 00b8 87       		.byte	-121
 214 00b9 20       		.byte	32
 215 00ba 88       		.byte	-120
 216 00bb 4D       		.byte	77
 217 00bc 8B       		.byte	-117
 218 00bd 03       		.byte	3
 219 00be 8C       		.byte	-116
 220 00bf 0D       		.byte	13
 221 00c0 8D       		.byte	-115
 222 00c1 10       		.byte	16
 223 00c2 8E       		.byte	-114
 224 00c3 40       		.byte	64
 225 00c4 8F       		.byte	-113
 226 00c5 AC       		.byte	-84
 227 00c6 92       		.byte	-110
 228 00c7 40       		.byte	64
ARM GAS  C:\Users\mrgas\AppData\Local\Temp\ccB0Xc1u.s 			page 5


 229 00c8 94       		.byte	-108
 230 00c9 02       		.byte	2
 231 00ca 95       		.byte	-107
 232 00cb DC       		.byte	-36
 233 00cc 96       		.byte	-106
 234 00cd 0D       		.byte	13
 235 00ce 97       		.byte	-105
 236 00cf 22       		.byte	34
 237 00d0 9D       		.byte	-99
 238 00d1 0C       		.byte	12
 239 00d2 9E       		.byte	-98
 240 00d3 10       		.byte	16
 241 00d4 9F       		.byte	-97
 242 00d5 71       		.byte	113
 243 00d6 A0       		.byte	-96
 244 00d7 21       		.byte	33
 245 00d8 A1       		.byte	-95
 246 00d9 10       		.byte	16
 247 00da A2       		.byte	-94
 248 00db 02       		.byte	2
 249 00dc A3       		.byte	-93
 250 00dd 40       		.byte	64
 251 00de A4       		.byte	-92
 252 00df 4D       		.byte	77
 253 00e0 A8       		.byte	-88
 254 00e1 02       		.byte	2
 255 00e2 A9       		.byte	-87
 256 00e3 09       		.byte	9
 257 00e4 AA       		.byte	-86
 258 00e5 34       		.byte	52
 259 00e6 AB       		.byte	-85
 260 00e7 D0       		.byte	-48
 261 00e8 AC       		.byte	-84
 262 00e9 4D       		.byte	77
 263 00ea AD       		.byte	-83
 264 00eb 14       		.byte	20
 265 00ec B2       		.byte	-78
 266 00ed 0F       		.byte	15
 267 00ee B3       		.byte	-77
 268 00ef 1F       		.byte	31
 269 00f0 B4       		.byte	-76
 270 00f1 40       		.byte	64
 271 00f2 B6       		.byte	-74
 272 00f3 30       		.byte	48
 273 00f4 B7       		.byte	-73
 274 00f5 E0       		.byte	-32
 275 00f6 BA       		.byte	-70
 276 00f7 08       		.byte	8
 277 00f8 BB       		.byte	-69
 278 00f9 80       		.byte	-128
 279 00fa BE       		.byte	-66
 280 00fb 10       		.byte	16
 281 00fc C0       		.byte	-64
 282 00fd 12       		.byte	18
 283 00fe C1       		.byte	-63
 284 00ff 05       		.byte	5
 285 0100 C5       		.byte	-59
ARM GAS  C:\Users\mrgas\AppData\Local\Temp\ccB0Xc1u.s 			page 6


 286 0101 0E       		.byte	14
 287 0102 C6       		.byte	-58
 288 0103 CB       		.byte	-53
 289 0104 C8       		.byte	-56
 290 0105 0D       		.byte	13
 291 0106 C9       		.byte	-55
 292 0107 FF       		.byte	-1
 293 0108 CA       		.byte	-54
 294 0109 FF       		.byte	-1
 295 010a CB       		.byte	-53
 296 010b FF       		.byte	-1
 297 010c CE       		.byte	-50
 298 010d F0       		.byte	-16
 299 010e CF       		.byte	-49
 300 010f 44       		.byte	68
 301 0110 D0       		.byte	-48
 302 0111 0C       		.byte	12
 303 0112 D4       		.byte	-44
 304 0113 40       		.byte	64
 305 0114 D8       		.byte	-40
 306 0115 04       		.byte	4
 307 0116 D9       		.byte	-39
 308 0117 04       		.byte	4
 309 0118 DA       		.byte	-38
 310 0119 04       		.byte	4
 311 011a DB       		.byte	-37
 312 011b 04       		.byte	4
 313 011c DC       		.byte	-36
 314 011d 10       		.byte	16
 315 011e DD       		.byte	-35
 316 011f 01       		.byte	1
 317 0120 DF       		.byte	-33
 318 0121 01       		.byte	1
 319 0122 E6       		.byte	-26
 320 0123 C0       		.byte	-64
 321 0124 EA       		.byte	-22
 322 0125 40       		.byte	64
 323 0126 EB       		.byte	-21
 324 0127 02       		.byte	2
 325 0128 01       		.byte	1
 326 0129 51       		.byte	81
 327 012a 03       		.byte	3
 328 012b 10       		.byte	16
 329 012c 05       		.byte	5
 330 012d 10       		.byte	16
 331 012e 06       		.byte	6
 332 012f 20       		.byte	32
 333 0130 08       		.byte	8
 334 0131 02       		.byte	2
 335 0132 0A       		.byte	10
 336 0133 11       		.byte	17
 337 0134 0B       		.byte	11
 338 0135 80       		.byte	-128
 339 0136 0C       		.byte	12
 340 0137 40       		.byte	64
 341 0138 0D       		.byte	13
 342 0139 20       		.byte	32
ARM GAS  C:\Users\mrgas\AppData\Local\Temp\ccB0Xc1u.s 			page 7


 343 013a 0F       		.byte	15
 344 013b 80       		.byte	-128
 345 013c 10       		.byte	16
 346 013d 20       		.byte	32
 347 013e 11       		.byte	17
 348 013f 80       		.byte	-128
 349 0140 12       		.byte	18
 350 0141 88       		.byte	-120
 351 0142 15       		.byte	21
 352 0143 08       		.byte	8
 353 0144 17       		.byte	23
 354 0145 12       		.byte	18
 355 0146 1A       		.byte	26
 356 0147 11       		.byte	17
 357 0148 1B       		.byte	27
 358 0149 10       		.byte	16
 359 014a 1D       		.byte	29
 360 014b 10       		.byte	16
 361 014c 1F       		.byte	31
 362 014d 05       		.byte	5
 363 014e 20       		.byte	32
 364 014f 02       		.byte	2
 365 0150 22       		.byte	34
 366 0151 40       		.byte	64
 367 0152 23       		.byte	35
 368 0153 10       		.byte	16
 369 0154 27       		.byte	39
 370 0155 02       		.byte	2
 371 0156 29       		.byte	41
 372 0157 01       		.byte	1
 373 0158 2A       		.byte	42
 374 0159 40       		.byte	64
 375 015a 2B       		.byte	43
 376 015b 08       		.byte	8
 377 015c 2E       		.byte	46
 378 015d 40       		.byte	64
 379 015e 31       		.byte	49
 380 015f 08       		.byte	8
 381 0160 32       		.byte	50
 382 0161 40       		.byte	64
 383 0162 36       		.byte	54
 384 0163 22       		.byte	34
 385 0164 39       		.byte	57
 386 0165 80       		.byte	-128
 387 0166 3A       		.byte	58
 388 0167 08       		.byte	8
 389 0168 3B       		.byte	59
 390 0169 10       		.byte	16
 391 016a 3C       		.byte	60
 392 016b 20       		.byte	32
 393 016c 41       		.byte	65
 394 016d 40       		.byte	64
 395 016e 42       		.byte	66
 396 016f 08       		.byte	8
 397 0170 48       		.byte	72
 398 0171 01       		.byte	1
 399 0172 4B       		.byte	75
ARM GAS  C:\Users\mrgas\AppData\Local\Temp\ccB0Xc1u.s 			page 8


 400 0173 04       		.byte	4
 401 0174 50       		.byte	80
 402 0175 10       		.byte	16
 403 0176 52       		.byte	82
 404 0177 40       		.byte	64
 405 0178 60       		.byte	96
 406 0179 02       		.byte	2
 407 017a 62       		.byte	98
 408 017b 10       		.byte	16
 409 017c 63       		.byte	99
 410 017d 20       		.byte	32
 411 017e 8A       		.byte	-118
 412 017f 01       		.byte	1
 413 0180 91       		.byte	-111
 414 0181 59       		.byte	89
 415 0182 93       		.byte	-109
 416 0183 80       		.byte	-128
 417 0184 97       		.byte	-105
 418 0185 10       		.byte	16
 419 0186 98       		.byte	-104
 420 0187 40       		.byte	64
 421 0188 99       		.byte	-103
 422 0189 C6       		.byte	-58
 423 018a 9A       		.byte	-102
 424 018b 10       		.byte	16
 425 018c 9B       		.byte	-101
 426 018d 01       		.byte	1
 427 018e 9D       		.byte	-99
 428 018f 18       		.byte	24
 429 0190 9F       		.byte	-97
 430 0191 10       		.byte	16
 431 0192 A0       		.byte	-96
 432 0193 20       		.byte	32
 433 0194 A1       		.byte	-95
 434 0195 40       		.byte	64
 435 0196 A2       		.byte	-94
 436 0197 88       		.byte	-120
 437 0198 A3       		.byte	-93
 438 0199 01       		.byte	1
 439 019a B4       		.byte	-76
 440 019b 20       		.byte	32
 441 019c B5       		.byte	-75
 442 019d 40       		.byte	64
 443 019e C0       		.byte	-64
 444 019f 6F       		.byte	111
 445 01a0 C2       		.byte	-62
 446 01a1 DD       		.byte	-35
 447 01a2 C4       		.byte	-60
 448 01a3 7F       		.byte	127
 449 01a4 CA       		.byte	-54
 450 01a5 1D       		.byte	29
 451 01a6 CC       		.byte	-52
 452 01a7 AA       		.byte	-86
 453 01a8 CE       		.byte	-50
 454 01a9 2E       		.byte	46
 455 01aa D0       		.byte	-48
 456 01ab 0C       		.byte	12
ARM GAS  C:\Users\mrgas\AppData\Local\Temp\ccB0Xc1u.s 			page 9


 457 01ac D2       		.byte	-46
 458 01ad 08       		.byte	8
 459 01ae D8       		.byte	-40
 460 01af 0E       		.byte	14
 461 01b0 86       		.byte	-122
 462 01b1 01       		.byte	1
 463 01b2 94       		.byte	-108
 464 01b3 02       		.byte	2
 465 01b4 B4       		.byte	-76
 466 01b5 02       		.byte	2
 467 01b6 B6       		.byte	-74
 468 01b7 01       		.byte	1
 469 01b8 BE       		.byte	-66
 470 01b9 10       		.byte	16
 471 01ba D8       		.byte	-40
 472 01bb 04       		.byte	4
 473 01bc DC       		.byte	-36
 474 01bd 01       		.byte	1
 475 01be DF       		.byte	-33
 476 01bf 01       		.byte	1
 477 01c0 00       		.byte	0
 478 01c1 18       		.byte	24
 479 01c2 01       		.byte	1
 480 01c3 41       		.byte	65
 481 01c4 02       		.byte	2
 482 01c5 40       		.byte	64
 483 01c6 03       		.byte	3
 484 01c7 10       		.byte	16
 485 01c8 05       		.byte	5
 486 01c9 08       		.byte	8
 487 01ca 09       		.byte	9
 488 01cb 48       		.byte	72
 489 01cc 0A       		.byte	10
 490 01cd 01       		.byte	1
 491 01ce 0B       		.byte	11
 492 01cf 40       		.byte	64
 493 01d0 0F       		.byte	15
 494 01d1 10       		.byte	16
 495 01d2 10       		.byte	16
 496 01d3 60       		.byte	96
 497 01d4 12       		.byte	18
 498 01d5 8A       		.byte	-118
 499 01d6 18       		.byte	24
 500 01d7 10       		.byte	16
 501 01d8 19       		.byte	25
 502 01d9 80       		.byte	-128
 503 01da 1A       		.byte	26
 504 01db 04       		.byte	4
 505 01dc 1B       		.byte	27
 506 01dd 01       		.byte	1
 507 01de 1C       		.byte	28
 508 01df 04       		.byte	4
 509 01e0 1D       		.byte	29
 510 01e1 40       		.byte	64
 511 01e2 20       		.byte	32
 512 01e3 02       		.byte	2
 513 01e4 21       		.byte	33
ARM GAS  C:\Users\mrgas\AppData\Local\Temp\ccB0Xc1u.s 			page 10


 514 01e5 04       		.byte	4
 515 01e6 22       		.byte	34
 516 01e7 88       		.byte	-120
 517 01e8 23       		.byte	35
 518 01e9 40       		.byte	64
 519 01ea 28       		.byte	40
 520 01eb 20       		.byte	32
 521 01ec 29       		.byte	41
 522 01ed 02       		.byte	2
 523 01ee 2A       		.byte	42
 524 01ef 40       		.byte	64
 525 01f0 32       		.byte	50
 526 01f1 88       		.byte	-120
 527 01f2 33       		.byte	51
 528 01f3 10       		.byte	16
 529 01f4 39       		.byte	57
 530 01f5 14       		.byte	20
 531 01f6 3A       		.byte	58
 532 01f7 02       		.byte	2
 533 01f8 3B       		.byte	59
 534 01f9 40       		.byte	64
 535 01fa 40       		.byte	64
 536 01fb 80       		.byte	-128
 537 01fc 41       		.byte	65
 538 01fd 04       		.byte	4
 539 01fe 42       		.byte	66
 540 01ff 04       		.byte	4
 541 0200 48       		.byte	72
 542 0201 05       		.byte	5
 543 0202 49       		.byte	73
 544 0203 06       		.byte	6
 545 0204 51       		.byte	81
 546 0205 08       		.byte	8
 547 0206 52       		.byte	82
 548 0207 10       		.byte	16
 549 0208 53       		.byte	83
 550 0209 40       		.byte	64
 551 020a 61       		.byte	97
 552 020b 10       		.byte	16
 553 020c 68       		.byte	104
 554 020d 20       		.byte	32
 555 020e 69       		.byte	105
 556 020f 55       		.byte	85
 557 0210 6A       		.byte	106
 558 0211 10       		.byte	16
 559 0212 72       		.byte	114
 560 0213 03       		.byte	3
 561 0214 86       		.byte	-122
 562 0215 04       		.byte	4
 563 0216 87       		.byte	-121
 564 0217 01       		.byte	1
 565 0218 8C       		.byte	-116
 566 0219 10       		.byte	16
 567 021a 8E       		.byte	-114
 568 021b 12       		.byte	18
 569 021c 94       		.byte	-108
 570 021d 04       		.byte	4
ARM GAS  C:\Users\mrgas\AppData\Local\Temp\ccB0Xc1u.s 			page 11


 571 021e 98       		.byte	-104
 572 021f 80       		.byte	-128
 573 0220 A8       		.byte	-88
 574 0221 80       		.byte	-128
 575 0222 C0       		.byte	-64
 576 0223 2F       		.byte	47
 577 0224 C2       		.byte	-62
 578 0225 2D       		.byte	45
 579 0226 C4       		.byte	-60
 580 0227 0F       		.byte	15
 581 0228 CA       		.byte	-54
 582 0229 0B       		.byte	11
 583 022a CC       		.byte	-52
 584 022b 0E       		.byte	14
 585 022c CE       		.byte	-50
 586 022d 0F       		.byte	15
 587 022e D0       		.byte	-48
 588 022f 07       		.byte	7
 589 0230 D2       		.byte	-46
 590 0231 0C       		.byte	12
 591 0232 D8       		.byte	-40
 592 0233 04       		.byte	4
 593 0234 EE       		.byte	-18
 594 0235 01       		.byte	1
 595 0236 80       		.byte	-128
 596 0237 04       		.byte	4
 597 0238 E0       		.byte	-32
 598 0239 04       		.byte	4
 599 023a E6       		.byte	-26
 600 023b 02       		.byte	2
 601 023c 04       		.byte	4
 602 023d 0A       		.byte	10
 603 023e 05       		.byte	5
 604 023f 80       		.byte	-128
 605 0240 06       		.byte	6
 606 0241 11       		.byte	17
 607 0242 0D       		.byte	13
 608 0243 70       		.byte	112
 609 0244 11       		.byte	17
 610 0245 04       		.byte	4
 611 0246 14       		.byte	20
 612 0247 01       		.byte	1
 613 0248 15       		.byte	21
 614 0249 2E       		.byte	46
 615 024a 16       		.byte	22
 616 024b 06       		.byte	6
 617 024c 17       		.byte	23
 618 024d 51       		.byte	81
 619 024e 18       		.byte	24
 620 024f 3F       		.byte	63
 621 0250 19       		.byte	25
 622 0251 24       		.byte	36
 623 0252 1B       		.byte	27
 624 0253 48       		.byte	72
 625 0254 1C       		.byte	28
 626 0255 14       		.byte	20
 627 0256 1D       		.byte	29
ARM GAS  C:\Users\mrgas\AppData\Local\Temp\ccB0Xc1u.s 			page 12


 628 0257 19       		.byte	25
 629 0258 1E       		.byte	30
 630 0259 09       		.byte	9
 631 025a 1F       		.byte	31
 632 025b 22       		.byte	34
 633 025c 28       		.byte	40
 634 025d 3F       		.byte	63
 635 025e 2C       		.byte	44
 636 025f 20       		.byte	32
 637 0260 30       		.byte	48
 638 0261 20       		.byte	32
 639 0262 33       		.byte	51
 640 0263 07       		.byte	7
 641 0264 34       		.byte	52
 642 0265 07       		.byte	7
 643 0266 35       		.byte	53
 644 0267 80       		.byte	-128
 645 0268 36       		.byte	54
 646 0269 18       		.byte	24
 647 026a 37       		.byte	55
 648 026b 78       		.byte	120
 649 026c 39       		.byte	57
 650 026d 80       		.byte	-128
 651 026e 3A       		.byte	58
 652 026f 08       		.byte	8
 653 0270 3B       		.byte	59
 654 0271 08       		.byte	8
 655 0272 3F       		.byte	63
 656 0273 10       		.byte	16
 657 0274 54       		.byte	84
 658 0275 01       		.byte	1
 659 0276 58       		.byte	88
 660 0277 04       		.byte	4
 661 0278 59       		.byte	89
 662 0279 04       		.byte	4
 663 027a 5B       		.byte	91
 664 027b 04       		.byte	4
 665 027c 5C       		.byte	92
 666 027d 01       		.byte	1
 667 027e 5D       		.byte	93
 668 027f 10       		.byte	16
 669 0280 5F       		.byte	95
 670 0281 01       		.byte	1
 671 0282 80       		.byte	-128
 672 0283 73       		.byte	115
 673 0284 82       		.byte	-126
 674 0285 04       		.byte	4
 675 0286 84       		.byte	-124
 676 0287 03       		.byte	3
 677 0288 86       		.byte	-122
 678 0289 04       		.byte	4
 679 028a 8A       		.byte	-118
 680 028b 08       		.byte	8
 681 028c 8B       		.byte	-117
 682 028d 10       		.byte	16
 683 028e 8C       		.byte	-116
 684 028f 73       		.byte	115
ARM GAS  C:\Users\mrgas\AppData\Local\Temp\ccB0Xc1u.s 			page 13


 685 0290 8D       		.byte	-115
 686 0291 11       		.byte	17
 687 0292 8E       		.byte	-114
 688 0293 0C       		.byte	12
 689 0294 8F       		.byte	-113
 690 0295 06       		.byte	6
 691 0296 93       		.byte	-109
 692 0297 08       		.byte	8
 693 0298 94       		.byte	-108
 694 0299 2A       		.byte	42
 695 029a 95       		.byte	-107
 696 029b 0C       		.byte	12
 697 029c 96       		.byte	-106
 698 029d 44       		.byte	68
 699 029e 97       		.byte	-105
 700 029f 13       		.byte	19
 701 02a0 9B       		.byte	-101
 702 02a1 13       		.byte	19
 703 02a2 A4       		.byte	-92
 704 02a3 80       		.byte	-128
 705 02a4 A6       		.byte	-90
 706 02a5 15       		.byte	21
 707 02a6 AB       		.byte	-85
 708 02a7 0C       		.byte	12
 709 02a8 AD       		.byte	-83
 710 02a9 11       		.byte	17
 711 02aa AF       		.byte	-81
 712 02ab 0E       		.byte	14
 713 02ac B0       		.byte	-80
 714 02ad 0F       		.byte	15
 715 02ae B1       		.byte	-79
 716 02af 10       		.byte	16
 717 02b0 B2       		.byte	-78
 718 02b1 C0       		.byte	-64
 719 02b2 B3       		.byte	-77
 720 02b3 0F       		.byte	15
 721 02b4 B4       		.byte	-76
 722 02b5 30       		.byte	48
 723 02b6 B8       		.byte	-72
 724 02b7 28       		.byte	40
 725 02b8 BA       		.byte	-70
 726 02b9 02       		.byte	2
 727 02ba BB       		.byte	-69
 728 02bb 08       		.byte	8
 729 02bc BE       		.byte	-66
 730 02bd 10       		.byte	16
 731 02be BF       		.byte	-65
 732 02bf 01       		.byte	1
 733 02c0 C0       		.byte	-64
 734 02c1 02       		.byte	2
 735 02c2 C5       		.byte	-59
 736 02c3 40       		.byte	64
 737 02c4 C9       		.byte	-55
 738 02c5 FF       		.byte	-1
 739 02c6 CA       		.byte	-54
 740 02c7 07       		.byte	7
 741 02c8 CB       		.byte	-53
ARM GAS  C:\Users\mrgas\AppData\Local\Temp\ccB0Xc1u.s 			page 14


 742 02c9 FF       		.byte	-1
 743 02ca CC       		.byte	-52
 744 02cb 40       		.byte	64
 745 02cc CD       		.byte	-51
 746 02cd 20       		.byte	32
 747 02ce CE       		.byte	-50
 748 02cf F0       		.byte	-16
 749 02d0 CF       		.byte	-49
 750 02d1 05       		.byte	5
 751 02d2 D0       		.byte	-48
 752 02d3 08       		.byte	8
 753 02d4 D4       		.byte	-44
 754 02d5 09       		.byte	9
 755 02d6 D8       		.byte	-40
 756 02d7 04       		.byte	4
 757 02d8 D9       		.byte	-39
 758 02d9 04       		.byte	4
 759 02da DA       		.byte	-38
 760 02db 04       		.byte	4
 761 02dc DB       		.byte	-37
 762 02dd 04       		.byte	4
 763 02de DC       		.byte	-36
 764 02df 11       		.byte	17
 765 02e0 DD       		.byte	-35
 766 02e1 01       		.byte	1
 767 02e2 DF       		.byte	-33
 768 02e3 01       		.byte	1
 769 02e4 E0       		.byte	-32
 770 02e5 40       		.byte	64
 771 02e6 E1       		.byte	-31
 772 02e7 A8       		.byte	-88
 773 02e8 E2       		.byte	-30
 774 02e9 40       		.byte	64
 775 02ea E3       		.byte	-29
 776 02eb 20       		.byte	32
 777 02ec 00       		.byte	0
 778 02ed 42       		.byte	66
 779 02ee 02       		.byte	2
 780 02ef 50       		.byte	80
 781 02f0 03       		.byte	3
 782 02f1 08       		.byte	8
 783 02f2 05       		.byte	5
 784 02f3 08       		.byte	8
 785 02f4 09       		.byte	9
 786 02f5 08       		.byte	8
 787 02f6 0C       		.byte	12
 788 02f7 04       		.byte	4
 789 02f8 0E       		.byte	14
 790 02f9 05       		.byte	5
 791 02fa 10       		.byte	16
 792 02fb 20       		.byte	32
 793 02fc 15       		.byte	21
 794 02fd 60       		.byte	96
 795 02fe 18       		.byte	24
 796 02ff 44       		.byte	68
 797 0300 1B       		.byte	27
 798 0301 08       		.byte	8
ARM GAS  C:\Users\mrgas\AppData\Local\Temp\ccB0Xc1u.s 			page 15


 799 0302 1C       		.byte	28
 800 0303 20       		.byte	32
 801 0304 1D       		.byte	29
 802 0305 02       		.byte	2
 803 0306 1E       		.byte	30
 804 0307 09       		.byte	9
 805 0308 1F       		.byte	31
 806 0309 40       		.byte	64
 807 030a 21       		.byte	33
 808 030b 08       		.byte	8
 809 030c 23       		.byte	35
 810 030d 40       		.byte	64
 811 030e 25       		.byte	37
 812 030f 40       		.byte	64
 813 0310 27       		.byte	39
 814 0311 18       		.byte	24
 815 0312 2A       		.byte	42
 816 0313 40       		.byte	64
 817 0314 2B       		.byte	43
 818 0315 08       		.byte	8
 819 0316 2C       		.byte	44
 820 0317 20       		.byte	32
 821 0318 2E       		.byte	46
 822 0319 08       		.byte	8
 823 031a 30       		.byte	48
 824 031b 20       		.byte	32
 825 031c 31       		.byte	49
 826 031d 09       		.byte	9
 827 031e 35       		.byte	53
 828 031f 02       		.byte	2
 829 0320 36       		.byte	54
 830 0321 88       		.byte	-120
 831 0322 37       		.byte	55
 832 0323 12       		.byte	18
 833 0324 38       		.byte	56
 834 0325 60       		.byte	96
 835 0326 39       		.byte	57
 836 0327 90       		.byte	-112
 837 0328 3A       		.byte	58
 838 0329 10       		.byte	16
 839 032a 3D       		.byte	61
 840 032b 84       		.byte	-124
 841 032c 3F       		.byte	63
 842 032d 04       		.byte	4
 843 032e 40       		.byte	64
 844 032f 04       		.byte	4
 845 0330 48       		.byte	72
 846 0331 20       		.byte	32
 847 0332 49       		.byte	73
 848 0333 01       		.byte	1
 849 0334 59       		.byte	89
 850 0335 A4       		.byte	-92
 851 0336 5B       		.byte	91
 852 0337 01       		.byte	1
 853 0338 5C       		.byte	92
 854 0339 02       		.byte	2
 855 033a 5D       		.byte	93
ARM GAS  C:\Users\mrgas\AppData\Local\Temp\ccB0Xc1u.s 			page 16


 856 033b 10       		.byte	16
 857 033c 5F       		.byte	95
 858 033d 48       		.byte	72
 859 033e 63       		.byte	99
 860 033f 02       		.byte	2
 861 0340 90       		.byte	-112
 862 0341 20       		.byte	32
 863 0342 93       		.byte	-109
 864 0343 0E       		.byte	14
 865 0344 95       		.byte	-107
 866 0345 80       		.byte	-128
 867 0346 96       		.byte	-106
 868 0347 40       		.byte	64
 869 0348 99       		.byte	-103
 870 0349 C6       		.byte	-58
 871 034a 9B       		.byte	-101
 872 034b 01       		.byte	1
 873 034c 9D       		.byte	-99
 874 034d 09       		.byte	9
 875 034e 9E       		.byte	-98
 876 034f 28       		.byte	40
 877 0350 9F       		.byte	-97
 878 0351 10       		.byte	16
 879 0352 A0       		.byte	-96
 880 0353 01       		.byte	1
 881 0354 A2       		.byte	-94
 882 0355 88       		.byte	-120
 883 0356 A3       		.byte	-93
 884 0357 01       		.byte	1
 885 0358 A4       		.byte	-92
 886 0359 10       		.byte	16
 887 035a A5       		.byte	-91
 888 035b 28       		.byte	40
 889 035c A6       		.byte	-90
 890 035d 22       		.byte	34
 891 035e A7       		.byte	-89
 892 035f 48       		.byte	72
 893 0360 C0       		.byte	-64
 894 0361 2F       		.byte	47
 895 0362 C2       		.byte	-62
 896 0363 E4       		.byte	-28
 897 0364 C4       		.byte	-60
 898 0365 C4       		.byte	-60
 899 0366 CA       		.byte	-54
 900 0367 0C       		.byte	12
 901 0368 CC       		.byte	-52
 902 0369 F7       		.byte	-9
 903 036a CE       		.byte	-50
 904 036b 5C       		.byte	92
 905 036c D0       		.byte	-48
 906 036d 04       		.byte	4
 907 036e D6       		.byte	-42
 908 036f FF       		.byte	-1
 909 0370 D8       		.byte	-40
 910 0371 08       		.byte	8
 911 0372 56       		.byte	86
 912 0373 02       		.byte	2
ARM GAS  C:\Users\mrgas\AppData\Local\Temp\ccB0Xc1u.s 			page 17


 913 0374 57       		.byte	87
 914 0375 11       		.byte	17
 915 0376 5B       		.byte	91
 916 0377 04       		.byte	4
 917 0378 5D       		.byte	93
 918 0379 10       		.byte	16
 919 037a 5F       		.byte	95
 920 037b 01       		.byte	1
 921 037c 04       		.byte	4
 922 037d 18       		.byte	24
 923 037e 05       		.byte	5
 924 037f 40       		.byte	64
 925 0380 06       		.byte	6
 926 0381 40       		.byte	64
 927 0382 0E       		.byte	14
 928 0383 41       		.byte	65
 929 0384 0F       		.byte	15
 930 0385 14       		.byte	20
 931 0386 14       		.byte	20
 932 0387 24       		.byte	36
 933 0388 16       		.byte	22
 934 0389 02       		.byte	2
 935 038a 17       		.byte	23
 936 038b 01       		.byte	1
 937 038c 1D       		.byte	29
 938 038d 20       		.byte	32
 939 038e 1E       		.byte	30
 940 038f 42       		.byte	66
 941 0390 24       		.byte	36
 942 0391 08       		.byte	8
 943 0392 26       		.byte	38
 944 0393 20       		.byte	32
 945 0394 27       		.byte	39
 946 0395 51       		.byte	81
 947 0396 2C       		.byte	44
 948 0397 08       		.byte	8
 949 0398 2E       		.byte	46
 950 0399 81       		.byte	-127
 951 039a 2F       		.byte	47
 952 039b 60       		.byte	96
 953 039c 32       		.byte	50
 954 039d 20       		.byte	32
 955 039e 33       		.byte	51
 956 039f 20       		.byte	32
 957 03a0 34       		.byte	52
 958 03a1 04       		.byte	4
 959 03a2 36       		.byte	54
 960 03a3 16       		.byte	22
 961 03a4 37       		.byte	55
 962 03a5 01       		.byte	1
 963 03a6 3C       		.byte	60
 964 03a7 30       		.byte	48
 965 03a8 3D       		.byte	61
 966 03a9 20       		.byte	32
 967 03aa 3E       		.byte	62
 968 03ab 42       		.byte	66
 969 03ac 3F       		.byte	63
ARM GAS  C:\Users\mrgas\AppData\Local\Temp\ccB0Xc1u.s 			page 18


 970 03ad 04       		.byte	4
 971 03ae 45       		.byte	69
 972 03af 12       		.byte	18
 973 03b0 46       		.byte	70
 974 03b1 D0       		.byte	-48
 975 03b2 47       		.byte	71
 976 03b3 40       		.byte	64
 977 03b4 4E       		.byte	78
 978 03b5 02       		.byte	2
 979 03b6 56       		.byte	86
 980 03b7 20       		.byte	32
 981 03b8 57       		.byte	87
 982 03b9 40       		.byte	64
 983 03ba 5B       		.byte	91
 984 03bb 10       		.byte	16
 985 03bc 5E       		.byte	94
 986 03bd 02       		.byte	2
 987 03be 61       		.byte	97
 988 03bf 20       		.byte	32
 989 03c0 62       		.byte	98
 990 03c1 10       		.byte	16
 991 03c2 67       		.byte	103
 992 03c3 4A       		.byte	74
 993 03c4 69       		.byte	105
 994 03c5 60       		.byte	96
 995 03c6 6A       		.byte	106
 996 03c7 04       		.byte	4
 997 03c8 70       		.byte	112
 998 03c9 08       		.byte	8
 999 03ca 72       		.byte	114
 1000 03cb 02       		.byte	2
 1001 03cc 73       		.byte	115
 1002 03cd 14       		.byte	20
 1003 03ce 87       		.byte	-121
 1004 03cf 40       		.byte	64
 1005 03d0 88       		.byte	-120
 1006 03d1 20       		.byte	32
 1007 03d2 89       		.byte	-119
 1008 03d3 08       		.byte	8
 1009 03d4 8A       		.byte	-118
 1010 03d5 10       		.byte	16
 1011 03d6 93       		.byte	-109
 1012 03d7 8A       		.byte	-118
 1013 03d8 95       		.byte	-107
 1014 03d9 60       		.byte	96
 1015 03da 96       		.byte	-106
 1016 03db 44       		.byte	68
 1017 03dc 99       		.byte	-103
 1018 03dd 40       		.byte	64
 1019 03de 9C       		.byte	-100
 1020 03df 04       		.byte	4
 1021 03e0 9D       		.byte	-99
 1022 03e1 08       		.byte	8
 1023 03e2 9E       		.byte	-98
 1024 03e3 20       		.byte	32
 1025 03e4 A0       		.byte	-96
 1026 03e5 10       		.byte	16
ARM GAS  C:\Users\mrgas\AppData\Local\Temp\ccB0Xc1u.s 			page 19


 1027 03e6 A1       		.byte	-95
 1028 03e7 02       		.byte	2
 1029 03e8 A2       		.byte	-94
 1030 03e9 04       		.byte	4
 1031 03ea A5       		.byte	-91
 1032 03eb 20       		.byte	32
 1033 03ec A6       		.byte	-90
 1034 03ed 22       		.byte	34
 1035 03ee A7       		.byte	-89
 1036 03ef 40       		.byte	64
 1037 03f0 AC       		.byte	-84
 1038 03f1 02       		.byte	2
 1039 03f2 AD       		.byte	-83
 1040 03f3 44       		.byte	68
 1041 03f4 B1       		.byte	-79
 1042 03f5 20       		.byte	32
 1043 03f6 B3       		.byte	-77
 1044 03f7 02       		.byte	2
 1045 03f8 C0       		.byte	-64
 1046 03f9 F0       		.byte	-16
 1047 03fa C2       		.byte	-62
 1048 03fb F0       		.byte	-16
 1049 03fc C4       		.byte	-60
 1050 03fd F0       		.byte	-16
 1051 03fe CA       		.byte	-54
 1052 03ff F0       		.byte	-16
 1053 0400 CC       		.byte	-52
 1054 0401 E0       		.byte	-32
 1055 0402 CE       		.byte	-50
 1056 0403 F0       		.byte	-16
 1057 0404 D0       		.byte	-48
 1058 0405 F0       		.byte	-16
 1059 0406 D2       		.byte	-46
 1060 0407 10       		.byte	16
 1061 0408 D6       		.byte	-42
 1062 0409 84       		.byte	-124
 1063 040a D8       		.byte	-40
 1064 040b B0       		.byte	-80
 1065 040c E8       		.byte	-24
 1066 040d 02       		.byte	2
 1067 040e 32       		.byte	50
 1068 040f 20       		.byte	32
 1069 0410 CC       		.byte	-52
 1070 0411 10       		.byte	16
 1071 0412 A6       		.byte	-90
 1072 0413 20       		.byte	32
 1073 0414 A6       		.byte	-90
 1074 0415 20       		.byte	32
 1075 0416 A6       		.byte	-90
 1076 0417 20       		.byte	32
 1077 0418 70       		.byte	112
 1078 0419 02       		.byte	2
 1079 041a DC       		.byte	-36
 1080 041b 01       		.byte	1
 1081 041c 03       		.byte	3
 1082 041d 40       		.byte	64
 1083 041e 57       		.byte	87
ARM GAS  C:\Users\mrgas\AppData\Local\Temp\ccB0Xc1u.s 			page 20


 1084 041f 12       		.byte	18
 1085 0420 80       		.byte	-128
 1086 0421 02       		.byte	2
 1087 0422 A4       		.byte	-92
 1088 0423 02       		.byte	2
 1089 0424 C0       		.byte	-64
 1090 0425 08       		.byte	8
 1091 0426 D4       		.byte	-44
 1092 0427 02       		.byte	2
 1093 0428 D6       		.byte	-42
 1094 0429 04       		.byte	4
 1095 042a 8F       		.byte	-113
 1096 042b 10       		.byte	16
 1097 042c A7       		.byte	-89
 1098 042d 12       		.byte	18
 1099 042e AB       		.byte	-85
 1100 042f 40       		.byte	64
 1101 0430 E0       		.byte	-32
 1102 0431 08       		.byte	8
 1103 0432 8B       		.byte	-117
 1104 0433 02       		.byte	2
 1105 0434 A7       		.byte	-89
 1106 0435 02       		.byte	2
 1107 0436 E4       		.byte	-28
 1108 0437 01       		.byte	1
 1109 0438 A6       		.byte	-90
 1110 0439 20       		.byte	32
 1111 043a 86       		.byte	-122
 1112 043b 20       		.byte	32
 1113 043c A6       		.byte	-90
 1114 043d 20       		.byte	32
 1115 043e E6       		.byte	-26
 1116 043f 40       		.byte	64
 1117 0440 61       		.byte	97
 1118 0441 02       		.byte	2
 1119 0442 D8       		.byte	-40
 1120 0443 02       		.byte	2
 1121 0444 10       		.byte	16
 1122 0445 40       		.byte	64
 1123 0446 88       		.byte	-120
 1124 0447 40       		.byte	64
 1125 0448 AD       		.byte	-83
 1126 0449 02       		.byte	2
 1127 044a C4       		.byte	-60
 1128 044b 08       		.byte	8
 1129 044c E2       		.byte	-30
 1130 044d 01       		.byte	1
 1131 044e 00       		.byte	0
 1132 044f 03       		.byte	3
 1133 0450 0C       		.byte	12
 1134 0451 03       		.byte	3
 1135 0452 10       		.byte	16
 1136 0453 03       		.byte	3
 1137 0454 1C       		.byte	28
 1138 0455 03       		.byte	3
 1139 0456 00       		.byte	0
 1140 0457 03       		.byte	3
ARM GAS  C:\Users\mrgas\AppData\Local\Temp\ccB0Xc1u.s 			page 21


 1141 0458 84       		.byte	-124
 1142 0459 9A       		.byte	-102
 1143 045a 00       		.byte	0
 1144 045b 00       		.byte	0
 1145 045c 56       		.byte	86
 1146 045d 98       		.byte	-104
 1147 045e 09       		.byte	9
 1148 045f 02       		.byte	2
 1149 0460 01       		.byte	1
 1150 0461 02       		.byte	2
 1151 0462 00       		.byte	0
 1152 0463 98       		.byte	-104
 1153 0464 04       		.byte	4
 1154 0465 38       		.byte	56
 1155 0466 80       		.byte	-128
 1156 0467 C0       		.byte	-64
 1157 0468 04       		.byte	4
 1158 0469 00       		.byte	0
 1159 046a 00       		.byte	0
 1160 046b 00       		.byte	0
 1161 046c 60       		.byte	96
 1162 046d 21       		.byte	33
 1163 046e 00       		.byte	0
 1164 046f D8       		.byte	-40
 1165 0470 00       		.byte	0
 1166 0471 FC       		.byte	-4
 1167 0472 00       		.byte	0
 1168 0473 03       		.byte	3
 1169 0474 84       		.byte	-124
 1170 0475 13       		.byte	19
 1171 0476 00       		.byte	0
 1172 0477 64       		.byte	100
 1173 0478 07       		.byte	7
 1174 0479 02       		.byte	2
 1175 047a 38       		.byte	56
 1176 047b 00       		.byte	0
 1177 047c 84       		.byte	-124
 1178 047d 98       		.byte	-104
 1179 047e 00       		.byte	0
 1180 047f 02       		.byte	2
 1181 0480 0A       		.byte	10
 1182 0481 00       		.byte	0
 1183 0482 10       		.byte	16
 1184 0483 00       		.byte	0
 1185 0484 80       		.byte	-128
 1186 0485 9A       		.byte	-102
 1187 0486 04       		.byte	4
 1188 0487 00       		.byte	0
 1189 0488 02       		.byte	2
 1190 0489 E0       		.byte	-32
 1191 048a 7F       		.byte	127
 1192 048b 0F       		.byte	15
 1193 048c 80       		.byte	-128
 1194 048d 00       		.byte	0
 1195 048e 08       		.byte	8
 1196 048f 13       		.byte	19
 1197 0490 08       		.byte	8
ARM GAS  C:\Users\mrgas\AppData\Local\Temp\ccB0Xc1u.s 			page 22


 1198 0491 00       		.byte	0
 1199 0492 00       		.byte	0
 1200 0493 0A       		.byte	10
 1201 0494 00       		.byte	0
 1202 0495 00       		.byte	0
 1203 0496 51       		.byte	81
 1204 0497 00       		.byte	0
 1205 0498 36       		.byte	54
 1206 0499 05       		.byte	5
 1207 049a 20       		.byte	32
 1208 049b 00       		.byte	0
 1209 049c 04       		.byte	4
 1210 049d CE       		.byte	-50
 1211 049e FD       		.byte	-3
 1212 049f 0B       		.byte	11
 1213 04a0 1F       		.byte	31
 1214 04a1 FF       		.byte	-1
 1215 04a2 FF       		.byte	-1
 1216 04a3 FF       		.byte	-1
 1217 04a4 22       		.byte	34
 1218 04a5 00       		.byte	0
 1219 04a6 F0       		.byte	-16
 1220 04a7 08       		.byte	8
 1221 04a8 04       		.byte	4
 1222 04a9 00       		.byte	0
 1223 04aa 00       		.byte	0
 1224 04ab 00       		.byte	0
 1225 04ac 00       		.byte	0
 1226 04ad 00       		.byte	0
 1227 04ae 02       		.byte	2
 1228 04af 24       		.byte	36
 1229 04b0 04       		.byte	4
 1230 04b1 04       		.byte	4
 1231 04b2 04       		.byte	4
 1232 04b3 04       		.byte	4
 1233 04b4 00       		.byte	0
 1234 04b5 00       		.byte	0
 1235 04b6 00       		.byte	0
 1236 04b7 01       		.byte	1
 1237 04b8 00       		.byte	0
 1238 04b9 00       		.byte	0
 1239 04ba C0       		.byte	-64
 1240 04bb 00       		.byte	0
 1241 04bc 40       		.byte	64
 1242 04bd 01       		.byte	1
 1243 04be 10       		.byte	16
 1244 04bf 11       		.byte	17
 1245 04c0 C0       		.byte	-64
 1246 04c1 01       		.byte	1
 1247 04c2 00       		.byte	0
 1248 04c3 11       		.byte	17
 1249 04c4 40       		.byte	64
 1250 04c5 01       		.byte	1
 1251 04c6 40       		.byte	64
 1252 04c7 01       		.byte	1
 1253 04c8 00       		.byte	0
 1254 04c9 00       		.byte	0
ARM GAS  C:\Users\mrgas\AppData\Local\Temp\ccB0Xc1u.s 			page 23


 1255 04ca 00       		.byte	0
 1256 04cb 00       		.byte	0
 1257 04cc 00       		.byte	0
 1258 04cd 00       		.byte	0
 1259 04ce 00       		.byte	0
 1260 04cf 00       		.byte	0
 1261 04d0 00       		.byte	0
 1262 04d1 00       		.byte	0
 1263 04d2 00       		.byte	0
 1264 04d3 00       		.byte	0
 1265 04d4 00       		.byte	0
 1266 04d5 00       		.byte	0
 1267 04d6 00       		.byte	0
 1268 04d7 00       		.byte	0
 1269 04d8 00       		.byte	0
 1270 04d9 08       		.byte	8
 1271 04da E3       		.byte	-29
 1272 04db 00       		.byte	0
 1273 04dc 1C       		.byte	28
 1274 04dd 04       		.byte	4
 1275 04de E1       		.byte	-31
 1276 04df 00       		.byte	0
 1277 04e0 FF       		.byte	-1
 1278 04e1 3F       		.byte	63
 1279 04e2 00       		.byte	0
 1280 04e3 00       		.byte	0
 1281 04e4 00       		.byte	0
 1282 04e5 1C       		.byte	28
 1283 04e6 04       		.byte	4
 1284 04e7 23       		.byte	35
 1285 04e8 3C       		.byte	60
 1286 04e9 33       		.byte	51
 1287 04ea C2       		.byte	-62
 1288 04eb 0C       		.byte	12
 1289 04ec 18       		.byte	24
 1290 04ed 03       		.byte	3
 1291 04ee 00       		.byte	0
 1292 04ef 40       		.byte	64
 1293 04f0 08       		.byte	8
 1294 04f1 01       		.byte	1
 1295 04f2 00       		.byte	0
 1296 04f3 80       		.byte	-128
 1297 04f4 80       		.byte	-128
 1298 04f5 00       		.byte	0
 1299 04f6 00       		.byte	0
 1300 04f7 00       		.byte	0
 1301 04f8 E7       		.byte	-25
 1302 04f9 02       		.byte	2
 1303 04fa 18       		.byte	24
 1304 04fb 80       		.byte	-128
 1305 04fc 44       		.byte	68
 1306 04fd 1F       		.byte	31
 1307 04fe 00       		.byte	0
 1308 04ff 20       		.byte	32
 1309 0500 C0       		.byte	-64
 1310 0501 0C       		.byte	12
 1311 0502 00       		.byte	0
ARM GAS  C:\Users\mrgas\AppData\Local\Temp\ccB0Xc1u.s 			page 24


 1312 0503 00       		.byte	0
 1313 0504 10       		.byte	16
 1314 0505 00       		.byte	0
 1315 0506 00       		.byte	0
 1316 0507 23       		.byte	35
 1317 0508 1F       		.byte	31
 1318 0509 C0       		.byte	-64
 1319 050a 00       		.byte	0
 1320 050b 10       		.byte	16
 1321 050c 38       		.byte	56
 1322 050d 2C       		.byte	44
 1323 050e C0       		.byte	-64
 1324 050f 0F       		.byte	15
 1325 0510 00       		.byte	0
 1326 0511 00       		.byte	0
 1327 0512 02       		.byte	2
 1328 0513 A0       		.byte	-96
 1329 0514 00       		.byte	0
 1330 0515 00       		.byte	0
 1331 0516 00       		.byte	0
 1332 0517 05       		.byte	5
 1333 0518 54       		.byte	84
 1334 0519 02       		.byte	2
 1335 051a 03       		.byte	3
 1336 051b 00       		.byte	0
 1337 051c 01       		.byte	1
 1338 051d 00       		.byte	0
 1339 051e CE       		.byte	-50
 1340 051f 00       		.byte	0
 1341 0520 0C       		.byte	12
 1342 0521 FF       		.byte	-1
 1343 0522 FF       		.byte	-1
 1344 0523 FF       		.byte	-1
 1345 0524 62       		.byte	98
 1346 0525 A0       		.byte	-96
 1347 0526 F0       		.byte	-16
 1348 0527 41       		.byte	65
 1349 0528 0C       		.byte	12
 1350 0529 00       		.byte	0
 1351 052a 00       		.byte	0
 1352 052b 00       		.byte	0
 1353 052c 18       		.byte	24
 1354 052d 00       		.byte	0
 1355 052e 04       		.byte	4
 1356 052f 00       		.byte	0
 1357 0530 04       		.byte	4
 1358 0531 04       		.byte	4
 1359 0532 04       		.byte	4
 1360 0533 04       		.byte	4
 1361 0534 11       		.byte	17
 1362 0535 11       		.byte	17
 1363 0536 00       		.byte	0
 1364 0537 01       		.byte	1
 1365 0538 00       		.byte	0
 1366 0539 00       		.byte	0
 1367 053a 00       		.byte	0
 1368 053b 00       		.byte	0
ARM GAS  C:\Users\mrgas\AppData\Local\Temp\ccB0Xc1u.s 			page 25


 1369 053c 00       		.byte	0
 1370 053d 00       		.byte	0
 1371 053e 40       		.byte	64
 1372 053f 02       		.byte	2
 1373 0540 00       		.byte	0
 1374 0541 10       		.byte	16
 1375 0542 30       		.byte	48
 1376 0543 10       		.byte	16
 1377 0544 00       		.byte	0
 1378 0545 10       		.byte	16
 1379 0546 10       		.byte	16
 1380 0547 12       		.byte	18
 1381 0548 00       		.byte	0
 1382 0549 00       		.byte	0
 1383 054a 00       		.byte	0
 1384 054b 00       		.byte	0
 1385 054c 00       		.byte	0
 1386 054d 00       		.byte	0
 1387 054e 00       		.byte	0
 1388 054f 00       		.byte	0
 1389 0550 00       		.byte	0
 1390 0551 00       		.byte	0
 1391 0552 00       		.byte	0
 1392 0553 00       		.byte	0
 1393 0554 00       		.byte	0
 1394 0555 00       		.byte	0
 1395 0556 00       		.byte	0
 1396 0557 00       		.byte	0
 1397 0558 80       		.byte	-128
 1398 0559 00       		.byte	0
 1399 055a 40       		.byte	64
 1400 055b 80       		.byte	-128
 1401 055c 80       		.byte	-128
 1402 055d 00       		.byte	0
 1403 055e 80       		.byte	-128
 1404 055f 00       		.byte	0
 1405 0560 00       		.byte	0
 1406 0561 00       		.byte	0
 1407 0562 00       		.byte	0
 1408 0563 00       		.byte	0
 1409 0564 00       		.byte	0
 1410 0565 8B       		.byte	-117
 1411 0566 8B       		.byte	-117
 1412 0567 00       		.byte	0
 1413 0568 80       		.byte	-128
 1414 0569 00       		.byte	0
 1415 056a 00       		.byte	0
 1416 056b 00       		.byte	0
 1417 056c 01       		.byte	1
 1418 056d 06       		.byte	6
 1419 056e 06       		.byte	6
 1420 056f 00       		.byte	0
 1421 0570 06       		.byte	6
 1422 0571 00       		.byte	0
 1423 0572 00       		.byte	0
 1424 0573 00       		.byte	0
 1425              		.section	.cywolatch,"a",%progbits
ARM GAS  C:\Users\mrgas\AppData\Local\Temp\ccB0Xc1u.s 			page 26


 1426              		.align	2
 1427              		.type	cy_meta_wonvl, %object
 1428              		.size	cy_meta_wonvl, 4
 1429              	cy_meta_wonvl:
 1430 0000 BC       		.byte	-68
 1431 0001 90       		.byte	-112
 1432 0002 AC       		.byte	-84
 1433 0003 AF       		.byte	-81
 1434              		.section	.cycustnvl,"a",%progbits
 1435              		.align	2
 1436              		.type	cy_meta_custnvl, %object
 1437              		.size	cy_meta_custnvl, 4
 1438              	cy_meta_custnvl:
 1439 0000 00       		.byte	0
 1440 0001 00       		.byte	0
 1441 0002 40       		.byte	64
 1442 0003 05       		.byte	5
 1443              		.section	.cymeta,"a",%progbits
 1444              		.align	2
 1445              		.type	cy_metadata, %object
 1446              		.size	cy_metadata, 12
 1447              	cy_metadata:
 1448 0000 00       		.byte	0
 1449 0001 01       		.byte	1
 1450 0002 2E       		.byte	46
 1451 0003 16       		.byte	22
 1452 0004 10       		.byte	16
 1453 0005 69       		.byte	105
 1454 0006 00       		.byte	0
 1455 0007 01       		.byte	1
 1456 0008 00       		.byte	0
 1457 0009 00       		.byte	0
 1458 000a 00       		.byte	0
 1459 000b 00       		.byte	0
 1460              		.section	.cyflashprotect,"a",%progbits
 1461              		.align	2
 1462              		.type	cy_meta_flashprotect, %object
 1463              		.size	cy_meta_flashprotect, 256
 1464              	cy_meta_flashprotect:
 1465 0000 00000000 		.space	256
 1465      00000000 
 1465      00000000 
 1465      00000000 
 1465      00000000 
 1466              		.text
 1467              	.Letext0:
 1468              		.file 1 "c:\\program files (x86)\\cypress\\psoc creator\\4.2\\psoc creator\\import\\gnu\\arm\\5.4.
 1469              		.file 2 "c:\\program files (x86)\\cypress\\psoc creator\\4.2\\psoc creator\\import\\gnu\\arm\\5.4.
 1470              		.file 3 "Generated_Source\\PSoC5\\cymetadata.c"
 1471              		.section	.debug_info,"",%progbits
 1472              	.Ldebug_info0:
 1473 0000 32010000 		.4byte	0x132
 1474 0004 0400     		.2byte	0x4
 1475 0006 00000000 		.4byte	.Ldebug_abbrev0
 1476 000a 04       		.byte	0x4
 1477 000b 01       		.uleb128 0x1
 1478 000c 24000000 		.4byte	.LASF17
ARM GAS  C:\Users\mrgas\AppData\Local\Temp\ccB0Xc1u.s 			page 27


 1479 0010 0C       		.byte	0xc
 1480 0011 CB010000 		.4byte	.LASF18
 1481 0015 69010000 		.4byte	.LASF19
 1482 0019 00000000 		.4byte	.Ldebug_line0
 1483 001d 02       		.uleb128 0x2
 1484 001e 01       		.byte	0x1
 1485 001f 06       		.byte	0x6
 1486 0020 BF010000 		.4byte	.LASF0
 1487 0024 03       		.uleb128 0x3
 1488 0025 00000000 		.4byte	.LASF9
 1489 0029 01       		.byte	0x1
 1490 002a 1D       		.byte	0x1d
 1491 002b 2F000000 		.4byte	0x2f
 1492 002f 02       		.uleb128 0x2
 1493 0030 01       		.byte	0x1
 1494 0031 08       		.byte	0x8
 1495 0032 16000000 		.4byte	.LASF1
 1496 0036 02       		.uleb128 0x2
 1497 0037 02       		.byte	0x2
 1498 0038 05       		.byte	0x5
 1499 0039 5F010000 		.4byte	.LASF2
 1500 003d 02       		.uleb128 0x2
 1501 003e 02       		.byte	0x2
 1502 003f 07       		.byte	0x7
 1503 0040 C4000000 		.4byte	.LASF3
 1504 0044 02       		.uleb128 0x2
 1505 0045 04       		.byte	0x4
 1506 0046 05       		.byte	0x5
 1507 0047 B6010000 		.4byte	.LASF4
 1508 004b 02       		.uleb128 0x2
 1509 004c 04       		.byte	0x4
 1510 004d 07       		.byte	0x7
 1511 004e B2000000 		.4byte	.LASF5
 1512 0052 02       		.uleb128 0x2
 1513 0053 08       		.byte	0x8
 1514 0054 05       		.byte	0x5
 1515 0055 51010000 		.4byte	.LASF6
 1516 0059 02       		.uleb128 0x2
 1517 005a 08       		.byte	0x8
 1518 005b 07       		.byte	0x7
 1519 005c 06010000 		.4byte	.LASF7
 1520 0060 04       		.uleb128 0x4
 1521 0061 04       		.byte	0x4
 1522 0062 05       		.byte	0x5
 1523 0063 696E7400 		.ascii	"int\000"
 1524 0067 02       		.uleb128 0x2
 1525 0068 04       		.byte	0x4
 1526 0069 07       		.byte	0x7
 1527 006a F9000000 		.4byte	.LASF8
 1528 006e 03       		.uleb128 0x3
 1529 006f 1D010000 		.4byte	.LASF10
 1530 0073 02       		.byte	0x2
 1531 0074 18       		.byte	0x18
 1532 0075 24000000 		.4byte	0x24
 1533 0079 05       		.uleb128 0x5
 1534 007a 91000000 		.4byte	0x91
 1535 007e 8A000000 		.4byte	0x8a
ARM GAS  C:\Users\mrgas\AppData\Local\Temp\ccB0Xc1u.s 			page 28


 1536 0082 06       		.uleb128 0x6
 1537 0083 8A000000 		.4byte	0x8a
 1538 0087 7305     		.2byte	0x573
 1539 0089 00       		.byte	0
 1540 008a 02       		.uleb128 0x2
 1541 008b 04       		.byte	0x4
 1542 008c 07       		.byte	0x7
 1543 008d 48010000 		.4byte	.LASF11
 1544 0091 07       		.uleb128 0x7
 1545 0092 6E000000 		.4byte	0x6e
 1546 0096 08       		.uleb128 0x8
 1547 0097 E7000000 		.4byte	.LASF12
 1548 009b 03       		.byte	0x3
 1549 009c 1F       		.byte	0x1f
 1550 009d A7000000 		.4byte	0xa7
 1551 00a1 05       		.uleb128 0x5
 1552 00a2 03       		.byte	0x3
 1553 00a3 00000000 		.4byte	cy_meta_configecc
 1554 00a7 07       		.uleb128 0x7
 1555 00a8 79000000 		.4byte	0x79
 1556 00ac 05       		.uleb128 0x5
 1557 00ad 91000000 		.4byte	0x91
 1558 00b1 BC000000 		.4byte	0xbc
 1559 00b5 09       		.uleb128 0x9
 1560 00b6 8A000000 		.4byte	0x8a
 1561 00ba 03       		.byte	0x3
 1562 00bb 00       		.byte	0
 1563 00bc 08       		.uleb128 0x8
 1564 00bd D7000000 		.4byte	.LASF13
 1565 00c1 03       		.byte	0x3
 1566 00c2 DB       		.byte	0xdb
 1567 00c3 CD000000 		.4byte	0xcd
 1568 00c7 05       		.uleb128 0x5
 1569 00c8 03       		.byte	0x3
 1570 00c9 00000000 		.4byte	cy_meta_custnvl
 1571 00cd 07       		.uleb128 0x7
 1572 00ce AC000000 		.4byte	0xac
 1573 00d2 08       		.uleb128 0x8
 1574 00d3 3A010000 		.4byte	.LASF14
 1575 00d7 03       		.byte	0x3
 1576 00d8 E9       		.byte	0xe9
 1577 00d9 E3000000 		.4byte	0xe3
 1578 00dd 05       		.uleb128 0x5
 1579 00de 03       		.byte	0x3
 1580 00df 00000000 		.4byte	cy_meta_wonvl
 1581 00e3 07       		.uleb128 0x7
 1582 00e4 AC000000 		.4byte	0xac
 1583 00e8 05       		.uleb128 0x5
 1584 00e9 91000000 		.4byte	0x91
 1585 00ed F8000000 		.4byte	0xf8
 1586 00f1 09       		.uleb128 0x9
 1587 00f2 8A000000 		.4byte	0x8a
 1588 00f6 FF       		.byte	0xff
 1589 00f7 00       		.byte	0
 1590 00f8 08       		.uleb128 0x8
 1591 00f9 25010000 		.4byte	.LASF15
 1592 00fd 03       		.byte	0x3
ARM GAS  C:\Users\mrgas\AppData\Local\Temp\ccB0Xc1u.s 			page 29


 1593 00fe F7       		.byte	0xf7
 1594 00ff 09010000 		.4byte	0x109
 1595 0103 05       		.uleb128 0x5
 1596 0104 03       		.byte	0x3
 1597 0105 00000000 		.4byte	cy_meta_flashprotect
 1598 0109 07       		.uleb128 0x7
 1599 010a E8000000 		.4byte	0xe8
 1600 010e 05       		.uleb128 0x5
 1601 010f 91000000 		.4byte	0x91
 1602 0113 1E010000 		.4byte	0x11e
 1603 0117 09       		.uleb128 0x9
 1604 0118 8A000000 		.4byte	0x8a
 1605 011c 0B       		.byte	0xb
 1606 011d 00       		.byte	0
 1607 011e 0A       		.uleb128 0xa
 1608 011f 0A000000 		.4byte	.LASF16
 1609 0123 03       		.byte	0x3
 1610 0124 2401     		.2byte	0x124
 1611 0126 30010000 		.4byte	0x130
 1612 012a 05       		.uleb128 0x5
 1613 012b 03       		.byte	0x3
 1614 012c 00000000 		.4byte	cy_metadata
 1615 0130 07       		.uleb128 0x7
 1616 0131 0E010000 		.4byte	0x10e
 1617 0135 00       		.byte	0
 1618              		.section	.debug_abbrev,"",%progbits
 1619              	.Ldebug_abbrev0:
 1620 0000 01       		.uleb128 0x1
 1621 0001 11       		.uleb128 0x11
 1622 0002 01       		.byte	0x1
 1623 0003 25       		.uleb128 0x25
 1624 0004 0E       		.uleb128 0xe
 1625 0005 13       		.uleb128 0x13
 1626 0006 0B       		.uleb128 0xb
 1627 0007 03       		.uleb128 0x3
 1628 0008 0E       		.uleb128 0xe
 1629 0009 1B       		.uleb128 0x1b
 1630 000a 0E       		.uleb128 0xe
 1631 000b 10       		.uleb128 0x10
 1632 000c 17       		.uleb128 0x17
 1633 000d 00       		.byte	0
 1634 000e 00       		.byte	0
 1635 000f 02       		.uleb128 0x2
 1636 0010 24       		.uleb128 0x24
 1637 0011 00       		.byte	0
 1638 0012 0B       		.uleb128 0xb
 1639 0013 0B       		.uleb128 0xb
 1640 0014 3E       		.uleb128 0x3e
 1641 0015 0B       		.uleb128 0xb
 1642 0016 03       		.uleb128 0x3
 1643 0017 0E       		.uleb128 0xe
 1644 0018 00       		.byte	0
 1645 0019 00       		.byte	0
 1646 001a 03       		.uleb128 0x3
 1647 001b 16       		.uleb128 0x16
 1648 001c 00       		.byte	0
 1649 001d 03       		.uleb128 0x3
ARM GAS  C:\Users\mrgas\AppData\Local\Temp\ccB0Xc1u.s 			page 30


 1650 001e 0E       		.uleb128 0xe
 1651 001f 3A       		.uleb128 0x3a
 1652 0020 0B       		.uleb128 0xb
 1653 0021 3B       		.uleb128 0x3b
 1654 0022 0B       		.uleb128 0xb
 1655 0023 49       		.uleb128 0x49
 1656 0024 13       		.uleb128 0x13
 1657 0025 00       		.byte	0
 1658 0026 00       		.byte	0
 1659 0027 04       		.uleb128 0x4
 1660 0028 24       		.uleb128 0x24
 1661 0029 00       		.byte	0
 1662 002a 0B       		.uleb128 0xb
 1663 002b 0B       		.uleb128 0xb
 1664 002c 3E       		.uleb128 0x3e
 1665 002d 0B       		.uleb128 0xb
 1666 002e 03       		.uleb128 0x3
 1667 002f 08       		.uleb128 0x8
 1668 0030 00       		.byte	0
 1669 0031 00       		.byte	0
 1670 0032 05       		.uleb128 0x5
 1671 0033 01       		.uleb128 0x1
 1672 0034 01       		.byte	0x1
 1673 0035 49       		.uleb128 0x49
 1674 0036 13       		.uleb128 0x13
 1675 0037 01       		.uleb128 0x1
 1676 0038 13       		.uleb128 0x13
 1677 0039 00       		.byte	0
 1678 003a 00       		.byte	0
 1679 003b 06       		.uleb128 0x6
 1680 003c 21       		.uleb128 0x21
 1681 003d 00       		.byte	0
 1682 003e 49       		.uleb128 0x49
 1683 003f 13       		.uleb128 0x13
 1684 0040 2F       		.uleb128 0x2f
 1685 0041 05       		.uleb128 0x5
 1686 0042 00       		.byte	0
 1687 0043 00       		.byte	0
 1688 0044 07       		.uleb128 0x7
 1689 0045 26       		.uleb128 0x26
 1690 0046 00       		.byte	0
 1691 0047 49       		.uleb128 0x49
 1692 0048 13       		.uleb128 0x13
 1693 0049 00       		.byte	0
 1694 004a 00       		.byte	0
 1695 004b 08       		.uleb128 0x8
 1696 004c 34       		.uleb128 0x34
 1697 004d 00       		.byte	0
 1698 004e 03       		.uleb128 0x3
 1699 004f 0E       		.uleb128 0xe
 1700 0050 3A       		.uleb128 0x3a
 1701 0051 0B       		.uleb128 0xb
 1702 0052 3B       		.uleb128 0x3b
 1703 0053 0B       		.uleb128 0xb
 1704 0054 49       		.uleb128 0x49
 1705 0055 13       		.uleb128 0x13
 1706 0056 3F       		.uleb128 0x3f
ARM GAS  C:\Users\mrgas\AppData\Local\Temp\ccB0Xc1u.s 			page 31


 1707 0057 19       		.uleb128 0x19
 1708 0058 02       		.uleb128 0x2
 1709 0059 18       		.uleb128 0x18
 1710 005a 00       		.byte	0
 1711 005b 00       		.byte	0
 1712 005c 09       		.uleb128 0x9
 1713 005d 21       		.uleb128 0x21
 1714 005e 00       		.byte	0
 1715 005f 49       		.uleb128 0x49
 1716 0060 13       		.uleb128 0x13
 1717 0061 2F       		.uleb128 0x2f
 1718 0062 0B       		.uleb128 0xb
 1719 0063 00       		.byte	0
 1720 0064 00       		.byte	0
 1721 0065 0A       		.uleb128 0xa
 1722 0066 34       		.uleb128 0x34
 1723 0067 00       		.byte	0
 1724 0068 03       		.uleb128 0x3
 1725 0069 0E       		.uleb128 0xe
 1726 006a 3A       		.uleb128 0x3a
 1727 006b 0B       		.uleb128 0xb
 1728 006c 3B       		.uleb128 0x3b
 1729 006d 05       		.uleb128 0x5
 1730 006e 49       		.uleb128 0x49
 1731 006f 13       		.uleb128 0x13
 1732 0070 3F       		.uleb128 0x3f
 1733 0071 19       		.uleb128 0x19
 1734 0072 02       		.uleb128 0x2
 1735 0073 18       		.uleb128 0x18
 1736 0074 00       		.byte	0
 1737 0075 00       		.byte	0
 1738 0076 00       		.byte	0
 1739              		.section	.debug_aranges,"",%progbits
 1740 0000 14000000 		.4byte	0x14
 1741 0004 0200     		.2byte	0x2
 1742 0006 00000000 		.4byte	.Ldebug_info0
 1743 000a 04       		.byte	0x4
 1744 000b 00       		.byte	0
 1745 000c 0000     		.2byte	0
 1746 000e 0000     		.2byte	0
 1747 0010 00000000 		.4byte	0
 1748 0014 00000000 		.4byte	0
 1749              		.section	.debug_line,"",%progbits
 1750              	.Ldebug_line0:
 1751 0000 3D010000 		.section	.debug_str,"MS",%progbits,1
 1751      02003701 
 1751      00000201 
 1751      FB0E0D00 
 1751      01010101 
 1752              	.LASF9:
 1753 0000 5F5F7569 		.ascii	"__uint8_t\000"
 1753      6E74385F 
 1753      7400
 1754              	.LASF16:
 1755 000a 63795F6D 		.ascii	"cy_metadata\000"
 1755      65746164 
 1755      61746100 
ARM GAS  C:\Users\mrgas\AppData\Local\Temp\ccB0Xc1u.s 			page 32


 1756              	.LASF1:
 1757 0016 756E7369 		.ascii	"unsigned char\000"
 1757      676E6564 
 1757      20636861 
 1757      7200
 1758              	.LASF17:
 1759 0024 474E5520 		.ascii	"GNU C11 5.4.1 20160609 (release) [ARM/embedded-5-br"
 1759      43313120 
 1759      352E342E 
 1759      31203230 
 1759      31363036 
 1760 0057 616E6368 		.ascii	"anch revision 237715] -mcpu=cortex-m3 -mthumb -g -O"
 1760      20726576 
 1760      6973696F 
 1760      6E203233 
 1760      37373135 
 1761 008a 67202D66 		.ascii	"g -ffunction-sections -ffat-lto-objects\000"
 1761      66756E63 
 1761      74696F6E 
 1761      2D736563 
 1761      74696F6E 
 1762              	.LASF5:
 1763 00b2 6C6F6E67 		.ascii	"long unsigned int\000"
 1763      20756E73 
 1763      69676E65 
 1763      6420696E 
 1763      7400
 1764              	.LASF3:
 1765 00c4 73686F72 		.ascii	"short unsigned int\000"
 1765      7420756E 
 1765      7369676E 
 1765      65642069 
 1765      6E7400
 1766              	.LASF13:
 1767 00d7 63795F6D 		.ascii	"cy_meta_custnvl\000"
 1767      6574615F 
 1767      63757374 
 1767      6E766C00 
 1768              	.LASF12:
 1769 00e7 63795F6D 		.ascii	"cy_meta_configecc\000"
 1769      6574615F 
 1769      636F6E66 
 1769      69676563 
 1769      6300
 1770              	.LASF8:
 1771 00f9 756E7369 		.ascii	"unsigned int\000"
 1771      676E6564 
 1771      20696E74 
 1771      00
 1772              	.LASF7:
 1773 0106 6C6F6E67 		.ascii	"long long unsigned int\000"
 1773      206C6F6E 
 1773      6720756E 
 1773      7369676E 
 1773      65642069 
 1774              	.LASF10:
 1775 011d 75696E74 		.ascii	"uint8_t\000"
ARM GAS  C:\Users\mrgas\AppData\Local\Temp\ccB0Xc1u.s 			page 33


 1775      385F7400 
 1776              	.LASF15:
 1777 0125 63795F6D 		.ascii	"cy_meta_flashprotect\000"
 1777      6574615F 
 1777      666C6173 
 1777      6870726F 
 1777      74656374 
 1778              	.LASF14:
 1779 013a 63795F6D 		.ascii	"cy_meta_wonvl\000"
 1779      6574615F 
 1779      776F6E76 
 1779      6C00
 1780              	.LASF11:
 1781 0148 73697A65 		.ascii	"sizetype\000"
 1781      74797065 
 1781      00
 1782              	.LASF6:
 1783 0151 6C6F6E67 		.ascii	"long long int\000"
 1783      206C6F6E 
 1783      6720696E 
 1783      7400
 1784              	.LASF2:
 1785 015f 73686F72 		.ascii	"short int\000"
 1785      7420696E 
 1785      7400
 1786              	.LASF19:
 1787 0169 433A5C55 		.ascii	"C:\\Users\\mrgas\\Documents\\PSoC Creator\\Projects"
 1787      73657273 
 1787      5C6D7267 
 1787      61735C44 
 1787      6F63756D 
 1788 0197 5C436F6D 		.ascii	"\\Communication_Buses\\SPI.cydsn\000"
 1788      6D756E69 
 1788      63617469 
 1788      6F6E5F42 
 1788      75736573 
 1789              	.LASF4:
 1790 01b6 6C6F6E67 		.ascii	"long int\000"
 1790      20696E74 
 1790      00
 1791              	.LASF0:
 1792 01bf 7369676E 		.ascii	"signed char\000"
 1792      65642063 
 1792      68617200 
 1793              	.LASF18:
 1794 01cb 47656E65 		.ascii	"Generated_Source\\PSoC5\\cymetadata.c\000"
 1794      72617465 
 1794      645F536F 
 1794      75726365 
 1794      5C50536F 
 1795              		.ident	"GCC: (GNU Tools for ARM Embedded Processors) 5.4.1 20160609 (release) [ARM/embedded-5-bran
