ARM GAS  C:\Users\mrgas\AppData\Local\Temp\ccYSnTad.s 			page 1


   1              		.syntax unified
   2              		.cpu cortex-m3
   3              		.fpu softvfp
   4              		.eabi_attribute 20, 1
   5              		.eabi_attribute 21, 1
   6              		.eabi_attribute 23, 3
   7              		.eabi_attribute 24, 1
   8              		.eabi_attribute 25, 1
   9              		.eabi_attribute 26, 1
  10              		.eabi_attribute 30, 1
  11              		.eabi_attribute 34, 1
  12              		.eabi_attribute 18, 4
  13              		.thumb
  14              		.syntax unified
  15              		.file	"SPI_Master_Comm.c"
  16              		.text
  17              	.Ltext0:
  18              		.cfi_sections	.debug_frame
  19              		.section	.text.turnOnLed,"ax",%progbits
  20              		.align	2
  21              		.global	turnOnLed
  22              		.thumb
  23              		.thumb_func
  24              		.type	turnOnLed, %function
  25              	turnOnLed:
  26              	.LFB63:
  27              		.file 1 "SPI_Master_Comm.c"
   1:SPI_Master_Comm.c **** /* ========================================
   2:SPI_Master_Comm.c ****  *
   3:SPI_Master_Comm.c ****  * Copyright YOUR COMPANY, THE YEAR
   4:SPI_Master_Comm.c ****  * All Rights Reserved
   5:SPI_Master_Comm.c ****  * UNPUBLISHED, LICENSED SOFTWARE.
   6:SPI_Master_Comm.c ****  *
   7:SPI_Master_Comm.c ****  * CONFIDENTIAL AND PROPRIETARY INFORMATION
   8:SPI_Master_Comm.c ****  * WHICH IS THE PROPERTY OF your company.
   9:SPI_Master_Comm.c ****  *
  10:SPI_Master_Comm.c ****  * ========================================
  11:SPI_Master_Comm.c **** */
  12:SPI_Master_Comm.c **** #include "SPI_Master_Comm.h"
  13:SPI_Master_Comm.c **** 
  14:SPI_Master_Comm.c **** volatile const uint8_t turnON = 0b00000001;
  15:SPI_Master_Comm.c **** volatile const uint8_t turnOFF = 0b00000000;
  16:SPI_Master_Comm.c **** volatile const uint8_t requestStatus = 0b00000011;
  17:SPI_Master_Comm.c **** 
  18:SPI_Master_Comm.c **** void turnOnLed()
  19:SPI_Master_Comm.c **** {
  28              		.loc 1 19 0
  29              		.cfi_startproc
  30              		@ args = 0, pretend = 0, frame = 0
  31              		@ frame_needed = 0, uses_anonymous_args = 0
  32 0000 08B5     		push	{r3, lr}
  33              		.cfi_def_cfa_offset 8
  34              		.cfi_offset 3, -8
  35              		.cfi_offset 14, -4
  20:SPI_Master_Comm.c ****     SPIM_1_WriteTxData(turnON); //Write turn on
  36              		.loc 1 20 0
  37 0002 024B     		ldr	r3, .L3
ARM GAS  C:\Users\mrgas\AppData\Local\Temp\ccYSnTad.s 			page 2


  38 0004 1878     		ldrb	r0, [r3]	@ zero_extendqisi2
  39 0006 FFF7FEFF 		bl	SPIM_1_WriteTxData
  40              	.LVL0:
  41 000a 08BD     		pop	{r3, pc}
  42              	.L4:
  43              		.align	2
  44              	.L3:
  45 000c 00000000 		.word	.LANCHOR0
  46              		.cfi_endproc
  47              	.LFE63:
  48              		.size	turnOnLed, .-turnOnLed
  49              		.section	.text.turnOffLed,"ax",%progbits
  50              		.align	2
  51              		.global	turnOffLed
  52              		.thumb
  53              		.thumb_func
  54              		.type	turnOffLed, %function
  55              	turnOffLed:
  56              	.LFB64:
  21:SPI_Master_Comm.c **** }
  22:SPI_Master_Comm.c **** 
  23:SPI_Master_Comm.c **** void turnOffLed()
  24:SPI_Master_Comm.c **** {
  57              		.loc 1 24 0
  58              		.cfi_startproc
  59              		@ args = 0, pretend = 0, frame = 0
  60              		@ frame_needed = 0, uses_anonymous_args = 0
  61 0000 08B5     		push	{r3, lr}
  62              		.cfi_def_cfa_offset 8
  63              		.cfi_offset 3, -8
  64              		.cfi_offset 14, -4
  25:SPI_Master_Comm.c ****     SPIM_1_WriteTxData(turnOFF); //Write turn off
  65              		.loc 1 25 0
  66 0002 024B     		ldr	r3, .L7
  67 0004 5878     		ldrb	r0, [r3, #1]	@ zero_extendqisi2
  68 0006 FFF7FEFF 		bl	SPIM_1_WriteTxData
  69              	.LVL1:
  70 000a 08BD     		pop	{r3, pc}
  71              	.L8:
  72              		.align	2
  73              	.L7:
  74 000c 00000000 		.word	.LANCHOR0
  75              		.cfi_endproc
  76              	.LFE64:
  77              		.size	turnOffLed, .-turnOffLed
  78              		.section	.text.getLedStatus,"ax",%progbits
  79              		.align	2
  80              		.global	getLedStatus
  81              		.thumb
  82              		.thumb_func
  83              		.type	getLedStatus, %function
  84              	getLedStatus:
  85              	.LFB65:
  26:SPI_Master_Comm.c ****     
  27:SPI_Master_Comm.c **** }
  28:SPI_Master_Comm.c **** 
  29:SPI_Master_Comm.c **** uint8_t getLedStatus()
ARM GAS  C:\Users\mrgas\AppData\Local\Temp\ccYSnTad.s 			page 3


  30:SPI_Master_Comm.c **** {
  86              		.loc 1 30 0
  87              		.cfi_startproc
  88              		@ args = 0, pretend = 0, frame = 0
  89              		@ frame_needed = 0, uses_anonymous_args = 0
  90 0000 10B5     		push	{r4, lr}
  91              		.cfi_def_cfa_offset 8
  92              		.cfi_offset 4, -8
  93              		.cfi_offset 14, -4
  31:SPI_Master_Comm.c ****     SPIM_1_WriteTxData(requestStatus); //Request status of led
  94              		.loc 1 31 0
  95 0002 074B     		ldr	r3, .L13
  96 0004 9878     		ldrb	r0, [r3, #2]	@ zero_extendqisi2
  97 0006 FFF7FEFF 		bl	SPIM_1_WriteTxData
  98              	.LVL2:
  99              	.LBB2:
  32:SPI_Master_Comm.c ****     
  33:SPI_Master_Comm.c ****     for (uint32_t i = 0; i < 8; i++){
 100              		.loc 1 33 0
 101 000a 0024     		movs	r4, #0
 102 000c 03E0     		b	.L10
 103              	.LVL3:
 104              	.L11:
  34:SPI_Master_Comm.c ****          SPIM_1_WriteTxData(0b11111111);
 105              		.loc 1 34 0 discriminator 3
 106 000e FF20     		movs	r0, #255
 107 0010 FFF7FEFF 		bl	SPIM_1_WriteTxData
 108              	.LVL4:
  33:SPI_Master_Comm.c ****          SPIM_1_WriteTxData(0b11111111);
 109              		.loc 1 33 0 discriminator 3
 110 0014 0134     		adds	r4, r4, #1
 111              	.LVL5:
 112              	.L10:
  33:SPI_Master_Comm.c ****          SPIM_1_WriteTxData(0b11111111);
 113              		.loc 1 33 0 is_stmt 0 discriminator 1
 114 0016 072C     		cmp	r4, #7
 115 0018 F9D9     		bls	.L11
 116              	.LBE2:
  35:SPI_Master_Comm.c ****     } //Write 8 times to push the value back to the master
  36:SPI_Master_Comm.c ****     
  37:SPI_Master_Comm.c ****     return SPIM_1_ReadRxData(); //return data read
 117              		.loc 1 37 0 is_stmt 1
 118 001a FFF7FEFF 		bl	SPIM_1_ReadRxData
 119              	.LVL6:
  38:SPI_Master_Comm.c **** }
 120              		.loc 1 38 0
 121 001e 10BD     		pop	{r4, pc}
 122              	.LVL7:
 123              	.L14:
 124              		.align	2
 125              	.L13:
 126 0020 00000000 		.word	.LANCHOR0
 127              		.cfi_endproc
 128              	.LFE65:
 129              		.size	getLedStatus, .-getLedStatus
 130              		.global	requestStatus
 131              		.global	turnOFF
ARM GAS  C:\Users\mrgas\AppData\Local\Temp\ccYSnTad.s 			page 4


 132              		.global	turnON
 133              		.data
 134              		.set	.LANCHOR0,. + 0
 135              		.type	turnON, %object
 136              		.size	turnON, 1
 137              	turnON:
 138 0000 01       		.byte	1
 139              		.type	turnOFF, %object
 140              		.size	turnOFF, 1
 141              	turnOFF:
 142 0001 00       		.space	1
 143              		.type	requestStatus, %object
 144              		.size	requestStatus, 1
 145              	requestStatus:
 146 0002 03       		.byte	3
 147              		.text
 148              	.Letext0:
 149              		.file 2 "c:\\program files (x86)\\cypress\\psoc creator\\4.2\\psoc creator\\import\\gnu\\arm\\5.4.
 150              		.file 3 "c:\\program files (x86)\\cypress\\psoc creator\\4.2\\psoc creator\\import\\gnu\\arm\\5.4.
 151              		.file 4 "Generated_Source\\PSoC5/core_cm3.h"
 152              		.file 5 "Generated_Source\\PSoC5/SPIM_1.h"
 153              		.section	.debug_info,"",%progbits
 154              	.Ldebug_info0:
 155 0000 C6010000 		.4byte	0x1c6
 156 0004 0400     		.2byte	0x4
 157 0006 00000000 		.4byte	.Ldebug_abbrev0
 158 000a 04       		.byte	0x4
 159 000b 01       		.uleb128 0x1
 160 000c 4F000000 		.4byte	.LASF28
 161 0010 0C       		.byte	0xc
 162 0011 29000000 		.4byte	.LASF29
 163 0015 AA010000 		.4byte	.LASF30
 164 0019 00000000 		.4byte	.Ldebug_ranges0+0
 165 001d 00000000 		.4byte	0
 166 0021 00000000 		.4byte	.Ldebug_line0
 167 0025 02       		.uleb128 0x2
 168 0026 01       		.byte	0x1
 169 0027 06       		.byte	0x6
 170 0028 15020000 		.4byte	.LASF0
 171 002c 03       		.uleb128 0x3
 172 002d 07000000 		.4byte	.LASF4
 173 0031 02       		.byte	0x2
 174 0032 1D       		.byte	0x1d
 175 0033 37000000 		.4byte	0x37
 176 0037 02       		.uleb128 0x2
 177 0038 01       		.byte	0x1
 178 0039 08       		.byte	0x8
 179 003a 41000000 		.4byte	.LASF1
 180 003e 02       		.uleb128 0x2
 181 003f 02       		.byte	0x2
 182 0040 05       		.byte	0x5
 183 0041 95010000 		.4byte	.LASF2
 184 0045 02       		.uleb128 0x2
 185 0046 02       		.byte	0x2
 186 0047 07       		.byte	0x7
 187 0048 EF000000 		.4byte	.LASF3
 188 004c 03       		.uleb128 0x3
ARM GAS  C:\Users\mrgas\AppData\Local\Temp\ccYSnTad.s 			page 5


 189 004d 11000000 		.4byte	.LASF5
 190 0051 02       		.byte	0x2
 191 0052 3F       		.byte	0x3f
 192 0053 57000000 		.4byte	0x57
 193 0057 02       		.uleb128 0x2
 194 0058 04       		.byte	0x4
 195 0059 05       		.byte	0x5
 196 005a 00020000 		.4byte	.LASF6
 197 005e 03       		.uleb128 0x3
 198 005f 28010000 		.4byte	.LASF7
 199 0063 02       		.byte	0x2
 200 0064 41       		.byte	0x41
 201 0065 69000000 		.4byte	0x69
 202 0069 02       		.uleb128 0x2
 203 006a 04       		.byte	0x4
 204 006b 07       		.byte	0x7
 205 006c DD000000 		.4byte	.LASF8
 206 0070 02       		.uleb128 0x2
 207 0071 08       		.byte	0x8
 208 0072 05       		.byte	0x5
 209 0073 70010000 		.4byte	.LASF9
 210 0077 02       		.uleb128 0x2
 211 0078 08       		.byte	0x8
 212 0079 07       		.byte	0x7
 213 007a 40010000 		.4byte	.LASF10
 214 007e 04       		.uleb128 0x4
 215 007f 04       		.byte	0x4
 216 0080 05       		.byte	0x5
 217 0081 696E7400 		.ascii	"int\000"
 218 0085 02       		.uleb128 0x2
 219 0086 04       		.byte	0x4
 220 0087 07       		.byte	0x7
 221 0088 33010000 		.4byte	.LASF11
 222 008c 03       		.uleb128 0x3
 223 008d 57010000 		.4byte	.LASF12
 224 0091 03       		.byte	0x3
 225 0092 18       		.byte	0x18
 226 0093 2C000000 		.4byte	0x2c
 227 0097 03       		.uleb128 0x3
 228 0098 5F010000 		.4byte	.LASF13
 229 009c 03       		.byte	0x3
 230 009d 2C       		.byte	0x2c
 231 009e 4C000000 		.4byte	0x4c
 232 00a2 03       		.uleb128 0x3
 233 00a3 F7010000 		.4byte	.LASF14
 234 00a7 03       		.byte	0x3
 235 00a8 30       		.byte	0x30
 236 00a9 5E000000 		.4byte	0x5e
 237 00ad 02       		.uleb128 0x2
 238 00ae 04       		.byte	0x4
 239 00af 04       		.byte	0x4
 240 00b0 3B000000 		.4byte	.LASF15
 241 00b4 02       		.uleb128 0x2
 242 00b5 08       		.byte	0x8
 243 00b6 04       		.byte	0x4
 244 00b7 21010000 		.4byte	.LASF16
 245 00bb 02       		.uleb128 0x2
ARM GAS  C:\Users\mrgas\AppData\Local\Temp\ccYSnTad.s 			page 6


 246 00bc 01       		.byte	0x1
 247 00bd 08       		.byte	0x8
 248 00be 7E010000 		.4byte	.LASF17
 249 00c2 02       		.uleb128 0x2
 250 00c3 08       		.byte	0x8
 251 00c4 04       		.byte	0x4
 252 00c5 09020000 		.4byte	.LASF18
 253 00c9 02       		.uleb128 0x2
 254 00ca 04       		.byte	0x4
 255 00cb 07       		.byte	0x7
 256 00cc 67010000 		.4byte	.LASF19
 257 00d0 05       		.uleb128 0x5
 258 00d1 8C000000 		.4byte	0x8c
 259 00d5 06       		.uleb128 0x6
 260 00d6 17010000 		.4byte	.LASF20
 261 00da 01       		.byte	0x1
 262 00db 12       		.byte	0x12
 263 00dc 00000000 		.4byte	.LFB63
 264 00e0 10000000 		.4byte	.LFE63-.LFB63
 265 00e4 01       		.uleb128 0x1
 266 00e5 9C       		.byte	0x9c
 267 00e6 F4000000 		.4byte	0xf4
 268 00ea 07       		.uleb128 0x7
 269 00eb 0A000000 		.4byte	.LVL0
 270 00ef B3010000 		.4byte	0x1b3
 271 00f3 00       		.byte	0
 272 00f4 06       		.uleb128 0x6
 273 00f5 9F010000 		.4byte	.LASF21
 274 00f9 01       		.byte	0x1
 275 00fa 17       		.byte	0x17
 276 00fb 00000000 		.4byte	.LFB64
 277 00ff 10000000 		.4byte	.LFE64-.LFB64
 278 0103 01       		.uleb128 0x1
 279 0104 9C       		.byte	0x9c
 280 0105 13010000 		.4byte	0x113
 281 0109 07       		.uleb128 0x7
 282 010a 0A000000 		.4byte	.LVL1
 283 010e B3010000 		.4byte	0x1b3
 284 0112 00       		.byte	0
 285 0113 08       		.uleb128 0x8
 286 0114 34020000 		.4byte	.LASF31
 287 0118 01       		.byte	0x1
 288 0119 1D       		.byte	0x1d
 289 011a 8C000000 		.4byte	0x8c
 290 011e 00000000 		.4byte	.LFB65
 291 0122 24000000 		.4byte	.LFE65-.LFB65
 292 0126 01       		.uleb128 0x1
 293 0127 9C       		.byte	0x9c
 294 0128 6A010000 		.4byte	0x16a
 295 012c 09       		.uleb128 0x9
 296 012d 0A000000 		.4byte	.LBB2
 297 0131 10000000 		.4byte	.LBE2-.LBB2
 298 0135 57010000 		.4byte	0x157
 299 0139 0A       		.uleb128 0xa
 300 013a 6900     		.ascii	"i\000"
 301 013c 01       		.byte	0x1
 302 013d 21       		.byte	0x21
ARM GAS  C:\Users\mrgas\AppData\Local\Temp\ccYSnTad.s 			page 7


 303 013e A2000000 		.4byte	0xa2
 304 0142 00000000 		.4byte	.LLST0
 305 0146 0B       		.uleb128 0xb
 306 0147 14000000 		.4byte	.LVL4
 307 014b B3010000 		.4byte	0x1b3
 308 014f 0C       		.uleb128 0xc
 309 0150 01       		.uleb128 0x1
 310 0151 50       		.byte	0x50
 311 0152 02       		.uleb128 0x2
 312 0153 09       		.byte	0x9
 313 0154 FF       		.byte	0xff
 314 0155 00       		.byte	0
 315 0156 00       		.byte	0
 316 0157 07       		.uleb128 0x7
 317 0158 0A000000 		.4byte	.LVL2
 318 015c B3010000 		.4byte	0x1b3
 319 0160 07       		.uleb128 0x7
 320 0161 1E000000 		.4byte	.LVL6
 321 0165 BE010000 		.4byte	0x1be
 322 0169 00       		.byte	0
 323 016a 0D       		.uleb128 0xd
 324 016b 0A010000 		.4byte	.LASF22
 325 016f 04       		.byte	0x4
 326 0170 1207     		.2byte	0x712
 327 0172 76010000 		.4byte	0x176
 328 0176 05       		.uleb128 0x5
 329 0177 97000000 		.4byte	0x97
 330 017b 0E       		.uleb128 0xe
 331 017c 00000000 		.4byte	.LASF23
 332 0180 01       		.byte	0x1
 333 0181 0E       		.byte	0xe
 334 0182 8C010000 		.4byte	0x18c
 335 0186 05       		.uleb128 0x5
 336 0187 03       		.byte	0x3
 337 0188 00000000 		.4byte	turnON
 338 018c 0F       		.uleb128 0xf
 339 018d D0000000 		.4byte	0xd0
 340 0191 0E       		.uleb128 0xe
 341 0192 02010000 		.4byte	.LASF24
 342 0196 01       		.byte	0x1
 343 0197 0F       		.byte	0xf
 344 0198 8C010000 		.4byte	0x18c
 345 019c 05       		.uleb128 0x5
 346 019d 03       		.byte	0x3
 347 019e 00000000 		.4byte	turnOFF
 348 01a2 0E       		.uleb128 0xe
 349 01a3 1B000000 		.4byte	.LASF25
 350 01a7 01       		.byte	0x1
 351 01a8 10       		.byte	0x10
 352 01a9 8C010000 		.4byte	0x18c
 353 01ad 05       		.uleb128 0x5
 354 01ae 03       		.byte	0x3
 355 01af 00000000 		.4byte	requestStatus
 356 01b3 10       		.uleb128 0x10
 357 01b4 21020000 		.4byte	.LASF26
 358 01b8 21020000 		.4byte	.LASF26
 359 01bc 05       		.byte	0x5
ARM GAS  C:\Users\mrgas\AppData\Local\Temp\ccYSnTad.s 			page 8


 360 01bd 5E       		.byte	0x5e
 361 01be 10       		.uleb128 0x10
 362 01bf 83010000 		.4byte	.LASF27
 363 01c3 83010000 		.4byte	.LASF27
 364 01c7 05       		.byte	0x5
 365 01c8 60       		.byte	0x60
 366 01c9 00       		.byte	0
 367              		.section	.debug_abbrev,"",%progbits
 368              	.Ldebug_abbrev0:
 369 0000 01       		.uleb128 0x1
 370 0001 11       		.uleb128 0x11
 371 0002 01       		.byte	0x1
 372 0003 25       		.uleb128 0x25
 373 0004 0E       		.uleb128 0xe
 374 0005 13       		.uleb128 0x13
 375 0006 0B       		.uleb128 0xb
 376 0007 03       		.uleb128 0x3
 377 0008 0E       		.uleb128 0xe
 378 0009 1B       		.uleb128 0x1b
 379 000a 0E       		.uleb128 0xe
 380 000b 55       		.uleb128 0x55
 381 000c 17       		.uleb128 0x17
 382 000d 11       		.uleb128 0x11
 383 000e 01       		.uleb128 0x1
 384 000f 10       		.uleb128 0x10
 385 0010 17       		.uleb128 0x17
 386 0011 00       		.byte	0
 387 0012 00       		.byte	0
 388 0013 02       		.uleb128 0x2
 389 0014 24       		.uleb128 0x24
 390 0015 00       		.byte	0
 391 0016 0B       		.uleb128 0xb
 392 0017 0B       		.uleb128 0xb
 393 0018 3E       		.uleb128 0x3e
 394 0019 0B       		.uleb128 0xb
 395 001a 03       		.uleb128 0x3
 396 001b 0E       		.uleb128 0xe
 397 001c 00       		.byte	0
 398 001d 00       		.byte	0
 399 001e 03       		.uleb128 0x3
 400 001f 16       		.uleb128 0x16
 401 0020 00       		.byte	0
 402 0021 03       		.uleb128 0x3
 403 0022 0E       		.uleb128 0xe
 404 0023 3A       		.uleb128 0x3a
 405 0024 0B       		.uleb128 0xb
 406 0025 3B       		.uleb128 0x3b
 407 0026 0B       		.uleb128 0xb
 408 0027 49       		.uleb128 0x49
 409 0028 13       		.uleb128 0x13
 410 0029 00       		.byte	0
 411 002a 00       		.byte	0
 412 002b 04       		.uleb128 0x4
 413 002c 24       		.uleb128 0x24
 414 002d 00       		.byte	0
 415 002e 0B       		.uleb128 0xb
 416 002f 0B       		.uleb128 0xb
ARM GAS  C:\Users\mrgas\AppData\Local\Temp\ccYSnTad.s 			page 9


 417 0030 3E       		.uleb128 0x3e
 418 0031 0B       		.uleb128 0xb
 419 0032 03       		.uleb128 0x3
 420 0033 08       		.uleb128 0x8
 421 0034 00       		.byte	0
 422 0035 00       		.byte	0
 423 0036 05       		.uleb128 0x5
 424 0037 35       		.uleb128 0x35
 425 0038 00       		.byte	0
 426 0039 49       		.uleb128 0x49
 427 003a 13       		.uleb128 0x13
 428 003b 00       		.byte	0
 429 003c 00       		.byte	0
 430 003d 06       		.uleb128 0x6
 431 003e 2E       		.uleb128 0x2e
 432 003f 01       		.byte	0x1
 433 0040 3F       		.uleb128 0x3f
 434 0041 19       		.uleb128 0x19
 435 0042 03       		.uleb128 0x3
 436 0043 0E       		.uleb128 0xe
 437 0044 3A       		.uleb128 0x3a
 438 0045 0B       		.uleb128 0xb
 439 0046 3B       		.uleb128 0x3b
 440 0047 0B       		.uleb128 0xb
 441 0048 11       		.uleb128 0x11
 442 0049 01       		.uleb128 0x1
 443 004a 12       		.uleb128 0x12
 444 004b 06       		.uleb128 0x6
 445 004c 40       		.uleb128 0x40
 446 004d 18       		.uleb128 0x18
 447 004e 9742     		.uleb128 0x2117
 448 0050 19       		.uleb128 0x19
 449 0051 01       		.uleb128 0x1
 450 0052 13       		.uleb128 0x13
 451 0053 00       		.byte	0
 452 0054 00       		.byte	0
 453 0055 07       		.uleb128 0x7
 454 0056 898201   		.uleb128 0x4109
 455 0059 00       		.byte	0
 456 005a 11       		.uleb128 0x11
 457 005b 01       		.uleb128 0x1
 458 005c 31       		.uleb128 0x31
 459 005d 13       		.uleb128 0x13
 460 005e 00       		.byte	0
 461 005f 00       		.byte	0
 462 0060 08       		.uleb128 0x8
 463 0061 2E       		.uleb128 0x2e
 464 0062 01       		.byte	0x1
 465 0063 3F       		.uleb128 0x3f
 466 0064 19       		.uleb128 0x19
 467 0065 03       		.uleb128 0x3
 468 0066 0E       		.uleb128 0xe
 469 0067 3A       		.uleb128 0x3a
 470 0068 0B       		.uleb128 0xb
 471 0069 3B       		.uleb128 0x3b
 472 006a 0B       		.uleb128 0xb
 473 006b 49       		.uleb128 0x49
ARM GAS  C:\Users\mrgas\AppData\Local\Temp\ccYSnTad.s 			page 10


 474 006c 13       		.uleb128 0x13
 475 006d 11       		.uleb128 0x11
 476 006e 01       		.uleb128 0x1
 477 006f 12       		.uleb128 0x12
 478 0070 06       		.uleb128 0x6
 479 0071 40       		.uleb128 0x40
 480 0072 18       		.uleb128 0x18
 481 0073 9742     		.uleb128 0x2117
 482 0075 19       		.uleb128 0x19
 483 0076 01       		.uleb128 0x1
 484 0077 13       		.uleb128 0x13
 485 0078 00       		.byte	0
 486 0079 00       		.byte	0
 487 007a 09       		.uleb128 0x9
 488 007b 0B       		.uleb128 0xb
 489 007c 01       		.byte	0x1
 490 007d 11       		.uleb128 0x11
 491 007e 01       		.uleb128 0x1
 492 007f 12       		.uleb128 0x12
 493 0080 06       		.uleb128 0x6
 494 0081 01       		.uleb128 0x1
 495 0082 13       		.uleb128 0x13
 496 0083 00       		.byte	0
 497 0084 00       		.byte	0
 498 0085 0A       		.uleb128 0xa
 499 0086 34       		.uleb128 0x34
 500 0087 00       		.byte	0
 501 0088 03       		.uleb128 0x3
 502 0089 08       		.uleb128 0x8
 503 008a 3A       		.uleb128 0x3a
 504 008b 0B       		.uleb128 0xb
 505 008c 3B       		.uleb128 0x3b
 506 008d 0B       		.uleb128 0xb
 507 008e 49       		.uleb128 0x49
 508 008f 13       		.uleb128 0x13
 509 0090 02       		.uleb128 0x2
 510 0091 17       		.uleb128 0x17
 511 0092 00       		.byte	0
 512 0093 00       		.byte	0
 513 0094 0B       		.uleb128 0xb
 514 0095 898201   		.uleb128 0x4109
 515 0098 01       		.byte	0x1
 516 0099 11       		.uleb128 0x11
 517 009a 01       		.uleb128 0x1
 518 009b 31       		.uleb128 0x31
 519 009c 13       		.uleb128 0x13
 520 009d 00       		.byte	0
 521 009e 00       		.byte	0
 522 009f 0C       		.uleb128 0xc
 523 00a0 8A8201   		.uleb128 0x410a
 524 00a3 00       		.byte	0
 525 00a4 02       		.uleb128 0x2
 526 00a5 18       		.uleb128 0x18
 527 00a6 9142     		.uleb128 0x2111
 528 00a8 18       		.uleb128 0x18
 529 00a9 00       		.byte	0
 530 00aa 00       		.byte	0
ARM GAS  C:\Users\mrgas\AppData\Local\Temp\ccYSnTad.s 			page 11


 531 00ab 0D       		.uleb128 0xd
 532 00ac 34       		.uleb128 0x34
 533 00ad 00       		.byte	0
 534 00ae 03       		.uleb128 0x3
 535 00af 0E       		.uleb128 0xe
 536 00b0 3A       		.uleb128 0x3a
 537 00b1 0B       		.uleb128 0xb
 538 00b2 3B       		.uleb128 0x3b
 539 00b3 05       		.uleb128 0x5
 540 00b4 49       		.uleb128 0x49
 541 00b5 13       		.uleb128 0x13
 542 00b6 3F       		.uleb128 0x3f
 543 00b7 19       		.uleb128 0x19
 544 00b8 3C       		.uleb128 0x3c
 545 00b9 19       		.uleb128 0x19
 546 00ba 00       		.byte	0
 547 00bb 00       		.byte	0
 548 00bc 0E       		.uleb128 0xe
 549 00bd 34       		.uleb128 0x34
 550 00be 00       		.byte	0
 551 00bf 03       		.uleb128 0x3
 552 00c0 0E       		.uleb128 0xe
 553 00c1 3A       		.uleb128 0x3a
 554 00c2 0B       		.uleb128 0xb
 555 00c3 3B       		.uleb128 0x3b
 556 00c4 0B       		.uleb128 0xb
 557 00c5 49       		.uleb128 0x49
 558 00c6 13       		.uleb128 0x13
 559 00c7 3F       		.uleb128 0x3f
 560 00c8 19       		.uleb128 0x19
 561 00c9 02       		.uleb128 0x2
 562 00ca 18       		.uleb128 0x18
 563 00cb 00       		.byte	0
 564 00cc 00       		.byte	0
 565 00cd 0F       		.uleb128 0xf
 566 00ce 26       		.uleb128 0x26
 567 00cf 00       		.byte	0
 568 00d0 49       		.uleb128 0x49
 569 00d1 13       		.uleb128 0x13
 570 00d2 00       		.byte	0
 571 00d3 00       		.byte	0
 572 00d4 10       		.uleb128 0x10
 573 00d5 2E       		.uleb128 0x2e
 574 00d6 00       		.byte	0
 575 00d7 3F       		.uleb128 0x3f
 576 00d8 19       		.uleb128 0x19
 577 00d9 3C       		.uleb128 0x3c
 578 00da 19       		.uleb128 0x19
 579 00db 6E       		.uleb128 0x6e
 580 00dc 0E       		.uleb128 0xe
 581 00dd 03       		.uleb128 0x3
 582 00de 0E       		.uleb128 0xe
 583 00df 3A       		.uleb128 0x3a
 584 00e0 0B       		.uleb128 0xb
 585 00e1 3B       		.uleb128 0x3b
 586 00e2 0B       		.uleb128 0xb
 587 00e3 00       		.byte	0
ARM GAS  C:\Users\mrgas\AppData\Local\Temp\ccYSnTad.s 			page 12


 588 00e4 00       		.byte	0
 589 00e5 00       		.byte	0
 590              		.section	.debug_loc,"",%progbits
 591              	.Ldebug_loc0:
 592              	.LLST0:
 593 0000 0A000000 		.4byte	.LVL2
 594 0004 0E000000 		.4byte	.LVL3
 595 0008 0200     		.2byte	0x2
 596 000a 30       		.byte	0x30
 597 000b 9F       		.byte	0x9f
 598 000c 0E000000 		.4byte	.LVL3
 599 0010 20000000 		.4byte	.LVL7
 600 0014 0100     		.2byte	0x1
 601 0016 54       		.byte	0x54
 602 0017 00000000 		.4byte	0
 603 001b 00000000 		.4byte	0
 604              		.section	.debug_aranges,"",%progbits
 605 0000 2C000000 		.4byte	0x2c
 606 0004 0200     		.2byte	0x2
 607 0006 00000000 		.4byte	.Ldebug_info0
 608 000a 04       		.byte	0x4
 609 000b 00       		.byte	0
 610 000c 0000     		.2byte	0
 611 000e 0000     		.2byte	0
 612 0010 00000000 		.4byte	.LFB63
 613 0014 10000000 		.4byte	.LFE63-.LFB63
 614 0018 00000000 		.4byte	.LFB64
 615 001c 10000000 		.4byte	.LFE64-.LFB64
 616 0020 00000000 		.4byte	.LFB65
 617 0024 24000000 		.4byte	.LFE65-.LFB65
 618 0028 00000000 		.4byte	0
 619 002c 00000000 		.4byte	0
 620              		.section	.debug_ranges,"",%progbits
 621              	.Ldebug_ranges0:
 622 0000 00000000 		.4byte	.LFB63
 623 0004 10000000 		.4byte	.LFE63
 624 0008 00000000 		.4byte	.LFB64
 625 000c 10000000 		.4byte	.LFE64
 626 0010 00000000 		.4byte	.LFB65
 627 0014 24000000 		.4byte	.LFE65
 628 0018 00000000 		.4byte	0
 629 001c 00000000 		.4byte	0
 630              		.section	.debug_line,"",%progbits
 631              	.Ldebug_line0:
 632 0000 A0010000 		.section	.debug_str,"MS",%progbits,1
 632      02005601 
 632      00000201 
 632      FB0E0D00 
 632      01010101 
 633              	.LASF23:
 634 0000 7475726E 		.ascii	"turnON\000"
 634      4F4E00
 635              	.LASF4:
 636 0007 5F5F7569 		.ascii	"__uint8_t\000"
 636      6E74385F 
 636      7400
 637              	.LASF5:
ARM GAS  C:\Users\mrgas\AppData\Local\Temp\ccYSnTad.s 			page 13


 638 0011 5F5F696E 		.ascii	"__int32_t\000"
 638      7433325F 
 638      7400
 639              	.LASF25:
 640 001b 72657175 		.ascii	"requestStatus\000"
 640      65737453 
 640      74617475 
 640      7300
 641              	.LASF29:
 642 0029 5350495F 		.ascii	"SPI_Master_Comm.c\000"
 642      4D617374 
 642      65725F43 
 642      6F6D6D2E 
 642      6300
 643              	.LASF15:
 644 003b 666C6F61 		.ascii	"float\000"
 644      7400
 645              	.LASF1:
 646 0041 756E7369 		.ascii	"unsigned char\000"
 646      676E6564 
 646      20636861 
 646      7200
 647              	.LASF28:
 648 004f 474E5520 		.ascii	"GNU C11 5.4.1 20160609 (release) [ARM/embedded-5-br"
 648      43313120 
 648      352E342E 
 648      31203230 
 648      31363036 
 649 0082 616E6368 		.ascii	"anch revision 237715] -mcpu=cortex-m3 -mthumb -g -O"
 649      20726576 
 649      6973696F 
 649      6E203233 
 649      37373135 
 650 00b5 67202D66 		.ascii	"g -ffunction-sections -ffat-lto-objects\000"
 650      66756E63 
 650      74696F6E 
 650      2D736563 
 650      74696F6E 
 651              	.LASF8:
 652 00dd 6C6F6E67 		.ascii	"long unsigned int\000"
 652      20756E73 
 652      69676E65 
 652      6420696E 
 652      7400
 653              	.LASF3:
 654 00ef 73686F72 		.ascii	"short unsigned int\000"
 654      7420756E 
 654      7369676E 
 654      65642069 
 654      6E7400
 655              	.LASF24:
 656 0102 7475726E 		.ascii	"turnOFF\000"
 656      4F464600 
 657              	.LASF22:
 658 010a 49544D5F 		.ascii	"ITM_RxBuffer\000"
 658      52784275 
 658      66666572 
ARM GAS  C:\Users\mrgas\AppData\Local\Temp\ccYSnTad.s 			page 14


 658      00
 659              	.LASF20:
 660 0117 7475726E 		.ascii	"turnOnLed\000"
 660      4F6E4C65 
 660      6400
 661              	.LASF16:
 662 0121 646F7562 		.ascii	"double\000"
 662      6C6500
 663              	.LASF7:
 664 0128 5F5F7569 		.ascii	"__uint32_t\000"
 664      6E743332 
 664      5F7400
 665              	.LASF11:
 666 0133 756E7369 		.ascii	"unsigned int\000"
 666      676E6564 
 666      20696E74 
 666      00
 667              	.LASF10:
 668 0140 6C6F6E67 		.ascii	"long long unsigned int\000"
 668      206C6F6E 
 668      6720756E 
 668      7369676E 
 668      65642069 
 669              	.LASF12:
 670 0157 75696E74 		.ascii	"uint8_t\000"
 670      385F7400 
 671              	.LASF13:
 672 015f 696E7433 		.ascii	"int32_t\000"
 672      325F7400 
 673              	.LASF19:
 674 0167 73697A65 		.ascii	"sizetype\000"
 674      74797065 
 674      00
 675              	.LASF9:
 676 0170 6C6F6E67 		.ascii	"long long int\000"
 676      206C6F6E 
 676      6720696E 
 676      7400
 677              	.LASF17:
 678 017e 63686172 		.ascii	"char\000"
 678      00
 679              	.LASF27:
 680 0183 5350494D 		.ascii	"SPIM_1_ReadRxData\000"
 680      5F315F52 
 680      65616452 
 680      78446174 
 680      6100
 681              	.LASF2:
 682 0195 73686F72 		.ascii	"short int\000"
 682      7420696E 
 682      7400
 683              	.LASF21:
 684 019f 7475726E 		.ascii	"turnOffLed\000"
 684      4F66664C 
 684      656400
 685              	.LASF30:
 686 01aa 433A5C55 		.ascii	"C:\\Users\\mrgas\\Documents\\PSoC Creator\\Projects"
ARM GAS  C:\Users\mrgas\AppData\Local\Temp\ccYSnTad.s 			page 15


 686      73657273 
 686      5C6D7267 
 686      61735C44 
 686      6F63756D 
 687 01d8 5C436F6D 		.ascii	"\\Communication_Buses\\SPI.cydsn\000"
 687      6D756E69 
 687      63617469 
 687      6F6E5F42 
 687      75736573 
 688              	.LASF14:
 689 01f7 75696E74 		.ascii	"uint32_t\000"
 689      33325F74 
 689      00
 690              	.LASF6:
 691 0200 6C6F6E67 		.ascii	"long int\000"
 691      20696E74 
 691      00
 692              	.LASF18:
 693 0209 6C6F6E67 		.ascii	"long double\000"
 693      20646F75 
 693      626C6500 
 694              	.LASF0:
 695 0215 7369676E 		.ascii	"signed char\000"
 695      65642063 
 695      68617200 
 696              	.LASF26:
 697 0221 5350494D 		.ascii	"SPIM_1_WriteTxData\000"
 697      5F315F57 
 697      72697465 
 697      54784461 
 697      746100
 698              	.LASF31:
 699 0234 6765744C 		.ascii	"getLedStatus\000"
 699      65645374 
 699      61747573 
 699      00
 700              		.ident	"GCC: (GNU Tools for ARM Embedded Processors) 5.4.1 20160609 (release) [ARM/embedded-5-bran
