--------------- Clean Started: 09/18/2018 09:35:35 Project: I2C, Configuration: ARM GCC 5.4-2016-q2-update Debug ---------------
Deleting file ".\CortexM3\ARM_GCC_541\Debug\main.o"
Deleting file ".\CortexM3\ARM_GCC_541\Debug\Temp_Converter.o"
Deleting file ".\CortexM3\ARM_GCC_541\Debug\I2C_Comm.o"
Deleting file ".\CortexM3\ARM_GCC_541\Debug\cyfitter_cfg.o"
Deleting file ".\CortexM3\ARM_GCC_541\Debug\cymetadata.o"
Deleting file ".\CortexM3\ARM_GCC_541\Debug\UART_1.o"
Deleting file ".\CortexM3\ARM_GCC_541\Debug\UART_1_PM.o"
Deleting file ".\CortexM3\ARM_GCC_541\Debug\UART_1_INT.o"
Deleting file ".\CortexM3\ARM_GCC_541\Debug\UART_1_BOOT.o"
Deleting file ".\CortexM3\ARM_GCC_541\Debug\SDA_1.o"
Deleting file ".\CortexM3\ARM_GCC_541\Debug\isr_1.o"
Deleting file ".\CortexM3\ARM_GCC_541\Debug\SCL_1.o"
Deleting file ".\CortexM3\ARM_GCC_541\Debug\Clock_1.o"
Deleting file ".\CortexM3\ARM_GCC_541\Debug\RST_1.o"
Deleting file ".\CortexM3\ARM_GCC_541\Debug\I2C_Master.o"
Deleting file ".\CortexM3\ARM_GCC_541\Debug\I2C_Master_BOOT.o"
Deleting file ".\CortexM3\ARM_GCC_541\Debug\I2C_Master_INT.o"
Deleting file ".\CortexM3\ARM_GCC_541\Debug\I2C_Master_PM.o"
Deleting file ".\CortexM3\ARM_GCC_541\Debug\I2C_Master_SLAVE.o"
Deleting file ".\CortexM3\ARM_GCC_541\Debug\I2C_Master_MASTER.o"
Deleting file ".\CortexM3\ARM_GCC_541\Debug\UART_1_IntClock.o"
Deleting file ".\CortexM3\ARM_GCC_541\Debug\Cm3Start.o"
Deleting file ".\CortexM3\ARM_GCC_541\Debug\CyBootAsmGnu.o"
Deleting file ".\CortexM3\ARM_GCC_541\Debug\CyDmac.o"
Deleting file ".\CortexM3\ARM_GCC_541\Debug\CyFlash.o"
Deleting file ".\CortexM3\ARM_GCC_541\Debug\CyLib.o"
Deleting file ".\CortexM3\ARM_GCC_541\Debug\cyPm.o"
Deleting file ".\CortexM3\ARM_GCC_541\Debug\CySpc.o"
Deleting file ".\CortexM3\ARM_GCC_541\Debug\cyutils.o"
Deleting file ".\CortexM3\ARM_GCC_541\Debug\cy_em_eeprom.o"
Deleting file ".\CortexM3\ARM_GCC_541\Debug\I2C.hex"
Deleting file ".\CortexM3\ARM_GCC_541\Debug\I2C.elf"
Deleting file ".\CortexM3\ARM_GCC_541\Debug\I2C.map"
Deleting file ".\I2C.cycdx"
Deleting file ".\I2C.svd"
Deleting file ".\I2C.rpt"
Deleting file ".\I2C_timing.html"
Deleting file ".\CortexM3\ARM_GCC_541\Debug\.deps\SOURCE_C__ARM_GCC_GENERIC.P"
Deleting file ".\CortexM3\ARM_GCC_541\Debug\.deps\SOURCE_ASM__ARM_GCC_GENERIC.P"
--------------- Clean Succeeded: 09/18/2018 09:35:36 ---------------
